4174,2019113,13.08.2019,142400,3100,-1,-1,-1,-1,-1,-1,03324.039,6940.599728 N,01859.125969 E,0.00,,,-1,-999.00,-999.00,,,-999.00,-999.00,-1,-1,-1,-1,-1,0.0,229.09,,*5c
4174,2019113,13.08.2019,142500,3100,-1,-1,-1,-1,-1,-1,03324.039,6940.599757 N,01859.125709 E,0.00,,,-1,15.5,10.0,8.1,19,1002.3,69,-1,-1,-1,-1,-1,0.0,229.13,,*5c
4174,2019113,13.08.2019,142600,3100,-1,-1,-1,-1,-1,-1,03324.039,6940.599881 N,01859.125230 E,0.00,,,-1,15.8,10.0,6.8,17,1002.3,68,-1,-1,-1,-1,-1,0.0,229.48,,*5c
4174,2019113,13.08.2019,142700,3100,-1,-1,-1,-1,-1,-1,03324.039,6940.599734 N,01859.125788 E,0.00,,,-1,15.8,10.0,6.3,23,1002.3,68,-1,-1,-1,-1,-1,0.0,229.04,,*5c
4174,2019113,13.08.2019,142800,3100,-1,-1,-1,-1,-1,-1,03324.039,6940.599781 N,01859.125634 E,0.00,,,-1,15.7,10.0,8.4,23,1002.3,68,-1,-1,-1,-1,-1,0.0,229.16,,*5c
4174,2019113,13.08.2019,142900,3100,-1,-1,-1,-1,-1,-1,03324.039,6940.599793 N,01859.125548 E,0.00,,,-1,15.6,10.0,,,1002.3,68,-1,-1,-1,-1,-1,0.0,229.28,,*5c
4174,2019113,13.08.2019,143000,3100,-1,-1,-1,-1,-1,-1,03324.039,6940.599780 N,01859.125738 E,0.00,,,-1,15.8,10.0,6.1,13,1002.3,68,-1,-1,-1,-1,-1,0.0,229.24,,*5c
4174,2019113,13.08.2019,143100,3100,-1,-1,-1,-1,-1,-1,03324.039,6940.599810 N,01859.125454 E,0.00,,,-1,15.6,10.0,6.5,18,1002.3,68,-1,-1,-1,-1,-1,0.0,229.26,,*5c
4174,2019113,13.08.2019,143200,3100,-1,-1,-1,-1,-1,-1,03324.039,6940.599847 N,01859.125443 E,0.00,,,-1,15.7,10.0,6.4,25,1002.3,68,-1,-1,-1,-1,-1,0.0,229.38,,*5c
4174,2019113,13.08.2019,143300,3100,-1,-1,-1,-1,-1,-1,03324.039,6940.599766 N,01859.125761 E,0.00,,,-1,15.7,10.0,5.9,357,1002.3,68,-1,-1,-1,-1,-1,0.0,229.13,,*5c
4174,2019113,13.08.2019,143400,3100,-1,-1,-1,-1,-1,-1,03324.039,6940.599747 N,01859.125767 E,0.00,,,-1,15.9,10.0,7.3,3,1002.3,68,-1,-1,-1,-1,-1,0.0,229.13,,*5c
4174,2019113,13.08.2019,143500,3100,-1,-1,-1,-1,-1,-1,03324.039,6940.599742 N,01859.125863 E,0.00,,,-1,15.7,10.0,6.8,13,1002.3,67,-1,-1,-1,-1,-1,0.0,229.16,,*5c
4174,2019113,13.08.2019,143600,3100,-1,-1,-1,-1,-1,-1,03324.039,6940.599963 N,01859.125138 E,0.00,,,-1,15.6,10.0,7.9,6,1002.3,68,-1,-1,-1,-1,-1,0.0,229.01,,*5c
4174,2019113,13.08.2019,143700,3100,-1,-1,-1,-1,-1,-1,03324.039,6940.599975 N,01859.125127 E,0.00,,,-1,15.6,10.0,7.6,3,1002.3,68,-1,-1,-1,-1,-1,0.0,228.93,,*5c
4174,2019113,13.08.2019,143800,3100,-1,-1,-1,-1,-1,-1,03324.039,6940.599967 N,01859.125117 E,0.00,,,-1,15.8,10.0,6.3,26,1002.3,67,-1,-1,-1,-1,-1,0.0,228.92,,*5c
4174,2019113,13.08.2019,143900,3100,-1,-1,-1,-1,-1,-1,03324.039,6940.599971 N,01859.125133 E,0.00,,,-1,-999.00,-999.00,7.6,24,-999.00,-999.00,-1,-1,-1,-1,-1,0.0,228.91,,*5c
4174,2019113,13.08.2019,144000,3100,-1,-1,-1,-1,-1,-1,03324.039,6940.599972 N,01859.125128 E,0.00,,,-1,15.8,10.0,6.4,19,1002.3,67,-1,-1,-1,-1,-1,0.0,228.90,,*5c
4174,2019113,13.08.2019,144100,3100,-1,-1,-1,-1,-1,-1,03324.039,6940.599967 N,01859.125134 E,0.00,,,-1,15.9,10.0,,,1002.3,68,-1,-1,-1,-1,-1,0.0,228.91,,*5c
4174,2019113,13.08.2019,144200,3100,-1,-1,-1,-1,-1,-1,03324.039,6940.599974 N,01859.125145 E,0.00,,,-1,15.9,10.0,5.3,28,1002.3,68,-1,-1,-1,-1,-1,0.0,228.91,,*5c
4174,2019113,13.08.2019,144300,3100,-1,-1,-1,-1,-1,-1,03324.039,6940.599969 N,01859.125124 E,0.00,,,-1,15.6,10.0,7.2,8,1002.3,68,-1,-1,-1,-1,-1,0.0,228.93,,*5c
4174,2019113,13.08.2019,144400,3100,-1,-1,-1,-1,-1,-1,03324.039,6940.599976 N,01859.125137 E,0.00,,,-1,15.6,10.0,7.0,356,1002.3,68,-1,-1,-1,-1,-1,0.0,228.92,,*5c
4174,2019113,13.08.2019,144500,3100,-1,-1,-1,-1,-1,-1,03324.041,6940.595921 N,01859.132336 E,0.00,,,-1,15.6,10.0,5.5,25,1002.3,69,-1,-1,-1,-1,-1,0.7,227.36,,*5c
4174,2019113,13.08.2019,144600,3100,-1,-1,-1,-1,-1,-1,03324.054,6940.581203 N,01859.152060 E,0.00,,,-1,15.9,10.0,6.8,15,1002.3,68,-1,-1,-1,-1,-1,1.3,213.83,,*5c
4174,2019113,13.08.2019,144700,3100,-1,-1,-1,-1,-1,-1,03324.078,6940.554962 N,01859.157679 E,0.00,,,-1,15.8,10.0,8.5,20,1002.3,68,-1,-1,-1,-1,-1,2.2,177.18,,*5c
4174,2019113,13.08.2019,144800,3100,-1,-1,-1,-1,-1,-1,03324.114,6940.518780 N,01859.192528 E,0.00,,,-1,15.8,10.0,,,1002.3,68,-1,-1,-1,-1,-1,3.2,127.18,,*5c
4174,2019113,13.08.2019,144900,3100,-1,-1,-1,-1,-1,-1,03324.170,6940.484892 N,01859.342241 E,0.00,,,-1,-999.00,-999.00,,24,-999.00,-999.00,-1,-1,-1,-1,-1,4.8,93.35,,*5c
4174,2019113,13.08.2019,145000,3100,-1,-1,-1,-1,-1,-1,03324.254,6940.482238 N,01859.604023 E,0.00,,,-1,15.3,10.0,9.1,15,1002.4,68,-1,-1,-1,-1,-1,6.5,74.73,,*5c
4174,2019113,13.08.2019,145100,3100,-1,-1,-1,-1,-1,-1,03324.364,6940.515571 N,01859.925041 E,0.00,,,-1,,,11.8,16,,,-1,-1,-1,-1,-1,7.6,62.57,,*5c
4174,2019113,13.08.2019,145200,3100,-1,-1,-1,-1,-1,-1,03324.493,6940.575483 N,01900.262144 E,0.00,,,-1,15.1,10.0,12.2,15,1002.4,70,-1,-1,-1,-1,-1,8.3,56.04,,*5c
4174,2019113,13.08.2019,145300,3100,-1,-1,-1,-1,-1,-1,03324.631,6940.655201 N,01900.592053 E,0.00,,,-1,14.5,10.0,16.7,16,1002.4,72,-1,-1,-1,-1,-1,8.6,49.86,,*5c
4174,2019113,13.08.2019,145400,3100,-1,-1,-1,-1,-1,-1,03324.773,6940.751748 N,01900.900344 E,0.00,,,-1,14.6,10.0,16.2,13,1002.4,72,-1,-1,-1,-1,-1,9.1,41.78,,*5c
4174,2019113,13.08.2019,145500,3100,-1,-1,-1,-1,-1,-1,03324.927,6940.868382 N,01901.199669 E,0.00,,,-1,14.9,10.0,13.1,11,1002.3,71,-1,-1,-1,-1,-1,9.7,38.67,,*5c
4174,2019113,13.08.2019,145600,3100,-1,-1,-1,-1,-1,-1,03325.089,6940.995875 N,01901.496300 E,0.00,,,-1,-999.00,-999.00,13.4,15,-999.00,-999.00,-1,-1,-1,-1,-1,10.0,36.69,,*5c
4174,2019113,13.08.2019,145700,3100,-1,-1,-1,-1,-1,-1,03325.258,6941.129959 N,01901.789880 E,0.00,,,-1,15.1,9.9,17.9,15,1002.1,70,-1,-1,-1,-1,-1,10.3,36.35,,*5c
4174,2019113,13.08.2019,145800,3100,-1,-1,-1,-1,-1,-1,03325.426,6941.270531 N,01902.067328 E,0.00,,,-1,14.9,9.9,12.5,8,1002.1,71,-1,-1,-1,-1,-1,10.3,30.05,,*5c
4174,2019113,13.08.2019,145900,3100,-1,-1,-1,-1,-1,-1,03325.598,6941.420281 N,01902.310880 E,0.00,,,-1,14.9,9.9,11.9,7,1002.1,71,-1,-1,-1,-1,-1,10.4,28.85,,*5c
4174,2019113,13.08.2019,150000,3100,-1,-1,-1,-1,-1,-1,03325.769,6941.574960 N,01902.540003 E,0.00,,,-1,15.1,9.9,16.2,15,1001.9,70,-1,-1,-1,-1,-1,10.5,23.02,,*5c
4174,2019113,13.08.2019,150100,3100,-1,-1,-1,-1,-1,-1,03325.946,6941.739009 N,01902.707139 E,0.00,,,-1,15.0,9.9,16.6,14,1002.0,70,-1,-1,-1,-1,-1,10.6,11.01,,*5c
4174,2019113,13.08.2019,150200,3100,-1,-1,-1,-1,-1,-1,03326.121,6941.912190 N,01902.780399 E,0.00,,,-1,14.9,9.9,16.2,20,1002.0,70,-1,-1,-1,-1,-1,10.6,6.75,,*5c
4174,2019113,13.08.2019,150300,3100,-1,-1,-1,-1,-1,-1,03326.296,6942.088620 N,01902.834365 E,0.00,,,-1,14.9,9.9,,,1002.0,71,-1,-1,-1,-1,-1,10.7,6.70,,*5c
4174,2019113,13.08.2019,150400,3100,-1,-1,-1,-1,-1,-1,03326.476,6942.266157 N,01902.889109 E,0.00,,,-1,-999.00,-999.00,15.9,15,-999.00,-999.00,-1,-1,-1,-1,-1,10.8,6.71,,*5c
4174,2019113,13.08.2019,150500,3100,-1,-1,-1,-1,-1,-1,03326.654,6942.444511 N,01902.939045 E,0.00,,,-1,14.9,9.9,16.1,17,1002.0,71,-1,-1,-1,-1,-1,10.8,5.77,,*5c
4174,2019113,13.08.2019,150600,3100,-1,-1,-1,-1,-1,-1,03326.834,6942.623851 N,01902.986475 E,0.00,,,-1,-999.00,-999.00,,24,-999.00,-999.00,-1,-1,-1,-1,-1,10.9,6.06,,*5c
4174,2019113,13.08.2019,150700,3100,-1,-1,-1,-1,-1,-1,03327.014,6942.804058 N,01903.034801 E,0.00,,,-1,14.8,9.9,16.3,27,1001.9,71,-1,-1,-1,-1,-1,10.9,6.18,,*5c
4174,2019113,13.08.2019,150800,3100,-1,-1,-1,-1,-1,-1,03327.196,6942.984623 N,01903.090941 E,0.00,,,-1,14.8,9.9,10.9,21,1001.9,71,-1,-1,-1,-1,-1,10.9,7.99,,*5c
4174,2019113,13.08.2019,150900,3100,-1,-1,-1,-1,-1,-1,03327.376,6943.164724 N,01903.159889 E,0.00,,,-1,-999.00,-999.00,11.0,24,-999.00,-999.00,-1,-1,-1,-1,-1,11.0,8.10,,*5c
4174,2019113,13.08.2019,151000,3100,-1,-1,-1,-1,-1,-1,03327.560,6943.345599 N,01903.221902 E,0.00,,,-1,14.9,9.9,10.0,32,1001.9,71,-1,-1,-1,-1,-1,11.0,7.35,,*5c
4174,2019113,13.08.2019,151100,3100,-1,-1,-1,-1,-1,-1,03327.742,6943.526803 N,01903.279085 E,0.00,,,-1,14.9,9.9,9.0,33,1001.9,71,-1,-1,-1,-1,-1,11.0,7.50,,*5c
4174,2019113,13.08.2019,151200,3100,-1,-1,-1,-1,-1,-1,03327.922,6943.707749 N,01903.337894 E,0.00,,,-1,-999.00,-999.00,9.2,22,-999.00,-999.00,-1,-1,-1,-1,-1,11.0,8.74,,*5c
4174,2019113,13.08.2019,151300,3100,-1,-1,-1,-1,-1,-1,03328.106,6943.888547 N,01903.405853 E,0.00,,,-1,14.9,9.9,9.1,21,1001.9,71,-1,-1,-1,-1,-1,11.0,9.48,,*5c
4174,2019113,13.08.2019,151400,3100,-1,-1,-1,-1,-1,-1,03328.286,6944.068520 N,01903.472417 E,0.00,,,-1,14.9,9.9,,,1001.9,71,-1,-1,-1,-1,-1,10.9,9.56,,*5c
4174,2019113,13.08.2019,151500,3100,-1,-1,-1,-1,-1,-1,03328.468,6944.247723 N,01903.545190 E,0.00,,,-1,-999.00,-999.00,15.6,20,-999.00,-999.00,-1,-1,-1,-1,-1,10.9,9.80,,*5c
4174,2019113,13.08.2019,151600,3100,-1,-1,-1,-1,-1,-1,03328.646,6944.425286 N,01903.617727 E,0.00,,,-1,14.9,9.9,16.3,18,1001.7,71,-1,-1,-1,-1,-1,10.7,9.53,,*5c
4174,2019113,13.08.2019,151700,3100,-1,-1,-1,-1,-1,-1,03328.822,6944.592912 N,01903.743182 E,0.00,,,-1,-999.00,-999.00,,19,-999.00,-999.00,-1,-1,-1,-1,-1,10.2,24.46,,*5c
4174,2019113,13.08.2019,151800,3100,-1,-1,-1,-1,-1,-1,03328.992,6944.747771 N,01903.956317 E,0.00,,,-1,14.9,9.9,15.2,19,1001.7,71,-1,-1,-1,-1,-1,10.4,26.91,,*5c
4174,2019113,13.08.2019,151900,3100,-1,-1,-1,-1,-1,-1,03329.166,6944.903790 N,01904.183068 E,0.00,,,-1,14.9,9.9,15.9,23,1001.7,71,-1,-1,-1,-1,-1,10.6,26.67,,*5c
4174,2019113,13.08.2019,152000,3100,-1,-1,-1,-1,-1,-1,03329.342,6945.060377 N,01904.416554 E,0.00,,,-1,14.8,10.0,,,1001.8,71,-1,-1,-1,-1,-1,10.7,28.94,,*5c
4174,2019113,13.08.2019,152100,3100,-1,-1,-1,-1,-1,-1,03329.520,6945.215632 N,01904.671135 E,0.00,,,-1,-999.00,-999.00,16.5,17,-999.00,-999.00,-1,-1,-1,-1,-1,10.8,31.67,,*5c
4174,2019113,13.08.2019,152200,3100,-1,-1,-1,-1,-1,-1,03329.700,6945.366664 N,01904.951157 E,0.00,,,-1,14.7,10.0,16.5,19,1001.8,71,-1,-1,-1,-1,-1,10.7,37.65,,*5c
4174,2019113,13.08.2019,152300,3100,-1,-1,-1,-1,-1,-1,03329.878,6945.502570 N,01905.283425 E,0.00,,,-1,-999.00,-999.00,,18,-999.00,-999.00,-1,-1,-1,-1,-1,10.5,51.85,,*5c
4174,2019113,13.08.2019,152400,3100,-1,-1,-1,-1,-1,-1,03330.052,6945.590972 N,01905.714524 E,0.00,,,-1,14.6,10.0,15.0,12,1001.8,71,-1,-1,-1,-1,-1,10.5,67.11,,*5c
4174,2019113,13.08.2019,152500,3100,-1,-1,-1,-1,-1,-1,03330.224,6945.659532 N,01906.178660 E,0.00,,,-1,-999.00,-999.00,9.1,24,-999.00,-999.00,-1,-1,-1,-1,-1,10.6,67.31,,*5c
4174,2019113,13.08.2019,152600,3100,-1,-1,-1,-1,-1,-1,03330.402,6945.730043 N,01906.645440 E,0.00,,,-1,14.6,9.9,14.0,32,1001.8,72,-1,-1,-1,-1,-1,10.6,67.45,,*5c
4174,2019113,13.08.2019,152700,3100,-1,-1,-1,-1,-1,-1,03330.580,6945.801534 N,01907.111608 E,0.00,,,-1,-999.00,-999.00,9.1,23,-999.00,-999.00,-1,-1,-1,-1,-1,10.6,67.62,,*5c
4174,2019113,13.08.2019,152800,3100,-1,-1,-1,-1,-1,-1,03330.754,6945.872523 N,01907.575682 E,0.00,,,-1,14.5,9.9,8.5,24,1001.8,72,-1,-1,-1,-1,-1,10.6,67.30,,*5c
4174,2019113,13.08.2019,152900,3100,-1,-1,-1,-1,-1,-1,03330.930,6945.942521 N,01908.039982 E,0.00,,,-1,14.4,9.9,,,1001.9,73,-1,-1,-1,-1,-1,10.5,67.15,,*5c
4174,2019113,13.08.2019,153000,3100,-1,-1,-1,-1,-1,-1,03331.102,6946.011664 N,01908.501251 E,71.86,,,-1,-999.00,-999.00,,,-999.00,-999.00,-1,-1,-1,-1,-1,10.5,67.00,,*5c
4174,2019113,13.08.2019,153100,3100,-1,-1,-1,-1,-1,-1,03331.276,6946.080514 N,01908.959885 E,74.84,,,-1,13.4,9.8,11.6,51,1001.8,74,-1,-1,-1,-1,-1,10.4,64.77,,*5c
4174,2019113,13.08.2019,153200,3100,-1,-1,-1,-1,-1,-1,03331.448,6946.153476 N,01909.413122 E,80.11,,,-1,13.3,9.8,11.6,48,1001.8,75,-1,-1,-1,-1,-1,10.4,65.81,,*5c
4174,2019113,13.08.2019,153300,3100,-1,-1,-1,-1,-1,-1,03331.622,6946.226525 N,01909.867069 E,83.16,,,-1,-999.00,-999.00,11.9,47,-999.00,-999.00,-1,-1,-1,-1,-1,10.4,66.00,,*5c
4174,2019113,13.08.2019,153400,3100,-1,-1,-1,-1,-1,-1,03331.792,6946.298769 N,01910.316233 E,79.24,,,-1,13.3,9.8,15.9,49,1001.8,75,-1,-1,-1,-1,-1,10.3,66.01,,*5c
4174,2019113,13.08.2019,153500,3100,-1,-1,-1,-1,-1,-1,03331.964,6946.369914 N,01910.762090 E,79.11,,,-1,-999.00,-999.00,12.2,57,-999.00,-999.00,-1,-1,-1,-1,-1,10.2,65.83,,*5c
4174,2019113,13.08.2019,153600,3100,-1,-1,-1,-1,-1,-1,03332.134,6946.437548 N,01911.212475 E,76.40,,,-1,12.6,9.4,12.3,57,1001.7,79,-1,-1,-1,-1,-1,10.2,67.81,,*5c
4174,2019113,13.08.2019,153700,3100,-1,-1,-1,-1,-1,-1,03332.302,6946.502539 N,01911.667180 E,70.49,,,-1,12.5,9.4,,,1001.7,79,-1,-1,-1,-1,-1,10.3,67.86,,*5c
4174,2019113,13.08.2019,153800,3100,-1,-1,-1,-1,-1,-1,03332.474,6946.567011 N,01912.123656 E,61.04,,,-1,-999.00,-999.00,12.0,59,-999.00,-999.00,-1,-1,-1,-1,-1,10.3,67.77,,*5c
4174,2019113,13.08.2019,153900,3100,-1,-1,-1,-1,-1,-1,03332.642,6946.632305 N,01912.580091 E,48.65,,,-1,12.5,9.4,16.9,59,1001.7,78,-1,-1,-1,-1,-1,10.3,67.79,,*5c
4174,2019113,13.08.2019,154000,3100,-1,-1,-1,-1,-1,-1,03332.814,6946.698111 N,01913.036382 E,42.68,,,-1,-999.00,-999.00,16.7,64,-999.00,-999.00,-1,-1,-1,-1,-1,10.3,67.82,,*5c
4174,2019113,13.08.2019,154100,3100,-1,-1,-1,-1,-1,-1,03332.982,6946.764249 N,01913.491994 E,61.42,,,-1,12.0,9.2,,,1001.7,82,-1,-1,-1,-1,-1,10.3,67.75,,*5c
4174,2019113,13.08.2019,154200,3100,-1,-1,-1,-1,-1,-1,03333.154,6946.829665 N,01913.947777 E,62.10,,,-1,-999.00,-999.00,16.0,65,-999.00,-999.00,-1,-1,-1,-1,-1,10.3,67.88,,*5c
4174,2019113,13.08.2019,154300,3100,-1,-1,-1,-1,-1,-1,03333.322,6946.894285 N,01914.406263 E,51.91,,,-1,12.0,9.2,17.1,63,1001.7,82,-1,-1,-1,-1,-1,10.3,67.58,,*5c
4174,2019113,13.08.2019,154400,3100,-1,-1,-1,-1,-1,-1,03333.496,6946.959080 N,01914.866753 E,78.61,,,-1,-999.00,-999.00,17.3,62,-999.00,-999.00,-1,-1,-1,-1,-1,10.4,67.56,,*5c
4174,2019113,13.08.2019,154500,3100,-1,-1,-1,-1,-1,-1,03333.666,6947.021959 N,01915.332156 E,76.68,,,-1,-999.00,-999.00,12.0,65,-999.00,-999.00,-1,-1,-1,-1,-1,10.4,69.25,,*5c
4174,2019113,13.08.2019,154600,3100,-1,-1,-1,-1,-1,-1,03333.839,6947.083351 N,01915.801436 E,113.97,,,-1,11.8,9.2,11.8,64,1001.9,82,-1,-1,-1,-1,-1,10.4,69.59,,*5c
4174,2019113,13.08.2019,154700,3100,-1,-1,-1,-1,-1,-1,03334.014,6947.145299 N,01916.268442 E,131.79,,,-1,-999.00,-999.00,,,-999.00,-999.00,-1,-1,-1,-1,-1,10.3,69.73,,*5c
4174,2019113,13.08.2019,154800,3100,-1,-1,-1,-1,-1,-1,03334.184,6947.205943 N,01916.729049 E,161.14,,,-1,11.7,9.2,12.2,63,1001.9,82,-1,-1,-1,-1,-1,10.2,69.66,,*5c
4174,2019113,13.08.2019,154900,3100,-1,-1,-1,-1,-1,-1,03334.354,6947.266263 N,01917.187241 E,162.94,,,-1,11.7,9.2,17.1,65,1002.0,82,-1,-1,-1,-1,-1,10.2,69.66,,*5c
4174,2019113,13.08.2019,155000,3100,-1,-1,-1,-1,-1,-1,03334.522,6947.325730 N,01917.644952 E,167.40,,,-1,-999.00,-999.00,11.7,64,-999.00,-999.00,-1,-1,-1,-1,-1,10.1,69.60,,*5c
4174,2019113,13.08.2019,155100,3100,-1,-1,-1,-1,-1,-1,03334.692,6947.382393 N,01918.103693 E,162.65,,,-1,11.9,9.3,11.9,64,1002.1,82,-1,-1,-1,-1,-1,10.1,71.36,,*5c
4174,2019113,13.08.2019,155200,3100,-1,-1,-1,-1,-1,-1,03334.859,6947.431974 N,01918.570055 E,159.86,,,-1,11.9,9.3,,,1002.1,82,-1,-1,-1,-1,-1,10.2,73.35,,*5c
4174,2019113,13.08.2019,155300,3100,-1,-1,-1,-1,-1,-1,03335.028,6947.480604 N,01919.038628 E,158.39,,,-1,-999.00,-999.00,11.4,64,-999.00,-999.00,-1,-1,-1,-1,-1,10.2,72.32,,*5c
4174,2019113,13.08.2019,155400,3100,-1,-1,-1,-1,-1,-1,03335.198,6947.531698 N,01919.507209 E,158.29,,,-1,11.9,9.3,16.,62,1002.1,81,-1,-1,-1,-1,-1,10.2,72.68,,*5c
4174,2019113,13.08.2019,155500,3100,-1,-1,-1,-1,-1,-1,03335.367,6947.580924 N,01919.976453 E,153.24,,,-1,-999.00,-999.00,15.8,62,-999.00,-999.00,-1,-1,-1,-1,-1,10.2,72.11,,*5c
4174,2019113,13.08.2019,155600,3100,-1,-1,-1,-1,-1,-1,03335.537,6947.632553 N,01920.440915 E,156.55,,,-1,11.5,9.6,15.5,63,1002.3,86,-1,-1,-1,-1,-1,10.1,71.46,,*5c
4174,2019113,13.08.2019,155700,3100,-1,-1,-1,-1,-1,-1,03335.706,6947.683814 N,01920.907781 E,162.71,,,-1,11.5,9.6,,,1002.4,86,-1,-1,-1,-1,-1,10.2,71.51,,*5c
4174,2019113,13.08.2019,155800,3100,-1,-1,-1,-1,-1,-1,03335.876,6947.734658 N,01921.377436 E,170.20,,,-1,-999.00,-999.00,15.7,64,-999.00,-999.00,-1,-1,-1,-1,-1,10.3,70.97,,*5c
4174,2019113,13.08.2019,155900,3100,-1,-1,-1,-1,-1,-1,03336.046,6947.789183 N,01921.847107 E,174.64,,,-1,11.5,9.6,11.2,59,1002.4,86,-1,-1,-1,-1,-1,10.3,70.20,,*5c
4174,2019113,13.08.2019,160000,3100,-1,-1,-1,-1,-1,-1,03336.217,6947.845336 N,01922.319111 E,181.63,,,-1,11.5,9.6,11.1,59,1002.4,84,-1,-1,-1,-1,-1,10.4,70.46,,*5c
4174,2019113,13.08.2019,160100,3100,-1,-1,-1,-1,-1,-1,03336.389,6947.902787 N,01922.793477 E,184.47,,,-1,-999.00,-999.00,,,-999.00,-999.00,-1,-1,-1,-1,-1,10.5,69.72,,*5c
4174,2019113,13.08.2019,160200,3100,-1,-1,-1,-1,-1,-1,03336.566,6947.963236 N,01923.267665 E,196.57,,,-1,11.5,9.6,16.1,55,1002.4,84,-1,-1,-1,-1,-1,10.5,69.65,,*5c
4174,2019113,13.08.2019,160300,3100,-1,-1,-1,-1,-1,-1,03336.742,6948.024066 N,01923.744064 E,201.93,,,-1,11.5,9.6,16.2,56,1002.4,84,-1,-1,-1,-1,-1,10.6,69.49,,*5c
4174,2019113,13.08.2019,160400,3100,-1,-1,-1,-1,-1,-1,03336.916,6948.083999 N,01924.222199 E,205.81,,,-1,-999.00,-999.00,15.3,54,-999.00,-999.00,-1,-1,-1,-1,-1,10.6,69.27,,*5c
4174,2019113,13.08.2019,160500,3100,-1,-1,-1,-1,-1,-1,03337.092,6948.144564 N,01924.699860 E,197.92,,,-1,11.5,9.6,15.1,59,1002.7,84,-1,-1,-1,-1,-1,10.5,69.55,,*5c
4174,2019113,13.08.2019,160600,3100,-1,-1,-1,-1,-1,-1,03337.264,6948.202811 N,01925.172505 E,195.88,,,-1,-999.00,-999.00,15.6,56,-999.00,-999.00,-1,-1,-1,-1,-1,10.4,69.77,,*5c
4174,2019113,13.08.2019,160700,3100,-1,-1,-1,-1,-1,-1,03337.436,6948.263162 N,01925.637412 E,177.71,,,-1,11.5,9.6,15.5,55,1002.7,84,-1,-1,-1,-1,-1,10.3,70.08,,*5c
4174,2019113,13.08.2019,160800,3100,-1,-1,-1,-1,-1,-1,03337.606,6948.321850 N,01926.099519 E,182.33,,,-1,11.5,9.6,,,1002.6,84,-1,-1,-1,-1,-1,10.2,69.30,,*5c
4174,2019113,13.08.2019,160900,3100,-1,-1,-1,-1,-1,-1,03337.776,6948.380586 N,01926.559377 E,175.76,,,-1,-999.00,-999.00,16.0,57,-999.00,-999.00,-1,-1,-1,-1,-1,10.2,69.63,,*5c
4174,2019113,13.08.2019,161000,3100,-1,-1,-1,-1,-1,-1,03337.946,6948.438425 N,01927.022446 E,177.61,,,-1,-999.00,-999.00,14.4,55,-999.00,-999.00,-1,-1,-1,-1,-1,10.3,69.81,,*5c
4174,2019113,13.08.2019,161100,3100,-1,-1,-1,-1,-1,-1,03338.118,6948.497101 N,01927.489426 E,168.92,,,-1,11.6,10.0,15.4,58,1002.9,84,-1,-1,-1,-1,-1,10.4,69.41,,*5c
4174,2019113,13.08.2019,161200,3100,-1,-1,-1,-1,-1,-1,03338.289,6948.558284 N,01927.958284 E,162.09,,,-1,-999.00,-999.00,,,-999.00,-999.00,-1,-1,-1,-1,-1,10.4,69.88,,*5c
4174,2019113,13.08.2019,161300,3100,-1,-1,-1,-1,-1,-1,03338.464,6948.619217 N,01928.427545 E,159.83,,,-1,11.6,10.0,10.5,58,1002.9,85,-1,-1,-1,-1,-1,10.4,69.61,,*5c
4174,2019113,13.08.2019,161400,3100,-1,-1,-1,-1,-1,-1,03338.638,6948.680341 N,01928.897614 E,169.16,,,-1,11.7,10.0,15.1,43,1002.9,85,-1,-1,-1,-1,-1,10.5,69.61,,*5c
4174,2019113,13.08.2019,161500,3100,-1,-1,-1,-1,-1,-1,03338.809,6948.742214 N,01929.367522 E,166.28,,,-1,-999.00,-999.00,15.4,45,-999.00,-999.00,-1,-1,-1,-1,-1,10.5,69.73,,*5c
4174,2019113,13.08.2019,161600,3100,-1,-1,-1,-1,-1,-1,03338.984,6948.804163 N,01929.837595 E,163.51,,,-1,11.6,9.9,15.8,44,1002.9,82,-1,-1,-1,-1,-1,10.5,69.51,,*5c
4174,2019113,13.08.2019,161700,3100,-1,-1,-1,-1,-1,-1,03339.156,6948.866539 N,01930.306717 E,157.54,,,-1,11.6,9.9,15.9,46,1002.9,82,-1,-1,-1,-1,-1,10.4,69.77,,*5c
4174,2019113,13.08.2019,161800,3100,-1,-1,-1,-1,-1,-1,03339.329,6948.928112 N,01930.774740 E,162.43,,,-1,-999.00,-999.00,10.6,44,-999.00,-999.00,-1,-1,-1,-1,-1,10.4,69.54,,*5c
4174,2019113,13.08.2019,161900,3100,-1,-1,-1,-1,-1,-1,03339.502,6948.990151 N,01931.242552 E,163.42,,,-1,11.6,9.9,8.6,49,1002.9,83,-1,-1,-1,-1,-1,10.4,69.73,,*5c
4174,2019113,13.08.2019,162000,3100,-1,-1,-1,-1,-1,-1,03339.676,6949.051544 N,01931.711591 E,164.67,,,-1,-999.00,-999.00,8.8,47,-999.00,-999.00,-1,-1,-1,-1,-1,10.4,69.33,,*5c
4174,2019113,13.08.2019,162100,3100,-1,-1,-1,-1,-1,-1,03339.851,6949.112795 N,01932.179977 E,169.37,,,-1,11.1,10.0,8.7,47,1003.0,86,-1,-1,-1,-1,-1,10.4,69.74,,*5c
4174,2019113,13.08.2019,162200,3100,-1,-1,-1,-1,-1,-1,03340.022,6949.173105 N,01932.647755 E,168.90,,,-1,11.1,10.0,9.0,48,1003.0,86,-1,-1,-1,-1,-1,10.4,69.88,,*5c
4174,2019113,13.08.2019,162300,3100,-1,-1,-1,-1,-1,-1,03340.194,6949.232889 N,01933.116790 E,171.47,,,-1,-999.00,-999.00,14.1,50,-999.00,-999.00,-1,-1,-1,-1,-1,10.4,69.56,,*5c
4174,2019113,13.08.2019,162400,3100,-1,-1,-1,-1,-1,-1,03340.364,6949.291960 N,01933.586082 E,171.89,,,-1,11.1,10.0,9.8,67,1003.0,86,-1,-1,-1,-1,-1,10.4,69.66,,*5c
4174,2019113,13.08.2019,162500,3100,-1,-1,-1,-1,-1,-1,03340.538,6949.351063 N,01934.055407 E,171.63,,,-1,12.0,9.7,9.6,69,1002.7,79,-1,-1,-1,-1,-1,10.4,69.75,,*5c
4174,2019113,13.08.2019,162600,3100,-1,-1,-1,-1,-1,-1,03340.708,6949.410612 N,01934.524430 E,172.65,,,-1,-999.00,-999.00,9.5,67,-999.00,-999.00,-1,-1,-1,-1,-1,10.4,69.69,,*5c
4174,2019113,13.08.2019,162700,3100,-1,-1,-1,-1,-1,-1,03340.882,6949.471051 N,01934.995309 E,175.15,,,-1,12.0,9.7,9.2,67,1002.7,79,-1,-1,-1,-1,-1,10.5,69.75,,*5c
4174,2019113,13.08.2019,162800,3100,-1,-1,-1,-1,-1,-1,03341.054,6949.532484 N,01935.466902 E,175.63,,,-1,12.0,9.7,9.5,69,1002.7,80,-1,-1,-1,-1,-1,10.5,69.84,,*5c
4174,2019113,13.08.2019,162900,3100,-1,-1,-1,-1,-1,-1,03341.230,6949.595117 N,01935.938498 E,175.64,,,-1,-999.00,-999.00,16.1,73,-999.00,-999.00,-1,-1,-1,-1,-1,10.5,69.74,,*5c
4174,2019113,13.08.2019,163000,3100,-1,-1,-1,-1,-1,-1,03341.402,6949.659846 N,01936.407243 E,176.66,,,-1,12.3,9.8,10.9,73,1002.4,78,-1,-1,-1,-1,-1,10.5,69.65,,*5c
4174,2019113,13.08.2019,163100,3100,-1,-1,-1,-1,-1,-1,03341.576,6949.725207 N,01936.874435 E,179.28,,,-1,-999.00,-999.00,10.8,73,-999.00,-999.00,-1,-1,-1,-1,-1,10.5,69.99,,*5c
4174,2019113,13.08.2019,163200,3100,-1,-1,-1,-1,-1,-1,03341.751,6949.790971 N,01937.342404 E,179.88,,,-1,12.3,9.8,10.9,73,1002.4,78,-1,-1,-1,-1,-1,10.5,69.81,,*5c
4174,2019113,13.08.2019,163300,3100,-1,-1,-1,-1,-1,-1,03341.926,6949.856784 N,01937.812177 E,179.56,,,-1,-999.00,-999.00,10.9,74,-999.00,-999.00,-1,-1,-1,-1,-1,10.5,69.51,,*5c
4174,2019113,13.08.2019,163400,3100,-1,-1,-1,-1,-1,-1,03342.102,6949.923121 N,01938.281948 E,179.26,,,-1,12.3,9.8,16.8,82,1002.4,78,-1,-1,-1,-1,-1,10.6,70.15,,*5c
4174,2019113,13.08.2019,163500,3100,-1,-1,-1,-1,-1,-1,03342.274,6949.988038 N,01938.755497 E,179.05,,,-1,-999.00,-999.00,16.5,82,-999.00,-999.00,-1,-1,-1,-1,-1,10.6,69.51,,*5c
4174,2019113,13.08.2019,163600,3100,-1,-1,-1,-1,-1,-1,03342.452,6950.052920 N,01939.231311 E,178.96,,,-1,12.6,9.9,11.4,83,1002.3,79,-1,-1,-1,-1,-1,10.6,71.59,,*5c
4174,2019113,13.08.2019,163700,3100,-1,-1,-1,-1,-1,-1,03342.628,6950.112352 N,01939.714402 E,177.55,,,-1,12.4,9.9,11.4,84,1002.3,78,-1,-1,-1,-1,-1,10.7,72.09,,*5c
4174,2019113,13.08.2019,163800,3100,-1,-1,-1,-1,-1,-1,03342.806,6950.170919 N,01940.201341 E,176.99,,,-1,-999.00,-999.00,17.0,83,-999.00,-999.00,-1,-1,-1,-1,-1,10.7,71.83,,*5c
4174,2019113,13.08.2019,163900,3100,-1,-1,-1,-1,-1,-1,03342.986,6950.229470 N,01940.688199 E,178.09,,,-1,-999.00,-999.00,17.2,82,-999.00,-999.00,-1,-1,-1,-1,-1,10.7,71.68,,*5c
4174,2019113,13.08.2019,164000,3100,-1,-1,-1,-1,-1,-1,03343.162,6950.286891 N,01941.175591 E,175.91,,,-1,-999.00,-999.00,17.0,81,-999.00,-999.00,-1,-1,-1,-1,-1,10.7,71.53,,*5c
4174,2019113,13.08.2019,164100,3100,-1,-1,-1,-1,-1,-1,03343.340,6950.348303 N,01941.656023 E,174.66,,,-1,11.9,10.1,16.6,80,1002.3,81,-1,-1,-1,-1,-1,10.6,69.40,,*5c
4174,2019113,13.08.2019,164200,3100,-1,-1,-1,-1,-1,-1,03343.516,6950.410837 N,01942.133059 E,173.41,,,-1,11.9,10.1,16.2,81,1002.3,81,-1,-1,-1,-1,-1,10.6,68.40,,*5c
4174,2019113,13.08.2019,164300,3100,-1,-1,-1,-1,-1,-1,03343.692,6950.476947 N,01942.604704 E,165.97,,,-1,-999.00,-999.00,10.5,87,-999.00,-999.00,-1,-1,-1,-1,-1,10.5,67.53,,*5c
4174,2019113,13.08.2019,164400,3100,-1,-1,-1,-1,-1,-1,03343.866,6950.543440 N,01943.073441 E,158.07,,,-1,-999.00,-999.00,15.7,88,-999.00,-999.00,-1,-1,-1,-1,-1,10.6,67.68,,*5c
4174,2019113,13.08.2019,164500,3100,-1,-1,-1,-1,-1,-1,03344.042,6950.616180 N,01943.533760 E,139.92,,,-1,11.7,10.0,15.4,91,1002.2,82,-1,-1,-1,-1,-1,10.6,63.96,,*5c
4174,2019113,13.08.2019,164600,3100,-1,-1,-1,-1,-1,-1,03344.216,6950.692783 N,01943.989287 E,135.82,,,-1,-999.00,-999.00,15.2,86,-999.00,-999.00,-1,-1,-1,-1,-1,10.5,63.71,,*5c
4174,2019113,13.08.2019,164700,3100,-1,-1,-1,-1,-1,-1,03344.391,6950.769417 N,01944.446750 E,181.44,,,-1,11.7,9.9,15.8,82,1002.2,82,-1,-1,-1,-1,-1,10.6,62.16,,*5c
4174,2019113,13.08.2019,164800,3100,-1,-1,-1,-1,-1,-1,03344.566,6950.853033 N,01944.896884 E,184.49,,,-1,-999.00,-999.00,14.9,91,-999.00,-999.00,-1,-1,-1,-1,-1,10.6,60.69,,*5c
4174,2019113,13.08.2019,164900,3100,-1,-1,-1,-1,-1,-1,03344.744,6950.938387 N,01945.345790 E,186.49,,,-1,-999.00,-999.00,10.2,88,-999.00,-999.00,-1,-1,-1,-1,-1,10.7,60.43,,*5c
4174,2019113,13.08.2019,165000,3100,-1,-1,-1,-1,-1,-1,03344.921,6951.027444 N,01945.786511 E,186.92,,,-1,11.6,9.9,9.5,87,1002.3,82,-1,-1,-1,-1,-1,10.7,57.23,,*5c
4174,2019113,13.08.2019,165100,3100,-1,-1,-1,-1,-1,-1,03345.096,6951.122383 N,01946.220140 E,186.39,,,-1,11.6,9.9,9.3,88,1002.3,82,-1,-1,-1,-1,-1,10.7,56.65,,*5c
4174,2019113,13.08.2019,165200,3100,-1,-1,-1,-1,-1,-1,03345.276,6951.219423 N,01946.653084 E,185.76,,,-1,-999.00,-999.00,10.1,90,-999.00,-999.00,-1,-1,-1,-1,-1,10.7,55.06,,*5c
4174,2019113,13.08.2019,165300,3100,-1,-1,-1,-1,-1,-1,03345.452,6951.320208 N,01947.078551 E,180.31,,,-1,11.3,10.0,12.8,84,1002.5,85,-1,-1,-1,-1,-1,10.8,54.30,,*5c
4174,2019113,13.08.2019,165400,3100,-1,-1,-1,-1,-1,-1,03345.632,6951.426667 N,01947.492072 E,178.80,,,-1,-999.00,-999.00,9.4,89,-999.00,-999.00,-1,-1,-1,-1,-1,10.7,50.22,,*5c
4174,2019113,13.08.2019,165500,3100,-1,-1,-1,-1,-1,-1,03345.810,6951.539565 N,01947.891541 E,169.10,,,-1,11.3,10.0,8.0,96,1002.5,85,-1,-1,-1,-1,-1,10.7,49.72,,*5c
4174,2019113,13.08.2019,165600,3100,-1,-1,-1,-1,-1,-1,03345.988,6951.653728 N,01948.290593 E,167.44,,,-1,-999.00,-999.00,9.2,84,-999.00,-999.00,-1,-1,-1,-1,-1,10.8,49.82,,*5c
4174,2019113,13.08.2019,165700,3100,-1,-1,-1,-1,-1,-1,03346.164,6951.771444 N,01948.676542 E,149.98,,,-1,11.4,10.0,12.7,99,1002.5,85,-1,-1,-1,-1,-1,10.7,46.95,,*5c
4174,2019113,13.08.2019,165800,3100,-1,-1,-1,-1,-1,-1,03346.337,6951.883210 N,01949.035151 E,143.55,,,-1,-999.00,-999.00,12.3,73,-999.00,-999.00,-1,-1,-1,-1,-1,8.7,47.24,,*5c
4174,2019113,13.08.2019,165900,3100,-1,-1,-1,-1,-1,-1,03346.470,6951.961938 N,01949.299434 E,135.53,,,-1,11.2,10.0,12.5,74,1002.7,87,-1,-1,-1,-1,-1,6.2,46.42,,*5c
4174,2019113,13.08.2019,170000,3100,-1,-1,-1,-1,-1,-1,03346.566,6952.020880 N,01949.501724 E,131.36,,,-1,11.2,10.0,12.5,73,1002.7,87,-1,-1,-1,-1,-1,4.9,46.59,,*5c
4174,2019113,13.08.2019,170100,3100,-1,-1,-1,-1,-1,-1,03346.643,6952.065878 N,01949.666622 E,126.51,,,-1,-999.00,-999.00,7.6,71,-999.00,-999.00,-1,-1,-1,-1,-1,3.8,46.75,,*5c
4174,2019113,13.08.2019,170200,3100,-1,-1,-1,-1,-1,-1,03346.702,6952.098190 N,01949.797332 E,123.56,,,-1,11.2,10.0,7.4,69,1002.7,87,-1,-1,-1,-1,-1,2.9,45.46,,*5c
4174,2019113,13.08.2019,170300,3100,-1,-1,-1,-1,-1,-1,03346.748,6952.122162 N,01949.903946 E,120.38,,,-1,-999.00,-999.00,14.7,33,-999.00,-999.00,-1,-1,-1,-1,-1,2.5,46.67,,*5c
4174,2019113,13.08.2019,170400,3100,-1,-1,-1,-1,-1,-1,03346.787,6952.140954 N,01950.002892 E,119.76,,,-1,11.0,10.4,9.9,17,1003.2,87,-1,-1,-1,-1,-1,2.3,44.95,,*5c
4174,2019113,13.08.2019,170500,3100,-1,-1,-1,-1,-1,-1,03346.823,6952.158108 N,01950.092173 E,116.29,,,-1,11.0,10.4,9.7,16,1003.2,87,-1,-1,-1,-1,-1,2.0,44.10,,*5c
4174,2019113,13.08.2019,170600,3100,-1,-1,-1,-1,-1,-1,03346.855,6952.173800 N,01950.176479 E,115.00,,,-1,11.0,10.5,9.3,17,1003.2,88,-1,-1,-1,-1,-1,2.0,44.17,,*5c
4174,2019113,13.08.2019,170700,3100,-1,-1,-1,-1,-1,-1,03346.887,6952.187390 N,01950.258590 E,115.89,,,-1,11.0,10.4,10.8,18,1003.2,87,-1,-1,-1,-1,-1,1.8,44.16,,*5c
4174,2019113,13.08.2019,170800,3100,-1,-1,-1,-1,-1,-1,03346.916,6952.200035 N,01950.337054 E,114.74,,,-1,-999.00,-999.00,10.0,18,-999.00,-999.00,-1,-1,-1,-1,-1,1.8,43.81,,*5c
4174,2019113,13.08.2019,170900,3100,-1,-1,-1,-1,-1,-1,03346.944,6952.212937 N,01950.413893 E,113.53,,,-1,11.0,10.4,10.2,18,1003.2,87,-1,-1,-1,-1,-1,1.8,38.80,,*5c
4174,2019113,13.08.2019,171000,3100,-1,-1,-1,-1,-1,-1,03346.972,6952.227490 N,01950.480979 E,113.49,,,-1,10.9,10.5,10.6,18,1003.2,86,-1,-1,-1,-1,-1,1.5,30.25,,*5c
4174,2019113,13.08.2019,171100,3100,-1,-1,-1,-1,-1,-1,03346.997,6952.244216 N,01950.537475 E,110.75,,,-1,10.9,10.5,10.1,18,1003.2,86,-1,-1,-1,-1,-1,1.6,29.82,,*5c
4174,2019113,13.08.2019,171200,3100,-1,-1,-1,-1,-1,-1,03347.023,6952.263689 N,01950.594085 E,110.46,,,-1,11.0,10.5,9.0,17,1003.1,86,-1,-1,-1,-1,-1,2.2,29.86,,*5c
4174,2019113,13.08.2019,171300,3100,-1,-1,-1,-1,-1,-1,03347.082,6952.326935 N,01950.721326 E,110.13,,,-1,10.9,10.5,8.7,19,1003.1,86,-1,-1,-1,-1,-1,6.6,29.89,,*5c
4174,2019113,13.08.2019,171400,3100,-1,-1,-1,-1,-1,-1,03347.202,6952.437840 N,01950.924710 E,108.74,,,-1,10.9,10.5,9.0,19,1003.1,86,-1,-1,-1,-1,-1,8.9,29.77,,*5c
4174,2019113,13.08.2019,171500,3100,-1,-1,-1,-1,-1,-1,03347.352,6952.570112 N,01951.161820 E,102.18,,,-1,11.1,10.5,10.3,21,1002.9,85,-1,-1,-1,-1,-1,9.8,29.44,,*5c
4174,2019113,13.08.2019,171600,3100,-1,-1,-1,-1,-1,-1,03347.514,6952.713403 N,01951.401071 E,94.95,,,-1,11.1,10.5,11.1,21,1002.9,85,-1,-1,-1,-1,-1,10.1,29.71,,*5c
4174,2019113,13.08.2019,171700,3100,-1,-1,-1,-1,-1,-1,03347.684,6952.859679 N,01951.644387 E,95.72,,,-1,11.2,10.3,10.2,20,1002.7,84,-1,-1,-1,-1,-1,10.2,29.88,,*5c
4174,2019113,13.08.2019,171800,3100,-1,-1,-1,-1,-1,-1,03347.851,6953.005563 N,01951.891582 E,91.99,,,-1,11.2,10.1,15.0,20,1002.7,84,-1,-1,-1,-1,-1,10.2,29.83,,*5c
4174,2019113,13.08.2019,171900,3100,-1,-1,-1,-1,-1,-1,03348.022,6953.152527 N,01952.139506 E,90.96,,,-1,11.2,9.8,9.6,20,1002.8,85,-1,-1,-1,-1,-1,10.3,29.50,,*5c
4174,2019113,13.08.2019,172000,3100,-1,-1,-1,-1,-1,-1,03348.189,6953.301538 N,01952.383553 E,64.24,,,-1,11.1,9.8,15.4,21,1002.8,85,-1,-1,-1,-1,-1,10.3,30.00,,*5c
4174,2019113,13.08.2019,172100,3100,-1,-1,-1,-1,-1,-1,03348.362,6953.450057 N,01952.630242 E,60.81,,,-1,11.1,9.7,8.3,19,1002.8,85,-1,-1,-1,-1,-1,10.4,29.67,,*5c
4174,2019113,13.08.2019,172200,3100,-1,-1,-1,-1,-1,-1,03348.529,6953.598432 N,01952.875992 E,52.98,,,-1,11.1,9.7,14.2,18,1002.9,86,-1,-1,-1,-1,-1,10.3,29.93,,*5c
4174,2019113,13.08.2019,172300,3100,-1,-1,-1,-1,-1,-1,03348.701,6953.746473 N,01953.123193 E,54.35,,,-1,11.2,9.7,10.2,16,1002.9,85,-1,-1,-1,-1,-1,10.2,29.73,,*5c
4174,2019113,13.08.2019,172400,3100,-1,-1,-1,-1,-1,-1,03348.872,6953.894531 N,01953.371515 E,70.39,,,-1,11.2,9.7,15.4,18,1002.9,85,-1,-1,-1,-1,-1,10.3,29.57,,*5c
4174,2019113,13.08.2019,172500,3100,-1,-1,-1,-1,-1,-1,03349.042,6954.043555 N,01953.617155 E,75.80,,,-1,11.2,9.7,9.6,20,1002.9,85,-1,-1,-1,-1,-1,10.3,29.70,,*5c
4174,2019113,13.08.2019,172600,3100,-1,-1,-1,-1,-1,-1,03349.212,6954.192373 N,01953.861057 E,83.47,,,-1,11.2,9.7,10.9,21,1002.8,85,-1,-1,-1,-1,-1,10.3,29.56,,*5c
4174,2019113,13.08.2019,172700,3100,-1,-1,-1,-1,-1,-1,03349.382,6954.341633 N,01954.092506 E,82.00,,,-1,11.2,9.7,17.0,20,1002.8,85,-1,-1,-1,-1,-1,10.1,29.94,,*5c
4174,2019113,13.08.2019,172800,3100,-1,-1,-1,-1,-1,-1,03349.549,6954.488416 N,01954.320046 E,81.61,,,-1,11.2,9.7,11.4,19,1002.8,85,-1,-1,-1,-1,-1,10.0,29.90,,*5c
4174,2019113,13.08.2019,172900,3100,-1,-1,-1,-1,-1,-1,03349.712,6954.633341 N,01954.545746 E,78.52,,,-1,11.0,9.8,11.9,19,1002.8,85,-1,-1,-1,-1,-1,9.9,29.73,,*5c
4174,2019113,13.08.2019,173000,3100,-1,-1,-1,-1,-1,-1,03349.877,6954.778194 N,01954.771875 E,97.15,,,-1,11.0,9.9,11.4,16,1002.8,85,-1,-1,-1,-1,-1,9.9,29.67,,*5c
4174,2019113,13.08.2019,173100,3100,-1,-1,-1,-1,-1,-1,03350.041,6954.923297 N,01954.999876 E,98.18,,,-1,11.0,9.9,17.7,17,1002.8,85,-1,-1,-1,-1,-1,9.9,29.90,,*5c
4174,2019113,13.08.2019,173200,3100,-1,-1,-1,-1,-1,-1,03350.207,6955.068159 N,01955.231607 E,97.57,,,-1,10.9,10.1,17.2,14,1002.8,86,-1,-1,-1,-1,-1,9.9,29.75,,*5c
4174,2019113,13.08.2019,173300,3100,-1,-1,-1,-1,-1,-1,03350.372,6955.213096 N,01955.462550 E,100.04,,,-1,10.9,10.1,11.3,18,1002.8,86,-1,-1,-1,-1,-1,9.9,29.68,,*5c
4174,2019113,13.08.2019,173400,3100,-1,-1,-1,-1,-1,-1,03350.536,6955.357201 N,01955.699161 E,100.74,,,-1,10.9,10.1,16.9,15,1002.8,86,-1,-1,-1,-1,-1,9.9,32.51,,*5c
4174,2019113,13.08.2019,173500,3100,-1,-1,-1,-1,-1,-1,03350.702,6955.497987 N,01955.954851 E,104.73,,,-1,10.9,10.2,17.4,16,1002.9,86,-1,-1,-1,-1,-1,10.0,32.87,,*5c
4174,2019113,13.08.2019,173600,3100,-1,-1,-1,-1,-1,-1,03350.867,6955.638661 N,01956.213611 E,105.38,,,-1,10.9,10.2,12.4,18,1002.9,86,-1,-1,-1,-1,-1,10.1,32.58,,*5c
4174,2019113,13.08.2019,173700,3100,-1,-1,-1,-1,-1,-1,03351.035,6955.779485 N,01956.471661 E,111.04,,,-1,,,11.9,14,,,-1,-1,-1,-1,-1,10.0,32.68,,*5c
4174,2019113,13.08.2019,173800,3100,-1,-1,-1,-1,-1,-1,03351.186,6955.901361 N,01956.685969 E,118.32,,,-1,11.0,10.3,16.9,11,1002.9,85,-1,-1,-1,-1,-1,7.1,22.69,,*5c
4174,2019113,13.08.2019,173900,3100,-1,-1,-1,-1,-1,-1,03351.295,6955.994757 N,01956.788901 E,119.18,,,-1,11.0,10.3,15.6,12,1002.9,85,-1,-1,-1,-1,-1,5.2,22.74,,*5c
4174,2019113,13.08.2019,174000,3100,-1,-1,-1,-1,-1,-1,03351.375,6956.064733 N,01956.865729 E,122.97,,,-1,10.9,10.3,15.0,13,1002.9,85,-1,-1,-1,-1,-1,3.8,24.13,,*5c
4174,2019113,13.08.2019,174100,3100,-1,-1,-1,-1,-1,-1,03351.433,6956.113068 N,01956.926745 E,127.30,,,-1,11.0,10.4,11.1,18,1002.8,85,-1,-1,-1,-1,-1,2.6,29.28,,*5c
4174,2019113,13.08.2019,174200,3100,-1,-1,-1,-1,-1,-1,03351.471,6956.143196 N,01956.974110 E,128.01,,,-1,11.0,10.4,12.7,17,1002.9,85,-1,-1,-1,-1,-1,1.6,30.74,,*5c
4174,2019113,13.08.2019,174300,3100,-1,-1,-1,-1,-1,-1,03351.493,6956.161102 N,01957.001227 E,128.04,,,-1,11.0,10.4,12.9,15,1002.9,85,-1,-1,-1,-1,-1,0.8,31.41,,*5c
4174,2019113,13.08.2019,174400,3100,-1,-1,-1,-1,-1,-1,03351.502,6956.166215 N,01957.009396 E,128.25,,,-1,10.9,10.3,10.7,17,1003.0,85,-1,-1,-1,-1,-1,0.0,32.37,,*5c
4174,2019113,13.08.2019,174500,3100,-1,-1,-1,-1,-1,-1,03351.502,6956.165948 N,01957.012503 E,128.26,,,-1,10.9,10.3,11.3,21,1003.1,85,-1,-1,-1,-1,-1,0.1,40.23,,*5c
4174,2019113,13.08.2019,174600,3100,-1,-1,-1,-1,-1,-1,03351.504,6956.164172 N,01957.016065 E,128.29,,,-1,10.9,10.3,13.0,16,1003.1,86,-1,-1,-1,-1,-1,0.1,43.16,,*5c
4174,2019113,13.08.2019,174700,3100,-1,-1,-1,-1,-1,-1,03351.504,6956.163706 N,01957.015896 E,128.35,,,-1,10.8,10.3,12.3,16,1003.1,86,-1,-1,-1,-1,-1,0.0,41.86,,*5c
4174,2019113,13.08.2019,174800,3100,-1,-1,-1,-1,-1,-1,03351.508,6956.169976 N,01957.023290 E,128.37,,,-1,10.7,10.2,12.5,13,1003.2,86,-1,-1,-1,-1,-1,0.9,41.56,,*5c
4174,2019113,13.08.2019,174900,3100,-1,-1,-1,-1,-1,-1,03351.524,6956.188252 N,01957.053264 E,131.12,,,-1,10.7,10.2,12.4,14,1003.2,86,-1,-1,-1,-1,-1,1.7,43.08,,*5c
4174,2019113,13.08.2019,175000,3100,-1,-1,-1,-1,-1,-1,03351.552,6956.214311 N,01957.096158 E,131.15,,,-1,10.7,10.2,12.3,17,1003.2,86,-1,-1,-1,-1,-1,1.8,44.94,,*5c
4174,2019113,13.08.2019,175100,3100,-1,-1,-1,-1,-1,-1,03351.582,6956.240759 N,01957.140507 E,132.21,,,-1,10.8,10.3,12.9,18,1003.2,86,-1,-1,-1,-1,-1,1.8,45.29,,*5c
4174,2019113,13.08.2019,175200,3100,-1,-1,-1,-1,-1,-1,03351.612,6956.267097 N,01957.184306 E,132.19,,,-1,10.8,10.3,12.3,14,1003.2,86,-1,-1,-1,-1,-1,1.8,44.60,,*5c
4174,2019113,13.08.2019,175300,3100,-1,-1,-1,-1,-1,-1,03351.642,6956.293301 N,01957.228103 E,132.36,,,-1,10.8,10.4,13.2,15,1003.1,86,-1,-1,-1,-1,-1,1.8,43.54,,*5c
4174,2019113,13.08.2019,175400,3100,-1,-1,-1,-1,-1,-1,03351.672,6956.319415 N,01957.271958 E,132.92,,,-1,10.8,10.4,14.2,15,1003.2,86,-1,-1,-1,-1,-1,1.8,42.63,,*5c
4174,2019113,13.08.2019,175500,3100,-1,-1,-1,-1,-1,-1,03351.701,6956.345328 N,01957.315161 E,133.35,,,-1,-999.00,-999.00,13.6,15,-999.00,-999.00,-1,-1,-1,-1,-1,1.8,42.10,,*5c
4174,2019113,13.08.2019,175600,3100,-1,-1,-1,-1,-1,-1,03351.730,6956.371069 N,01957.358570 E,132.74,,,-1,10.9,10.4,11.6,13,1003.1,86,-1,-1,-1,-1,-1,1.8,41.97,,*5c
4174,2019113,13.08.2019,175700,3100,-1,-1,-1,-1,-1,-1,03351.759,6956.396791 N,01957.402377 E,133.06,,,-1,11.0,10.4,10.7,16,1003.1,85,-1,-1,-1,-1,-1,1.7,42.20,,*5c
4174,2019113,13.08.2019,175706,2500,1,224,-1,-1,-1,-1,03351.763,6956.399787 N,01957.407344 E,133.13,,,-1,11.0,10.4,11.6,16,1003.1,85,-1,-1,-1,-1,-1,1.7,42.19,-1,-1,-1,-1,-1,-1,-1,Kalibrering Multinett NØ Retning,*5c
4174,2019113,13.08.2019,175800,3100,-1,-1,-1,-1,-1,-1,03351.788,6956.422656 N,01957.445242 E,132.56,,,-1,11.0,10.4,10.8,14,1003.1,85,-1,-1,-1,-1,-1,1.9,41.66,,*5c
4174,2019113,13.08.2019,175900,3100,-1,-1,-1,-1,-1,-1,03351.818,6956.448606 N,01957.489208 E,132.76,,,-1,10.8,10.4,12.4,16,1003.1,85,-1,-1,-1,-1,-1,1.8,41.84,,*5c
4174,2019113,13.08.2019,180000,3100,-1,-1,-1,-1,-1,-1,03351.847,6956.474384 N,01957.532209 E,134.69,,,-1,10.8,10.4,13.2,12,1003.1,85,-1,-1,-1,-1,-1,1.8,41.60,,*5c
4174,2019113,13.08.2019,180100,3100,-1,-1,-1,-1,-1,-1,03351.877,6956.500316 N,01957.576054 E,135.32,,,-1,10.8,10.4,10.9,15,1003.1,86,-1,-1,-1,-1,-1,1.8,41.70,,*5c
4174,2019113,13.08.2019,180200,3100,-1,-1,-1,-1,-1,-1,03351.906,6956.526032 N,01957.619471 E,137.60,,,-1,10.8,10.4,13.6,14,1003.1,86,-1,-1,-1,-1,-1,1.8,41.97,,*5c
4174,2019113,13.08.2019,180300,3100,-1,-1,-1,-1,-1,-1,03351.936,6956.552254 N,01957.663211 E,137.78,,,-1,10.8,10.4,13.4,14,1003.1,86,-1,-1,-1,-1,-1,1.8,41.52,,*5c
4174,2019113,13.08.2019,180400,3100,-1,-1,-1,-1,-1,-1,03351.965,6956.577786 N,01957.706230 E,138.09,,,-1,10.7,10.4,12.0,17,1003.1,86,-1,-1,-1,-1,-1,1.8,41.73,,*5c
4174,2019113,13.08.2019,180500,3100,-1,-1,-1,-1,-1,-1,03351.995,6956.603850 N,01957.750377 E,138.40,,,-1,10.7,10.4,11.7,16,1003.1,87,-1,-1,-1,-1,-1,1.8,42.01,,*5c
4174,2019113,13.08.2019,180600,3100,-1,-1,-1,-1,-1,-1,03352.024,6956.629010 N,01957.794315 E,137.92,,,-1,10.6,10.4,12.0,18,1003.1,86,-1,-1,-1,-1,-1,1.7,43.13,,*5c
4174,2019113,13.08.2019,180700,3100,-1,-1,-1,-1,-1,-1,03352.053,6956.655225 N,01957.837473 E,138.41,,,-1,10.7,10.4,13.0,11,1003.1,86,-1,-1,-1,-1,-1,1.9,43.19,,*5c
4174,2019113,13.08.2019,180800,3100,-1,-1,-1,-1,-1,-1,03352.083,6956.681122 N,01957.881206 E,138.28,,,-1,10.6,10.4,13.0,16,1003.1,86,-1,-1,-1,-1,-1,1.7,43.23,,*5c
4174,2019113,13.08.2019,180900,3100,-1,-1,-1,-1,-1,-1,03352.113,6956.707341 N,01957.924422 E,139.50,,,-1,10.6,10.4,13.5,16,1003.1,86,-1,-1,-1,-1,-1,1.9,42.14,,*5c
4174,2019113,13.08.2019,181000,3100,-1,-1,-1,-1,-1,-1,03352.142,6956.733485 N,01957.968074 E,139.69,,,-1,10.7,10.4,12.1,17,1003.1,86,-1,-1,-1,-1,-1,1.8,41.42,,*5c
4174,2019113,13.08.2019,181100,3100,-1,-1,-1,-1,-1,-1,03352.172,6956.759090 N,01958.011620 E,143.84,,,-1,-999.00,-999.00,13.7,13,-999.00,-999.00,-1,-1,-1,-1,-1,1.8,41.55,,*5c
4174,2019113,13.08.2019,181200,3100,-1,-1,-1,-1,-1,-1,03352.201,6956.784762 N,01958.055061 E,144.07,,,-1,10.5,10.4,14.3,14,1003.1,87,-1,-1,-1,-1,-1,1.8,41.96,,*5c
4174,2019113,13.08.2019,181300,3100,-1,-1,-1,-1,-1,-1,03352.231,6956.810932 N,01958.098198 E,144.52,,,-1,10.5,10.4,11.5,21,1003.1,87,-1,-1,-1,-1,-1,1.8,41.51,,*5c
4174,2019113,13.08.2019,181400,3100,-1,-1,-1,-1,-1,-1,03352.260,6956.836755 N,01958.141951 E,146.31,,,-1,10.4,10.4,11.7,21,1003.1,87,-1,-1,-1,-1,-1,1.8,41.57,,*5c
4174,2019113,13.08.2019,181500,3100,-1,-1,-1,-1,-1,-1,03352.289,6956.862312 N,01958.185911 E,146.82,,,-1,10.4,10.3,14.8,20,1003.0,87,-1,-1,-1,-1,-1,1.8,42.65,,*5c
4174,2019113,13.08.2019,181600,3100,-1,-1,-1,-1,-1,-1,03352.318,6956.887959 N,01958.229479 E,147.13,,,-1,10.5,10.3,13.0,16,1003.0,87,-1,-1,-1,-1,-1,1.8,43.26,,*5c
4174,2019113,13.08.2019,181700,3100,-1,-1,-1,-1,-1,-1,03352.348,6956.914427 N,01958.272606 E,148.57,,,-1,10.5,10.3,13.9,21,1003.1,87,-1,-1,-1,-1,-1,1.8,42.51,,*5c
4174,2019113,13.08.2019,181800,3100,-1,-1,-1,-1,-1,-1,03352.378,6956.940411 N,01958.316426 E,149.76,,,-1,10.5,10.3,13.3,18,1003.0,87,-1,-1,-1,-1,-1,1.9,41.93,,*5c
4174,2019113,13.08.2019,181900,3100,-1,-1,-1,-1,-1,-1,03352.407,6956.966233 N,01958.359765 E,151.21,,,-1,-999.00,-999.00,11.5,22,-999.00,-999.00,-1,-1,-1,-1,-1,1.7,41.67,,*5c
4174,2019113,13.08.2019,182000,3100,-1,-1,-1,-1,-1,-1,03352.436,6956.991513 N,01958.403652 E,151.09,,,-1,10.7,10.3,13.6,18,1003.0,86,-1,-1,-1,-1,-1,1.8,42.28,,*5c
4174,2019113,13.08.2019,182100,3100,-1,-1,-1,-1,-1,-1,03352.465,6957.017456 N,01958.446925 E,152.30,,,-1,10.7,10.3,13.8,16,1003.0,87,-1,-1,-1,-1,-1,1.8,42.90,,*5c
4174,2019113,13.08.2019,182200,3100,-1,-1,-1,-1,-1,-1,03352.495,6957.043770 N,01958.490656 E,152.83,,,-1,10.6,10.3,13.6,15,1003.0,87,-1,-1,-1,-1,-1,1.9,42.33,,*5c
4174,2019113,13.08.2019,182300,3100,-1,-1,-1,-1,-1,-1,03352.525,6957.069693 N,01958.534170 E,152.91,,,-1,,,13.8,17,,,-1,-1,-1,-1,-1,1.8,41.87,,*5c
4174,2019113,13.08.2019,182400,3100,-1,-1,-1,-1,-1,-1,03352.553,6957.095216 N,01958.577700 E,153.79,,,-1,-999.00,-999.00,12.8,16,-999.00,-999.00,-1,-1,-1,-1,-1,1.8,41.94,,*5c
4174,2019113,13.08.2019,182500,3100,-1,-1,-1,-1,-1,-1,03352.583,6957.121321 N,01958.621074 E,153.96,,,-1,10.6,10.3,14.1,17,1003.0,87,-1,-1,-1,-1,-1,1.8,41.73,,*5c
4174,2019113,13.08.2019,182600,3100,-1,-1,-1,-1,-1,-1,03352.613,6957.147316 N,01958.664525 E,154.75,,,-1,10.6,10.3,13.6,16,1003.0,86,-1,-1,-1,-1,-1,1.8,41.46,,*5c
4174,2019113,13.08.2019,182700,3100,-1,-1,-1,-1,-1,-1,03352.643,6957.173090 N,01958.708191 E,155.64,,,-1,10.6,10.3,14.0,17,1003.0,86,-1,-1,-1,-1,-1,1.8,41.44,,*5c
4174,2019113,13.08.2019,182800,3100,-1,-1,-1,-1,-1,-1,03352.671,6957.198853 N,01958.751631 E,155.95,,,-1,10.5,10.3,13.2,17,1003.0,87,-1,-1,-1,-1,-1,1.8,41.47,,*5c
4174,2019113,13.08.2019,182900,3100,-1,-1,-1,-1,-1,-1,03352.701,6957.224899 N,01958.795250 E,156.86,,,-1,10.5,10.3,14.4,15,1003.0,87,-1,-1,-1,-1,-1,1.7,41.41,,*5c
4174,2019113,13.08.2019,183000,3100,-1,-1,-1,-1,-1,-1,03352.730,6957.250548 N,01958.838829 E,156.80,,,-1,10.4,10.3,12.3,14,1003.0,88,-1,-1,-1,-1,-1,1.8,41.70,,*5c
4174,2019113,13.08.2019,183040,2501,1,224,-1,-1,-1,-1,03352.751,6957.268514 N,01958.868568 E,157.12,,,-1,10.4,10.3,14.0,14,1003.0,88,-1,-1,-1,-1,-1,1.9,41.61,-1,-1,-1,-1,-1,-1,,Kalibrering Multinett NØ Retning,*5c
4174,2019113,13.08.2019,183100,3100,-1,-1,-1,-1,-1,-1,03352.760,6957.276735 N,01958.882251 E,157.38,,,-1,10.4,10.3,13.9,15,1003.0,88,-1,-1,-1,-1,-1,1.8,41.25,,*5c
4174,2019113,13.08.2019,183200,3100,-1,-1,-1,-1,-1,-1,03352.790,6957.302658 N,01958.926027 E,158.19,,,-1,10.4,10.3,12.3,16,1003.0,88,-1,-1,-1,-1,-1,1.8,40.95,,*5c
4174,2019113,13.08.2019,183300,3100,-1,-1,-1,-1,-1,-1,03352.819,6957.328216 N,01958.969550 E,159.30,,,-1,10.4,10.3,13.1,19,1003.0,88,-1,-1,-1,-1,-1,1.7,41.37,,*5c
4174,2019113,13.08.2019,183400,3100,-1,-1,-1,-1,-1,-1,03352.848,6957.354235 N,01959.013212 E,160.23,,,-1,10.4,10.3,12.7,19,1003.0,88,-1,-1,-1,-1,-1,1.7,41.67,,*5c
4174,2019113,13.08.2019,183500,3100,-1,-1,-1,-1,-1,-1,03352.877,6957.380195 N,01959.056395 E,161.12,,,-1,10.4,10.3,11.6,22,1003.0,88,-1,-1,-1,-1,-1,1.8,41.17,,*5c
4174,2019113,13.08.2019,183600,3100,-1,-1,-1,-1,-1,-1,03352.908,6957.406093 N,01959.100696 E,161.71,,,-1,-999.00,-999.00,11.8,25,-999.00,-999.00,-1,-1,-1,-1,-1,1.9,41.34,,*5c
4174,2019113,13.08.2019,183700,3100,-1,-1,-1,-1,-1,-1,03352.936,6957.431901 N,01959.143961 E,161.96,,,-1,10.4,10.3,12.2,24,1003.0,88,-1,-1,-1,-1,-1,1.8,41.94,,*5c
4174,2019113,13.08.2019,183800,3100,-1,-1,-1,-1,-1,-1,03352.966,6957.457657 N,01959.187512 E,163.81,,,-1,10.4,10.3,11.5,24,1003.0,88,-1,-1,-1,-1,-1,1.8,42.26,,*5c
4174,2019113,13.08.2019,183900,3100,-1,-1,-1,-1,-1,-1,03352.993,6957.478706 N,01959.233042 E,164.03,,,-1,-999.00,-999.00,12.1,19,-999.00,-999.00,-1,-1,-1,-1,-1,1.2,40.01,,*5c
4174,2019113,13.08.2019,184000,3100,-1,-1,-1,-1,-1,-1,03353.007,6957.483596 N,01959.257630 E,164.16,,,-1,10.5,10.3,11.7,20,1003.0,88,-1,-1,-1,-1,-1,0.4,2.07,,*5c
4174,2019113,13.08.2019,184100,3100,-1,-1,-1,-1,-1,-1,03353.012,6957.479047 N,01959.239418 E,163.74,,,-1,-999.00,-999.00,11.8,17,-999.00,-999.00,-1,-1,-1,-1,-1,0.8,312.46,,*5c
4174,2019113,13.08.2019,184200,3100,-1,-1,-1,-1,-1,-1,03353.028,6957.467401 N,01959.202390 E,163.88,,,-1,10.6,10.3,15.7,15,1002.9,86,-1,-1,-1,-1,-1,1.3,273.71,,*5c
4174,2019113,13.08.2019,184300,3100,-1,-1,-1,-1,-1,-1,03353.049,6957.450930 N,01959.162868 E,164.01,,,-1,10.4,10.2,11.2,23,1002.4,88,-1,-1,-1,-1,-1,1.6,221.59,,*5c
4174,2019113,13.08.2019,184400,3100,-1,-1,-1,-1,-1,-1,03353.074,6957.427401 N,01959.125731 E,163.47,,,-1,10.4,10.2,11.9,23,1002.7,88,-1,-1,-1,-1,-1,1.7,209.65,,*5c
4174,2019113,13.08.2019,184500,3100,-1,-1,-1,-1,-1,-1,03353.099,6957.407156 N,01959.100413 E,162.59,,,-1,10.5,10.2,13.5,22,1002.8,87,-1,-1,-1,-1,-1,0.8,210.68,,*5c
4174,2019113,13.08.2019,184600,3100,-1,-1,-1,-1,-1,-1,03353.107,6957.403143 N,01959.088886 E,162.53,,,-1,-999.00,-999.00,12.3,21,-999.00,-999.00,-1,-1,-1,-1,-1,0.2,211.66,,*5c
4174,2019113,13.08.2019,184700,3100,-1,-1,-1,-1,-1,-1,03353.108,6957.402409 N,01959.086941 E,162.38,,,-1,10.7,10.2,14.1,22,1002.7,86,-1,-1,-1,-1,-1,0.1,215.26,,*5c
4174,2019113,13.08.2019,184800,3100,-1,-1,-1,-1,-1,-1,03353.109,6957.403420 N,01959.084909 E,162.28,,,-1,10.7,10.2,,23,1002.7,86,-1,-1,-1,-1,-1,0.4,216.35,,*5c
4174,2019113,13.08.2019,184900,3100,-1,-1,-1,-1,-1,-1,03353.119,6957.390141 N,01959.060057 E,162.20,,,-1,10.7,10.2,12.7,22,1002.7,86,-1,-1,-1,-1,-1,1.5,214.15,,*5c
4174,2019113,13.08.2019,185000,3100,-1,-1,-1,-1,-1,-1,03353.145,6957.364772 N,01959.019514 E,162.08,,,-1,10.8,10.2,11.3,16,1002.8,86,-1,-1,-1,-1,-1,1.8,215.81,,*5c
4174,2019113,13.08.2019,185100,3100,-1,-1,-1,-1,-1,-1,03353.174,6957.338376 N,01958.977782 E,160.45,,,-1,10.8,10.2,12.9,24,1002.8,86,-1,-1,-1,-1,-1,1.7,217.70,,*5c
4174,2019113,13.08.2019,185200,3100,-1,-1,-1,-1,-1,-1,03353.203,6957.312444 N,01958.936374 E,159.71,,,-1,10.7,10.2,11.7,,1002.8,85,-1,-1,-1,-1,-1,1.8,218.02,,*5c
4174,2019113,13.08.2019,185300,3100,-1,-1,-1,-1,-1,-1,03353.232,6957.286142 N,01958.895783 E,159.60,,,-1,10.6,10.2,,17,1002.8,86,-1,-1,-1,-1,-1,1.8,216.96,,*5c
4174,2019113,13.08.2019,185400,3100,-1,-1,-1,-1,-1,-1,03353.262,6957.259389 N,01958.855732 E,158.39,,,-1,10.6,10.2,9.0,18,1002.8,86,-1,-1,-1,-1,-1,1.9,216.90,,*5c
4174,2019113,13.08.2019,185429,2500,1,225,-1,-1,-1,-1,03353.277,6957.246099 N,01958.835719 E,157.89,,,-1,10.6,10.2,9.7,23,1002.8,87,-1,-1,-1,-1,-1,1.8,217.23,-1,-1,-1,-1,-1,-1,,Kalibrering Multinett SW retning,*5c
4174,2019113,13.08.2019,185500,3100,-1,-1,-1,-1,-1,-1,03353.292,6957.232909 N,01958.815472 E,157.67,,,-1,10.6,10.2,12.2,25,1002.8,87,-1,-1,-1,-1,-1,1.8,217.13,,*5c
4174,2019113,13.08.2019,185600,3100,-1,-1,-1,-1,-1,-1,03353.322,6957.206450 N,01958.774142 E,156.80,,,-1,-999.00,-999.00,11.9,24,-999.00,-999.00,-1,-1,-1,-1,-1,1.8,216.04,,*5c
4174,2019113,13.08.2019,185700,3100,-1,-1,-1,-1,-1,-1,03353.351,6957.179394 N,01958.732860 E,156.98,,,-1,10.8,10.2,13.4,27,1002.8,86,-1,-1,-1,-1,-1,1.9,216.12,,*5c
4174,2019113,13.08.2019,185800,3100,-1,-1,-1,-1,-1,-1,03353.381,6957.152976 N,01958.692577 E,155.84,,,-1,10.9,10.2,12.6,21,1002.8,85,-1,-1,-1,-1,-1,1.8,216.51,,*5c
4174,2019113,13.08.2019,185900,3100,-1,-1,-1,-1,-1,-1,03353.409,6957.126988 N,01958.651931 E,155.71,,,-1,-999.00,-999.00,11.7,25,-999.00,-999.00,-1,-1,-1,-1,-1,1.8,216.45,,*5c
4174,2019113,13.08.2019,190000,3100,-1,-1,-1,-1,-1,-1,03353.438,6957.100927 N,01958.611030 E,154.97,,,-1,10.7,10.2,11.9,26,1002.8,85,-1,-1,-1,-1,-1,1.8,216.19,,*5c
4174,2019113,13.08.2019,190100,3100,-1,-1,-1,-1,-1,-1,03353.468,6957.074182 N,01958.569946 E,154.37,,,-1,10.7,10.2,10.3,28,1002.8,86,-1,-1,-1,-1,-1,1.8,216.52,,*5c
4174,2019113,13.08.2019,190200,3100,-1,-1,-1,-1,-1,-1,03353.498,6957.047557 N,01958.528488 E,154.21,,,-1,10.7,10.2,,,1002.8,86,-1,-1,-1,-1,-1,1.8,217.25,,*5c
4174,2019113,13.08.2019,190300,3100,-1,-1,-1,-1,-1,-1,03353.528,6957.021262 N,01958.487078 E,153.37,,,-1,10.7,10.3,11.6,25,1002.7,86,-1,-1,-1,-1,-1,1.8,216.91,,*5c
4174,2019113,13.08.2019,190400,3100,-1,-1,-1,-1,-1,-1,03353.556,6956.995128 N,01958.447014 E,152.78,,,-1,10.7,10.3,10.8,21,1002.7,86,-1,-1,-1,-1,-1,1.8,215.97,,*5c
4174,2019113,13.08.2019,190500,3100,-1,-1,-1,-1,-1,-1,03353.585,6956.968789 N,01958.406611 E,152.24,,,-1,10.7,10.3,11.5,27,1002.7,86,-1,-1,-1,-1,-1,1.8,215.27,,*5c
4174,2019113,13.08.2019,190600,3100,-1,-1,-1,-1,-1,-1,03353.614,6956.942026 N,01958.366038 E,152.14,,,-1,10.6,10.3,,,1002.8,87,-1,-1,-1,-1,-1,1.7,217.28,,*5c
4174,2019113,13.08.2019,190700,3100,-1,-1,-1,-1,-1,-1,03353.643,6956.916138 N,01958.324792 E,151.95,,,-1,-999.00,-999.00,10.8,19,-999.00,-999.00,-1,-1,-1,-1,-1,1.8,217.17,,*5c
4174,2019113,13.08.2019,190800,3100,-1,-1,-1,-1,-1,-1,03353.673,6956.889593 N,01958.283093 E,150.90,,,-1,10.6,10.3,11.5,21,1002.7,87,-1,-1,-1,-1,-1,1.8,217.43,,*5c
4174,2019113,13.08.2019,190900,3100,-1,-1,-1,-1,-1,-1,03353.703,6956.862986 N,01958.241455 E,149.96,,,-1,-999.00,-999.00,10.3,23,-999.00,-999.00,-1,-1,-1,-1,-1,1.8,217.19,,*5c
4174,2019113,13.08.2019,191000,3100,-1,-1,-1,-1,-1,-1,03353.732,6956.836697 N,01958.201586 E,148.34,,,-1,10.6,10.3,11.7,23,1002.7,87,-1,-1,-1,-1,-1,1.7,216.81,,*5c
4174,2019113,13.08.2019,191100,3100,-1,-1,-1,-1,-1,-1,03353.760,6956.810340 N,01958.161415 E,148.40,,,-1,10.5,10.3,10.6,23,1002.7,87,-1,-1,-1,-1,-1,1.8,216.67,,*5c
4174,2019113,13.08.2019,191200,3100,-1,-1,-1,-1,-1,-1,03353.790,6956.783773 N,01958.119458 E,148.22,,,-1,10.5,10.3,13.1,19,1002.7,87,-1,-1,-1,-1,-1,1.8,216.39,,*5c
4174,2019113,13.08.2019,191300,3100,-1,-1,-1,-1,-1,-1,03353.819,6956.757478 N,01958.079021 E,146.70,,,-1,10.6,10.3,13.0,21,1002.7,87,-1,-1,-1,-1,-1,1.8,216.61,,*5c
4174,2019113,13.08.2019,191400,3100,-1,-1,-1,-1,-1,-1,03353.849,6956.731187 N,01958.038146 E,144.31,,,-1,10.6,10.3,11.8,17,1002.7,87,-1,-1,-1,-1,-1,1.8,216.63,,*5c
4174,2019113,13.08.2019,191500,3100,-1,-1,-1,-1,-1,-1,03353.878,6956.704699 N,01957.996798 E,144.07,,,-1,10.6,10.3,11.1,,1002.7,86,-1,-1,-1,-1,-1,1.9,216.48,,*5c
4174,2019113,13.08.2019,191600,3100,-1,-1,-1,-1,-1,-1,03353.908,6956.678073 N,01957.954998 E,142.00,,,-1,10.6,10.3,10.9,22,1002.6,87,-1,-1,-1,-1,-1,1.8,215.03,,*5c
4174,2019113,13.08.2019,191700,3100,-1,-1,-1,-1,-1,-1,03353.937,6956.652282 N,01957.915979 E,141.39,,,-1,10.7,10.3,9.6,19,1002.7,86,-1,-1,-1,-1,-1,1.7,215.47,,*5c
4174,2019113,13.08.2019,191800,3100,-1,-1,-1,-1,-1,-1,03353.965,6956.626197 N,01957.876160 E,139.58,,,-1,10.7,10.3,9.2,15,1002.7,86,-1,-1,-1,-1,-1,1.8,217.04,,*5c
4174,2019113,13.08.2019,191900,3100,-1,-1,-1,-1,-1,-1,03353.995,6956.599558 N,01957.833881 E,139.93,,,-1,10.7,10.3,10.9,20,1002.7,86,-1,-1,-1,-1,-1,1.9,217.97,,*5c
4174,2019113,13.08.2019,192000,3100,-1,-1,-1,-1,-1,-1,03354.025,6956.573008 N,01957.792112 E,140.06,,,-1,10.7,10.3,10.8,22,1002.7,86,-1,-1,-1,-1,-1,1.8,217.54,,*5c
4174,2019113,13.08.2019,192100,3100,-1,-1,-1,-1,-1,-1,03354.055,6956.546405 N,01957.751398 E,140.36,,,-1,10.8,10.3,9.9,22,1002.7,86,-1,-1,-1,-1,-1,1.8,216.66,,*5c
4174,2019113,13.08.2019,192200,3100,-1,-1,-1,-1,-1,-1,03354.084,6956.520127 N,01957.711307 E,140.56,,,-1,10.8,10.3,9.0,21,1002.7,86,-1,-1,-1,-1,-1,1.8,216.56,,*5c
4174,2019113,13.08.2019,192300,3100,-1,-1,-1,-1,-1,-1,03354.112,6956.493866 N,01957.670714 E,140.27,,,-1,10.8,10.3,8.9,22,1002.7,86,-1,-1,-1,-1,-1,1.8,216.92,,*5c
4174,2019113,13.08.2019,192400,3100,-1,-1,-1,-1,-1,-1,03354.142,6956.467548 N,01957.629458 E,139.98,,,-1,10.7,10.3,8.8,20,1002.7,87,-1,-1,-1,-1,-1,1.8,216.18,,*5c
4174,2019113,13.08.2019,192500,3100,-1,-1,-1,-1,-1,-1,03354.172,6956.441147 N,01957.588239 E,139.41,,,-1,-999.00,-999.00,9.2,23,-999.00,-999.00,-1,-1,-1,-1,-1,1.8,215.70,,*5c
4174,2019113,13.08.2019,192600,3100,-1,-1,-1,-1,-1,-1,03354.201,6956.414611 N,01957.547650 E,139.56,,,-1,10.8,10.3,9.8,22,1002.7,87,-1,-1,-1,-1,-1,1.8,216.16,,*5c
4174,2019113,13.08.2019,192700,3100,-1,-1,-1,-1,-1,-1,03354.232,6956.388177 N,01957.506457 E,139.27,,,-1,10.8,10.3,9.7,20,1002.7,87,-1,-1,-1,-1,-1,1.8,216.19,,*5c
4174,2019113,13.08.2019,192800,3100,-1,-1,-1,-1,-1,-1,03354.262,6956.361729 N,01957.465959 E,136.50,,,-1,11.0,10.3,10.1,20,1002.7,85,-1,-1,-1,-1,-1,1.8,216.83,,*5c
4174,2019113,13.08.2019,192900,3100,-1,-1,-1,-1,-1,-1,03354.291,6956.335366 N,01957.425056 E,135.67,,,-1,11.0,10.3,9.5,19,1002.7,85,-1,-1,-1,-1,-1,1.8,216.96,,*5c
4174,2019113,13.08.2019,193000,3100,-1,-1,-1,-1,-1,-1,03354.320,6956.309149 N,01957.384029 E,135.39,,,-1,10.9,10.3,8.6,20,1002.7,85,-1,-1,-1,-1,-1,1.8,216.37,,*5c
4174,2019113,13.08.2019,193100,3100,-1,-1,-1,-1,-1,-1,03354.350,6956.282812 N,01957.343388 E,135.09,,,-1,11.0,10.3,9.6,19,1002.7,86,-1,-1,-1,-1,-1,1.8,216.10,,*5c
4174,2019113,13.08.2019,193200,3100,-1,-1,-1,-1,-1,-1,03354.379,6956.256496 N,01957.302827 E,135.10,,,-1,-999.00,-999.00,8.3,19,-999.00,-999.00,-1,-1,-1,-1,-1,1.8,216.39,,*5c
4174,2019113,13.08.2019,193214,2501,1,225,-1,-1,-1,-1,03354.386,6956.249875 N,01957.292557 E,135.02,,,-1,-999.00,-999.00,,,-999.00,-999.00,-1,-1,-1,-1,-1,1.9,216.46,-1,-1,-1,-1,-1,-1,-1,Kalibrering Multinett SW retning,*5c
4174,2019113,13.08.2019,193300,3100,-1,-1,-1,-1,-1,-1,03354.409,6956.229943 N,01957.261529 E,133.78,,,-1,10.9,10.3,9.4,21,1002.7,86,-1,-1,-1,-1,-1,1.8,216.30,,*5c
4174,2019113,13.08.2019,193400,3100,-1,-1,-1,-1,-1,-1,03354.438,6956.203580 N,01957.221049 E,133.12,,,-1,10.9,10.3,10.3,21,1002.7,85,-1,-1,-1,-1,-1,1.8,216.42,,*5c
4174,2019113,13.08.2019,193500,3100,-1,-1,-1,-1,-1,-1,03354.468,6956.177032 N,01957.179701 E,133.52,,,-1,10.9,10.3,9.5,21,1002.7,85,-1,-1,-1,-1,-1,1.8,216.63,,*5c
4174,2019113,13.08.2019,193600,3100,-1,-1,-1,-1,-1,-1,03354.497,6956.150794 N,01957.139157 E,131.54,,,-1,10.9,10.3,8.6,21,1002.7,86,-1,-1,-1,-1,-1,1.8,216.59,,*5c
4174,2019113,13.08.2019,193700,3100,-1,-1,-1,-1,-1,-1,03354.526,6956.124466 N,01957.098406 E,131.46,,,-1,10.9,10.3,,,1002.7,86,-1,-1,-1,-1,-1,1.8,216.52,,*5c
4174,2019113,13.08.2019,193800,3100,-1,-1,-1,-1,-1,-1,03354.556,6956.098064 N,01957.057362 E,130.95,,,-1,10.8,10.3,8.6,23,1002.7,86,-1,-1,-1,-1,-1,1.8,216.44,,*5c
4174,2019113,13.08.2019,193900,3100,-1,-1,-1,-1,-1,-1,03354.586,6956.071499 N,01957.016492 E,130.64,,,-1,10.8,10.3,8.9,20,1002.7,86,-1,-1,-1,-1,-1,1.9,216.67,,*5c
4174,2019113,13.08.2019,194000,3100,-1,-1,-1,-1,-1,-1,03354.616,6956.045266 N,01956.969934 E,130.51,,,-1,10.8,10.3,9.9,22,1002.7,86,-1,-1,-1,-1,-1,2.1,223.69,,*5c
4174,2019113,13.08.2019,194100,3100,-1,-1,-1,-1,-1,-1,03354.658,6956.007626 N,01956.887821 E,127.27,,,-1,11.0,10.3,8.7,23,1002.7,86,-1,-1,-1,-1,-1,3.6,179.12,,*5c
4174,2019113,13.08.2019,194200,3100,-1,-1,-1,-1,-1,-1,03354.709,6955.959475 N,01956.897980 E,125.88,,,-1,-999.00,-999.00,9.4,23,-999.00,-999.00,-1,-1,-1,-1,-1,3.0,112.01,,*5c
4174,2019113,13.08.2019,194300,3100,-1,-1,-1,-1,-1,-1,03354.749,6955.940494 N,01956.988181 E,126.16,,,-1,10.9,10.3,9.4,25,1002.8,85,-1,-1,-1,-1,-1,2.3,53.77,,*5c
4174,2019113,13.08.2019,194400,3100,-1,-1,-1,-1,-1,-1,03354.780,6955.959920 N,01957.055289 E,128.09,,,-1,10.9,10.3,11.3,23,1003.0,86,-1,-1,-1,-1,-1,2.3,25.23,,*5c
4174,2019113,13.08.2019,194500,3100,-1,-1,-1,-1,-1,-1,03354.821,6956.002203 N,01957.103651 E,127.75,,,-1,10.9,10.3,9.9,21,1003.0,87,-1,-1,-1,-1,-1,3.3,21.94,,*5c
4174,2019113,13.08.2019,194600,3100,-1,-1,-1,-1,-1,-1,03354.877,6956.058151 N,01957.156902 E,128.55,,,-1,10.8,10.3,10.3,19,1002.7,86,-1,-1,-1,-1,-1,3.7,22.26,,*5c
4174,2019113,13.08.2019,194700,3100,-1,-1,-1,-1,-1,-1,03354.938,6956.117513 N,01957.224693 E,130.03,,,-1,10.8,10.3,13.0,22,1002.6,86,-1,-1,-1,-1,-1,3.8,27.83,,*5c
4174,2019113,13.08.2019,194800,3100,-1,-1,-1,-1,-1,-1,03355.001,6956.172860 N,01957.304524 E,131.03,,,-1,10.8,10.3,12.2,,1002.6,86,-1,-1,-1,-1,-1,3.7,29.23,,*5c
4174,2019113,13.08.2019,194900,3100,-1,-1,-1,-1,-1,-1,03355.059,6956.224310 N,01957.384559 E,132.93,,,-1,10.9,10.3,12.0,20,1002.5,86,-1,-1,-1,-1,-1,3.3,29.27,,*5c
4174,2019113,13.08.2019,195000,3100,-1,-1,-1,-1,-1,-1,03355.114,6956.271917 N,01957.459120 E,134.48,,,-1,10.8,10.3,10.2,20,1002.6,86,-1,-1,-1,-1,-1,3.1,29.27,,*5c
4174,2019113,13.08.2019,195100,3100,-1,-1,-1,-1,-1,-1,03355.165,6956.317576 N,01957.530448 E,134.85,,,-1,10.7,10.3,9.9,18,1002.6,86,-1,-1,-1,-1,-1,3.1,29.34,,*5c
4174,2019113,13.08.2019,195200,3100,-1,-1,-1,-1,-1,-1,03355.215,6956.361860 N,01957.599821 E,135.94,,,-1,10.6,10.3,9.1,19,1002.7,88,-1,-1,-1,-1,-1,3.0,29.34,,*5c
4174,2019113,13.08.2019,195300,3100,-1,-1,-1,-1,-1,-1,03355.264,6956.405455 N,01957.668719 E,136.48,,,-1,-999.00,-999.00,11.1,20,-999.00,-999.00,-1,-1,-1,-1,-1,3.0,29.34,,*5c
4174,2019113,13.08.2019,195400,3100,-1,-1,-1,-1,-1,-1,03355.312,6956.447713 N,01957.736400 E,137.29,,,-1,10.7,10.3,9.4,20,1002.7,88,-1,-1,-1,-1,-1,2.9,29.39,,*5c
4174,2019113,13.08.2019,195500,3100,-1,-1,-1,-1,-1,-1,03355.359,6956.489370 N,01957.803139 E,141.44,,,-1,10.7,10.3,9.8,18,1002.7,88,-1,-1,-1,-1,-1,2.8,29.37,,*5c
4174,2019113,13.08.2019,195600,3100,-1,-1,-1,-1,-1,-1,03355.405,6956.530535 N,01957.869972 E,142.20,,,-1,10.7,10.3,9.8,20,1002.7,87,-1,-1,-1,-1,-1,2.9,29.40,,*5c
4174,2019113,13.08.2019,195700,3100,-1,-1,-1,-1,-1,-1,03355.452,6956.571717 N,01957.936700 E,142.24,,,-1,10.7,10.3,10.6,22,1002.6,87,-1,-1,-1,-1,-1,2.8,29.43,,*5c
4174,2019113,13.08.2019,195800,3100,-1,-1,-1,-1,-1,-1,03355.498,6956.613084 N,01958.004301 E,141.70,,,-1,-999.00,-999.00,10.1,24,-999.00,-999.00,-1,-1,-1,-1,-1,2.9,29.37,,*5c
4174,2019113,13.08.2019,195900,3100,-1,-1,-1,-1,-1,-1,03355.545,6956.654556 N,01958.071372 E,141.98,,,-1,10.8,10.3,8.9,23,1002.6,87,-1,-1,-1,-1,-1,2.8,29.36,,*5c
4174,2019113,13.08.2019,200000,3100,-1,-1,-1,-1,-1,-1,03355.592,6956.695298 N,01958.138039 E,143.99,,,-1,10.8,10.3,,23,1002.6,86,-1,-1,-1,-1,-1,2.8,29.44,,*5c
4174,2019113,13.08.2019,200100,3100,-1,-1,-1,-1,-1,-1,03355.638,6956.737565 N,01958.208242 E,144.53,,,-1,10.8,10.3,11.2,24,1002.6,86,-1,-1,-1,-1,-1,3.6,29.40,,*5c
4174,2019113,13.08.2019,200200,3100,-1,-1,-1,-1,-1,-1,03355.702,6956.799909 N,01958.300185 E,148.30,,,-1,11.1,10.3,,,1002.5,85,-1,-1,-1,-1,-1,4.2,27.08,,*5c
4174,2019113,13.08.2019,200300,3100,-1,-1,-1,-1,-1,-1,03355.769,6956.857967 N,01958.391483 E,150.11,,,-1,11.1,10.3,14.3,19,1002.5,85,-1,-1,-1,-1,-1,3.7,29.45,,*5c
4174,2019113,13.08.2019,200400,3100,-1,-1,-1,-1,-1,-1,03355.829,6956.908404 N,01958.474832 E,150.31,,,-1,11.1,10.2,12.4,21,1002.5,83,-1,-1,-1,-1,-1,3.3,27.13,,*5c
4174,2019113,13.08.2019,200500,3100,-1,-1,-1,-1,-1,-1,03355.882,6956.955011 N,01958.547390 E,152.86,,,-1,-999.00,-999.00,10.5,16,-999.00,-999.00,-1,-1,-1,-1,-1,3.0,26.62,,*5c
4174,2019113,13.08.2019,200600,3100,-1,-1,-1,-1,-1,-1,03355.932,6956.999087 N,01958.614514 E,153.57,,,-1,11.1,10.2,11.3,20,1002.5,84,-1,-1,-1,-1,-1,2.9,26.46,,*5c
4174,2019113,13.08.2019,200700,3100,-1,-1,-1,-1,-1,-1,03355.978,6957.040713 N,01958.675944 E,153.57,,,-1,10.9,10.2,12.7,,1002.5,85,-1,-1,-1,-1,-1,2.7,26.45,,*5c
4174,2019113,13.08.2019,200800,3100,-1,-1,-1,-1,-1,-1,03356.022,6957.079465 N,01958.731178 E,154.84,,,-1,10.9,10.2,11.5,22,1002.5,85,-1,-1,-1,-1,-1,2.5,26.45,,*5c
4174,2019113,13.08.2019,200900,3100,-1,-1,-1,-1,-1,-1,03356.061,6957.114603 N,01958.780233 E,155.42,,,-1,10.7,10.2,9.3,23,1002.6,86,-1,-1,-1,-1,-1,2.2,26.63,,*5c
4174,2019113,13.08.2019,201000,3100,-1,-1,-1,-1,-1,-1,03356.097,6957.146279 N,01958.824419 E,155.39,,,-1,10.7,10.2,,,1002.6,87,-1,-1,-1,-1,-1,2.0,26.67,,*5c
4174,2019113,13.08.2019,201100,3100,-1,-1,-1,-1,-1,-1,03356.130,6957.176297 N,01958.866592 E,157.34,,,-1,-999.00,-999.00,11.8,21,-999.00,-999.00,-1,-1,-1,-1,-1,2.0,26.61,,*5c
4174,2019113,13.08.2019,201200,3100,-1,-1,-1,-1,-1,-1,03356.163,6957.207633 N,01958.911036 E,158.21,,,-1,10.8,10.2,11.5,20,1002.6,87,-1,-1,-1,-1,-1,2.1,26.62,,*5c
4174,2019113,13.08.2019,201300,3100,-1,-1,-1,-1,-1,-1,03356.198,6957.239235 N,01958.955186 E,158.52,,,-1,-999.00,-999.00,10.1,20,-999.00,-999.00,-1,-1,-1,-1,-1,2.1,26.55,,*5c
4174,2019113,13.08.2019,201400,3100,-1,-1,-1,-1,-1,-1,03356.230,6957.268974 N,01958.996312 E,158.63,,,-1,10.8,10.2,,,1002.6,87,-1,-1,-1,-1,-1,1.9,26.56,,*5c
4174,2019113,13.08.2019,201500,3100,-1,-1,-1,-1,-1,-1,03356.270,6957.309700 N,01959.053174 E,160.95,,,-1,10.8,10.2,9.5,23,1002.6,87,-1,-1,-1,-1,-1,3.5,26.64,,*5c
4174,2019113,13.08.2019,201600,3100,-1,-1,-1,-1,-1,-1,03356.331,6957.369445 N,01959.139246 E,163.44,,,-1,10.8,10.2,11.3,21,1002.6,87,-1,-1,-1,-1,-1,4.4,26.53,,*5c
4174,2019113,13.08.2019,201700,3100,-1,-1,-1,-1,-1,-1,03356.406,6957.439115 N,01959.240456 E,164.75,,,-1,10.8,10.2,,,1002.6,87,-1,-1,-1,-1,-1,4.9,26.44,,*5c
4174,2019113,13.08.2019,201800,3100,-1,-1,-1,-1,-1,-1,03356.486,6957.512445 N,01959.347158 E,164.76,,,-1,10.9,10.2,10.1,23,1002.6,87,-1,-1,-1,-1,-1,4.9,26.50,,*5c
4174,2019113,13.08.2019,201900,3100,-1,-1,-1,-1,-1,-1,03356.565,6957.580601 N,01959.447415 E,167.97,,,-1,11.1,10.2,12.8,24,1002.5,86,-1,-1,-1,-1,-1,4.3,26.53,,*5c
4174,2019113,13.08.2019,202000,3100,-1,-1,-1,-1,-1,-1,03356.633,6957.639402 N,01959.535274 E,167.74,,,-1,11.3,10.2,,,1002.5,85,-1,-1,-1,-1,-1,3.7,26.60,,*5c
4174,2019113,13.08.2019,202100,3100,-1,-1,-1,-1,-1,-1,03356.694,6957.693148 N,01959.615984 E,167.00,,,-1,11.2,10.2,10.6,28,1002.6,84,-1,-1,-1,-1,-1,3.6,26.38,,*5c
4174,2019113,13.08.2019,202141,0,1,196,-1,-1,-1,-1,03356.734,6957.728693 N,01959.669244 E,166.75,,,-1,11.2,10.2,,,1002.6,85,-1,-1,-1,-1,-1,3.4,26.37,1,3513,1602,2501,120,1.81,-1,Sjøtest av Harstadtrål  0-gruppe Trål.Ny rigging,*5c
4174,2019113,13.08.2019,202200,3100,-1,-1,-1,-1,-1,-1,03356.752,6957.744319 N,01959.692959 E,166.92,,,-1,11.2,10.2,10.4,26,1002.6,85,-1,-1,-1,-1,-1,3.3,26.39,,*5c
4174,2019113,13.08.2019,202300,3100,-1,-1,-1,-1,-1,-1,03356.804,6957.790900 N,01959.763833 E,164.84,,,-1,11.2,10.2,9.9,26,1002.6,85,-1,-1,-1,-1,-1,3.1,26.39,,*5c
4174,2019113,13.08.2019,202400,3100,-1,-1,-1,-1,-1,-1,03356.856,6957.836822 N,01959.833695 E,161.37,,,-1,11.2,10.2,9.2,24,1002.6,85,-1,-1,-1,-1,-1,3.2,26.42,,*5c
4174,2019113,13.08.2019,202500,3100,-1,-1,-1,-1,-1,-1,03356.907,6957.882838 N,01959.904344 E,157.28,,,-1,11.3,10.2,8.9,21,1002.6,84,-1,-1,-1,-1,-1,3.1,26.40,,*5c
4174,2019113,13.08.2019,202600,3100,-1,-1,-1,-1,-1,-1,03356.959,6957.928617 N,01959.975304 E,157.17,,,-1,-999.00,-999.00,9.3,20,-999.00,-999.00,-1,-1,-1,-1,-1,3.1,26.47,,*5c
4174,2019113,13.08.2019,202700,3100,-1,-1,-1,-1,-1,-1,03357.011,6957.974064 N,02000.051050 E,156.93,,,-1,11.4,10.1,8.7,22,1002.6,84,-1,-1,-1,-1,-1,3.2,29.62,,*5c
4174,2019113,13.08.2019,202800,3100,-1,-1,-1,-1,-1,-1,03357.062,6958.018203 N,02000.134035 E,158.31,,,-1,-999.00,-999.00,9.9,25,-999.00,-999.00,-1,-1,-1,-1,-1,3.1,30.21,,*5c
4174,2019113,13.08.2019,202900,3100,-1,-1,-1,-1,-1,-1,03357.114,6958.062152 N,02000.220620 E,158.17,,,-1,11.4,10.1,9.4,18,1002.6,83,-1,-1,-1,-1,-1,3.2,30.37,,*5c
4174,2019113,13.08.2019,203000,3100,-1,-1,-1,-1,-1,-1,03357.168,6958.106511 N,02000.308440 E,156.42,,,-1,11.4,10.1,,,1002.7,82,-1,-1,-1,-1,-1,3.3,30.48,,*5c
4174,2019113,13.08.2019,203100,3100,-1,-1,-1,-1,-1,-1,03357.221,6958.150725 N,02000.396827 E,151.92,,,-1,-999.00,-999.00,10.3,22,-999.00,-999.00,-1,-1,-1,-1,-1,3.2,30.55,,*5c
4174,2019113,13.08.2019,203200,3100,-1,-1,-1,-1,-1,-1,03357.274,6958.195067 N,02000.485005 E,151.88,,,-1,11.6,10.1,8.4,24,1002.7,82,-1,-1,-1,-1,-1,3.3,30.52,,*5c
4174,2019113,13.08.2019,203300,3100,-1,-1,-1,-1,-1,-1,03357.328,6958.239343 N,02000.573561 E,155.16,,,-1,-999.00,-999.00,,,-999.00,-999.00,-1,-1,-1,-1,-1,3.2,30.63,,*5c
4174,2019113,13.08.2019,203400,3100,-1,-1,-1,-1,-1,-1,03357.381,6958.283174 N,02000.663930 E,157.30,,,-1,11.5,10.1,10.2,24,1002.7,83,-1,-1,-1,-1,-1,3.2,30.64,,*5c
4174,2019113,13.08.2019,203500,3100,-1,-1,-1,-1,-1,-1,03357.435,6958.326840 N,02000.756037 E,157.68,,,-1,11.5,10.1,10.3,22,1002.7,82,-1,-1,-1,-1,-1,3.3,30.64,,*5c
4174,2019113,13.08.2019,203600,3100,-1,-1,-1,-1,-1,-1,03357.488,6958.370003 N,02000.848976 E,158.40,,,-1,-999.00,-999.00,,22,-999.00,-999.00,-1,-1,-1,-1,-1,3.2,30.66,,*5c
4174,2019113,13.08.2019,203700,3100,-1,-1,-1,-1,-1,-1,03357.541,6958.413010 N,02000.942199 E,158.43,,,-1,11.4,10.0,,,1002.7,83,-1,-1,-1,-1,-1,3.3,30.59,,*5c
4174,2019113,13.08.2019,203800,3100,-1,-1,-1,-1,-1,-1,03357.594,6958.456128 N,02001.035023 E,157.67,,,-1,11.3,10.0,10.1,24,1002.7,84,-1,-1,-1,-1,-1,3.2,30.66,,*5c
4174,2019113,13.08.2019,203900,3100,-1,-1,-1,-1,-1,-1,03357.648,6958.499357 N,02001.129253 E,160.70,,,-1,-999.00,-999.00,8.6,25,-999.00,-999.00,-1,-1,-1,-1,-1,3.3,30.59,,*5c
4174,2019113,13.08.2019,204000,3100,-1,-1,-1,-1,-1,-1,03357.701,6958.542831 N,02001.224257 E,163.18,,,-1,11.2,9.9,8.4,23,1002.7,85,-1,-1,-1,-1,-1,3.3,30.53,,*5c
4174,2019113,13.08.2019,204100,3100,-1,-1,-1,-1,-1,-1,03357.754,6958.586335 N,02001.318401 E,169.64,,,-1,11.2,9.9,,,1002.7,84,-1,-1,-1,-1,-1,3.3,30.60,,*5c
4174,2019113,13.08.2019,204200,3100,-1,-1,-1,-1,-1,-1,03357.808,6958.629755 N,02001.412447 E,170.10,,,-1,11.3,9.9,8.9,18,1002.7,84,-1,-1,-1,-1,-1,3.3,30.55,,*5c
4174,2019113,13.08.2019,204300,3100,-1,-1,-1,-1,-1,-1,03357.861,6958.673068 N,02001.505432 E,169.64,,,-1,11.3,9.9,8.4,20,1002.7,83,-1,-1,-1,-1,-1,3.2,30.51,,*5c
4174,2019113,13.08.2019,204400,3100,-1,-1,-1,-1,-1,-1,03357.915,6958.716544 N,02001.597104 E,169.73,,,-1,11.3,9.9,10.4,18,1002.7,83,-1,-1,-1,-1,-1,3.2,30.60,,*5c
4174,2019113,13.08.2019,204500,3100,-1,-1,-1,-1,-1,-1,03357.967,6958.759357 N,02001.686999 E,171.16,,,-1,11.3,9.9,,,1002.7,83,-1,-1,-1,-1,-1,3.1,30.68,,*5c
4174,2019113,13.08.2019,204600,3100,-1,-1,-1,-1,-1,-1,03358.018,6958.800863 N,02001.774916 E,171.59,,,-1,11.2,9.8,8.5,23,1002.7,84,-1,-1,-1,-1,-1,3.0,30.70,,*5c
4174,2019113,13.08.2019,204700,3100,-1,-1,-1,-1,-1,-1,03358.068,6958.842053 N,02001.862411 E,174.07,,,-1,11.2,9.8,8.7,24,1002.7,84,-1,-1,-1,-1,-1,3.1,30.70,,*5c
4174,2019113,13.08.2019,204800,3100,-1,-1,-1,-1,-1,-1,03358.119,6958.884773 N,02001.952096 E,175.10,,,-1,11.2,9.8,8.1,20,1002.7,84,-1,-1,-1,-1,-1,3.3,30.71,,*5c
4174,2019113,13.08.2019,204900,3100,-1,-1,-1,-1,-1,-1,03358.171,6958.927274 N,02002.042044 E,181.25,,,-1,11.2,9.7,,,1002.7,84,-1,-1,-1,-1,-1,3.1,30.60,,*5c
4174,2019113,13.08.2019,205000,3100,-1,-1,-1,-1,-1,-1,03358.223,6958.969933 N,02002.132427 E,183.45,,,-1,11.2,9.7,8.5,20,1002.7,85,-1,-1,-1,-1,-1,3.4,30.61,,*5c
4174,2019113,13.08.2019,205100,3100,-1,-1,-1,-1,-1,-1,03358.277,6959.014027 N,02002.225074 E,185.45,,,-1,11.2,9.7,8.8,18,1002.7,84,-1,-1,-1,-1,-1,3.2,30.52,,*5c
4174,2019113,13.08.2019,205200,3100,-1,-1,-1,-1,-1,-1,03358.330,6959.058123 N,02002.316722 E,187.95,,,-1,11.2,9.7,8.7,16,1002.7,84,-1,-1,-1,-1,-1,3.5,30.59,,*5c
4174,2019113,13.08.2019,205300,3100,-1,-1,-1,-1,-1,-1,03358.385,6959.103121 N,02002.408691 E,188.28,,,-1,11.2,9.7,9.9,14,1002.7,84,-1,-1,-1,-1,-1,3.2,30.59,,*5c
4174,2019113,13.08.2019,205400,3100,-1,-1,-1,-1,-1,-1,03358.437,6959.146367 N,02002.497115 E,191.34,,,-1,11.1,9.7,10.0,13,1002.7,85,-1,-1,-1,-1,-1,3.2,30.60,,*5c
4174,2019113,13.08.2019,205500,3100,-1,-1,-1,-1,-1,-1,03358.491,6959.191561 N,02002.588134 E,190.43,,,-1,11.0,9.7,9.0,14,1002.8,86,-1,-1,-1,-1,-1,3.2,30.51,,*5c
4174,2019113,13.08.2019,205600,3100,-1,-1,-1,-1,-1,-1,03358.542,6959.233322 N,02002.672457 E,189.69,,,-1,-999.00,-999.00,9.2,15,-999.00,-999.00,-1,-1,-1,-1,-1,3.1,30.50,,*5c
4174,2019113,13.08.2019,205700,3100,-1,-1,-1,-1,-1,-1,03358.592,6959.275443 N,02002.757121 E,188.68,,,-1,11.0,9.7,9.1,14,1002.8,86,-1,-1,-1,-1,-1,3.1,30.49,,*5c
4174,2019113,13.08.2019,205800,3100,-1,-1,-1,-1,-1,-1,03358.642,6959.317753 N,02002.840321 E,186.68,,,-1,11.2,9.7,10.2,17,1002.7,85,-1,-1,-1,-1,-1,3.1,30.42,,*5c
4174,2019113,13.08.2019,205900,3100,-1,-1,-1,-1,-1,-1,03358.692,6959.360201 N,02002.923231 E,183.37,,,-1,11.1,9.8,10.3,17,1002.7,85,-1,-1,-1,-1,-1,3.1,30.54,,*5c
4174,2019113,13.08.2019,210000,3100,-1,-1,-1,-1,-1,-1,03358.742,6959.402554 N,02003.005713 E,183.98,,,-1,11.0,9.8,10.0,9,1002.7,86,-1,-1,-1,-1,-1,3.0,30.50,,*5c
4174,2019113,13.08.2019,210100,3100,-1,-1,-1,-1,-1,-1,03358.792,6959.444917 N,02003.086709 E,185.99,,,-1,11.0,9.8,10.0,18,1002.7,86,-1,-1,-1,-1,-1,3.0,30.52,,*5c
4174,2019113,13.08.2019,210200,3100,-1,-1,-1,-1,-1,-1,03358.842,6959.487221 N,02003.167361 E,191.84,,,-1,11.0,9.9,11.5,17,1002.7,86,-1,-1,-1,-1,-1,3.0,30.48,,*5c
4174,2019113,13.08.2019,210300,3100,-1,-1,-1,-1,-1,-1,03358.892,6959.529551 N,02003.247520 E,194.99,,,-1,11.0,9.9,8.2,21,1002.7,86,-1,-1,-1,-1,-1,3.1,30.52,,*5c
4174,2019113,13.08.2019,210400,3100,-1,-1,-1,-1,-1,-1,03358.942,6959.571508 N,02003.328154 E,200.50,,,-1,10.9,9.9,,,1002.7,86,-1,-1,-1,-1,-1,3.0,30.53,,*5c
4174,2019113,13.08.2019,210500,3100,-1,-1,-1,-1,-1,-1,03358.992,6959.613312 N,02003.408950 E,201.00,,,-1,10.9,9.9,8.3,22,1002.7,86,-1,-1,-1,-1,-1,3.0,30.51,,*5c
4174,2019113,13.08.2019,210600,3100,-1,-1,-1,-1,-1,-1,03359.040,6959.654913 N,02003.488613 E,203.80,,,-1,11.0,9.9,10.9,22,1002.6,87,-1,-1,-1,-1,-1,3.0,30.48,,*5c
4174,2019113,13.08.2019,210700,3100,-1,-1,-1,-1,-1,-1,03359.091,6959.697151 N,02003.569062 E,203.80,,,-1,11.0,9.9,10.5,20,1002.6,86,-1,-1,-1,-1,-1,3.1,30.52,,*5c
4174,2019113,13.08.2019,210800,3100,-1,-1,-1,-1,-1,-1,03359.140,6959.739332 N,02003.649611 E,203.53,,,-1,11.0,9.9,10.6,25,1002.6,87,-1,-1,-1,-1,-1,3.1,30.63,,*5c
4174,2019113,13.08.2019,210900,3100,-1,-1,-1,-1,-1,-1,03359.190,6959.781317 N,02003.730749 E,203.03,,,-1,11.0,9.9,10.0,22,1002.6,87,-1,-1,-1,-1,-1,3.1,30.57,,*5c
4174,2019113,13.08.2019,211000,3100,-1,-1,-1,-1,-1,-1,03359.240,6959.823085 N,02003.811599 E,201.94,,,-1,11.0,9.9,10.0,22,1002.6,87,-1,-1,-1,-1,-1,3.0,30.54,,*5c
4174,2019113,13.08.2019,211100,3100,-1,-1,-1,-1,-1,-1,03359.288,6959.864154 N,02003.892571 E,195.15,,,-1,11.1,9.9,9.8,19,1002.6,87,-1,-1,-1,-1,-1,3.1,30.58,,*5c
4174,2019113,13.08.2019,211200,3100,-1,-1,-1,-1,-1,-1,03359.338,6959.905533 N,02003.975215 E,188.78,,,-1,-999.00,-999.00,9.6,20,-999.00,-999.00,-1,-1,-1,-1,-1,3.0,30.67,,*5c
4174,2019113,13.08.2019,211227,0,1,196,-1,-1,-1,-1,03359.361,6959.924182 N,02004.012610 E,184.14,151.34,204.07,-1,11.1,9.9,10.6,,1002.6,87,-1,-1,-1,-1,-1,3.1,30.72,1,3513,1602,2501,120,14.13,52.13,Sjøtest av Harstadtrål  0-gruppe Trål.Ny rigging,*5c
4174,2019113,13.08.2019,211300,3100,-1,-1,-1,-1,-1,-1,03359.387,6959.945871 N,02004.056845 E,181.18,,,-1,11.1,9.9,9.5,20,1002.6,87,-1,-1,-1,-1,-1,2.6,30.51,,*5c
4174,2019113,13.08.2019,211400,3100,-1,-1,-1,-1,-1,-1,03359.423,6959.970919 N,02004.112225 E,176.39,,,-1,11.2,9.9,,,1002.6,86,-1,-1,-1,-1,-1,1.4,28.41,,*5c
4174,2019113,13.08.2019,211500,3100,-1,-1,-1,-1,-1,-1,03359.445,6959.986204 N,02004.149322 E,175.32,,,-1,11.3,9.9,10.3,16,1002.6,86,-1,-1,-1,-1,-1,1.2,28.30,,*5c
4174,2019113,13.08.2019,211600,3100,-1,-1,-1,-1,-1,-1,03359.463,7000.000219 N,02004.183325 E,168.35,,,-1,11.4,9.8,9.4,14,1002.6,85,-1,-1,-1,-1,-1,1.2,24.43,,*5c
4174,2019113,13.08.2019,211700,3100,-1,-1,-1,-1,-1,-1,03359.485,7000.021598 N,02004.225378 E,165.08,,,-1,11.4,9.9,8.7,17,1002.6,85,-1,-1,-1,-1,-1,2.0,28.64,,*5c
4174,2019113,13.08.2019,211800,3100,-1,-1,-1,-1,-1,-1,03359.518,7000.052653 N,02004.283596 E,160.23,,,-1,11.2,9.9,10.3,,1002.7,85,-1,-1,-1,-1,-1,2.4,26.96,,*5c
4174,2019113,13.08.2019,211900,3100,-1,-1,-1,-1,-1,-1,03359.558,7000.087593 N,02004.346108 E,154.64,,,-1,11.2,9.9,10.7,17,1002.6,86,-1,-1,-1,-1,-1,2.5,28.48,,*5c
4174,2019113,13.08.2019,212000,3100,-1,-1,-1,-1,-1,-1,03359.599,7000.124218 N,02004.413027 E,149.13,,,-1,11.2,9.9,9.9,15,1002.6,85,-1,-1,-1,-1,-1,2.8,27.87,,*5c
4174,2019113,13.08.2019,212100,3100,-1,-1,-1,-1,-1,-1,03359.649,7000.169385 N,02004.495814 E,148.95,,,-1,11.2,9.9,,,1002.6,85,-1,-1,-1,-1,-1,3.5,30.69,,*5c
4174,2019113,13.08.2019,212200,3100,-1,-1,-1,-1,-1,-1,03359.707,7000.218400 N,02004.594249 E,146.08,,,-1,11.2,9.8,10.1,17,1002.6,85,-1,-1,-1,-1,-1,3.9,28.70,,*5c
4174,2019113,13.08.2019,212300,3100,-1,-1,-1,-1,-1,-1,03359.768,7000.273070 N,02004.690821 E,143.48,,,-1,11.2,9.8,10.8,17,1002.6,85,-1,-1,-1,-1,-1,4.0,31.33,,*5c
4174,2019113,13.08.2019,212400,3100,-1,-1,-1,-1,-1,-1,03359.835,7000.331627 N,02004.794293 E,144.75,,,-1,11.3,9.7,10.6,11,1002.6,85,-1,-1,-1,-1,-1,4.3,26.01,,*5c
4174,2019113,13.08.2019,212500,3100,-1,-1,-1,-1,-1,-1,03359.904,7000.393012 N,02004.883786 E,142.74,,,-1,-999.00,-999.00,8.8,17,-999.00,-999.00,-1,-1,-1,-1,-1,3.9,20.90,,*5c
4174,2019113,13.08.2019,212600,3100,-1,-1,-1,-1,-1,-1,03359.972,7000.456298 N,02004.969247 E,146.14,,,-1,11.3,9.7,8.6,15,1002.6,85,-1,-1,-1,-1,-1,4.4,25.03,,*5c
4174,2019113,13.08.2019,212700,3100,-1,-1,-1,-1,-1,-1,03360.052,7000.531708 N,02005.080441 E,147.11,,,-1,11.2,9.5,9.0,16,1002.5,85,-1,-1,-1,-1,-1,5.6,24.24,,*5c
4174,2019113,13.08.2019,212800,3100,-1,-1,-1,-1,-1,-1,03360.147,7000.621422 N,02005.209347 E,144.33,,,-1,11.2,9.5,8.8,12,1002.5,85,-1,-1,-1,-1,-1,6.3,24.10,,*5c
4174,2019113,13.08.2019,212900,3100,-1,-1,-1,-1,-1,-1,03360.254,7000.718478 N,02005.347710 E,146.06,,,-1,11.2,9.5,11.7,14,1002.5,85,-1,-1,-1,-1,-1,6.6,24.21,,*5c
4174,2019113,13.08.2019,213000,3100,-1,-1,-1,-1,-1,-1,03360.362,7000.818191 N,02005.490872 E,148.03,,,-1,11.2,9.5,9.2,8,1002.6,86,-1,-1,-1,-1,-1,6.8,24.11,,*5c
4174,2019113,13.08.2019,213100,3100,-1,-1,-1,-1,-1,-1,03360.475,7000.917561 N,02005.635461 E,152.93,,,-1,11.2,9.5,12.5,6,1002.6,86,-1,-1,-1,-1,-1,6.7,24.27,,*5c
4174,2019113,13.08.2019,213200,3100,-1,-1,-1,-1,-1,-1,03360.586,7001.017177 N,02005.782635 E,158.68,,,-1,11.3,9.6,10.4,11,1002.6,85,-1,-1,-1,-1,-1,6.8,24.18,,*5c
4174,2019113,13.08.2019,213300,3100,-1,-1,-1,-1,-1,-1,03360.700,7001.122227 N,02005.936296 E,163.39,,,-1,11.3,9.6,10.0,,1002.6,85,-1,-1,-1,-1,-1,7.5,24.18,,*5c
4174,2019113,13.08.2019,213400,3100,-1,-1,-1,-1,-1,-1,03360.827,7001.238887 N,02006.104039 E,187.32,,,-1,-999.00,-999.00,10.8,,-999.00,-999.00,-1,-1,-1,-1,-1,8.2,24.29,,*5c
4174,2019113,13.08.2019,213500,3100,-1,-1,-1,-1,-1,-1,03360.962,7001.361916 N,02006.279992 E,197.74,,,-1,11.2,9.6,6.7,10,1002.6,85,-1,-1,-1,-1,-1,8.3,24.27,,*5c
4174,2019113,13.08.2019,213600,3100,-1,-1,-1,-1,-1,-1,03361.102,7001.486939 N,02006.464030 E,200.11,,,-1,11.2,9.6,7.1,11,1002.6,85,-1,-1,-1,-1,-1,8.5,24.31,,*5c
4174,2019113,13.08.2019,213700,3100,-1,-1,-1,-1,-1,-1,03361.241,7001.614121 N,02006.649771 E,209.47,,,-1,-999.00,-999.00,10.8,16,-999.00,-999.00,-1,-1,-1,-1,-1,8.5,24.20,,*5c
4174,2019113,13.08.2019,213800,3100,-1,-1,-1,-1,-1,-1,03361.385,7001.741677 N,02006.837419 E,213.69,,,-1,11.2,9.6,10.8,17,1002.6,85,-1,-1,-1,-1,-1,8.6,24.31,,*5c
4174,2019113,13.08.2019,213900,3100,-1,-1,-1,-1,-1,-1,03361.526,7001.869963 N,02007.024751 E,215.16,,,-1,11.2,9.7,,,1002.6,85,-1,-1,-1,-1,-1,8.7,24.24,,*5c
4174,2019113,13.08.2019,214000,3100,-1,-1,-1,-1,-1,-1,03361.672,7001.999257 N,02007.212068 E,215.22,,,-1,11.2,9.8,7.6,19,1002.5,86,-1,-1,-1,-1,-1,8.8,24.40,,*5c
4174,2019113,13.08.2019,214100,3100,-1,-1,-1,-1,-1,-1,03361.822,7002.135985 N,02007.409576 E,218.06,,,-1,11.3,10.1,13.3,12,1002.6,85,-1,-1,-1,-1,-1,9.5,24.31,,*5c
4174,2019113,13.08.2019,214200,3100,-1,-1,-1,-1,-1,-1,03361.979,7002.279778 N,02007.614219 E,218.02,,,-1,-999.00,-999.00,12.6,8,-999.00,-999.00,-1,-1,-1,-1,-1,9.7,24.22,,*5c
4174,2019113,13.08.2019,214300,3100,-1,-1,-1,-1,-1,-1,03362.141,7002.426257 N,02007.818374 E,0.00,,,-1,11.2,10.2,14.8,15,1002.4,86,-1,-1,-1,-1,-1,9.7,24.52,,*5c
4174,2019113,13.08.2019,214400,3100,-1,-1,-1,-1,-1,-1,03362.304,7002.574369 N,02008.028199 E,0.00,,,-1,-999.00,-999.00,8.2,17,-999.00,-999.00,-1,-1,-1,-1,-1,10.0,24.08,,*5c
4174,2019113,13.08.2019,214500,3100,-1,-1,-1,-1,-1,-1,03362.471,7002.725120 N,02008.240820 E,0.00,,,-1,11.2,10.3,11.3,15,1002.4,86,-1,-1,-1,-1,-1,10.0,24.21,,*5c
4174,2019113,13.08.2019,214600,3100,-1,-1,-1,-1,-1,-1,03362.637,7002.876769 N,02008.454464 E,0.00,,,-1,11.1,10.3,8.1,7,1002.6,87,-1,-1,-1,-1,-1,10.2,24.41,,*5c
4174,2019113,13.08.2019,214700,3100,-1,-1,-1,-1,-1,-1,03362.807,7003.028852 N,02008.671673 E,0.00,,,-1,-999.00,-999.00,12.3,4,-999.00,-999.00,-1,-1,-1,-1,-1,10.3,24.29,,*5c
4174,2019113,13.08.2019,214800,3100,-1,-1,-1,-1,-1,-1,03362.975,7003.180390 N,02008.885491 E,0.00,,,-1,11.2,10.3,13.3,13,1002.5,87,-1,-1,-1,-1,-1,10.0,24.39,,*5c
4174,2019113,13.08.2019,214900,3100,-1,-1,-1,-1,-1,-1,03363.144,7003.331397 N,02009.101620 E,0.00,,,-1,11.3,10.3,9.0,6,1002.5,86,-1,-1,-1,-1,-1,10.2,24.13,,*5c
4174,2019113,13.08.2019,215000,3100,-1,-1,-1,-1,-1,-1,03363.314,7003.484009 N,02009.317579 E,0.00,,,-1,11.3,10.4,13.9,7,1002.4,86,-1,-1,-1,-1,-1,10.3,24.16,,*5c
4174,2019113,13.08.2019,215100,3100,-1,-1,-1,-1,-1,-1,03363.484,7003.638327 N,02009.536753 E,0.00,,,-1,11.3,10.7,9.7,348,1002.6,85,-1,-1,-1,-1,-1,10.5,24.24,,*5c
4174,2019113,13.08.2019,215200,3100,-1,-1,-1,-1,-1,-1,03363.656,7003.792666 N,02009.754833 E,0.00,,,-1,-999.00,-999.00,10.4,,-999.00,-999.00,-1,-1,-1,-1,-1,10.3,24.49,,*5c
4174,2019113,13.08.2019,215300,3100,-1,-1,-1,-1,-1,-1,03363.826,7003.947566 N,02009.973380 E,0.00,,,-1,11.3,10.8,7.7,4,1002.7,85,-1,-1,-1,-1,-1,10.4,24.15,,*5c
4174,2019113,13.08.2019,215400,3100,-1,-1,-1,-1,-1,-1,03363.997,7004.103066 N,02010.190001 E,0.00,,,-1,11.2,11.1,13.9,7,1002.7,86,-1,-1,-1,-1,-1,10.3,24.13,,*5c
4174,2019113,13.08.2019,215500,3100,-1,-1,-1,-1,-1,-1,03364.169,7004.259307 N,02010.406637 E,0.00,,,-1,11.2,11.1,,,1002.7,86,-1,-1,-1,-1,-1,10.5,24.39,,*5c
4174,2019113,13.08.2019,215600,3100,-1,-1,-1,-1,-1,-1,03364.344,7004.417467 N,02010.624449 E,0.00,,,-1,11.1,11.3,10.6,357,1002.6,86,-1,-1,-1,-1,-1,10.4,24.21,,*5c
4174,2019113,13.08.2019,215700,3100,-1,-1,-1,-1,-1,-1,03364.518,7004.575548 N,02010.843881 E,0.00,,,-1,11.1,11.3,5.7,351,1002.6,86,-1,-1,-1,-1,-1,10.6,23.92,,*5c
4174,2019113,13.08.2019,215800,3100,-1,-1,-1,-1,-1,-1,03364.694,7004.734233 N,02011.062037 E,0.00,,,-1,11.0,11.2,7.6,6,1002.7,88,-1,-1,-1,-1,-1,10.4,24.41,,*5c
4174,2019113,13.08.2019,215900,3100,-1,-1,-1,-1,-1,-1,03364.869,7004.892008 N,02011.280460 E,0.00,,,-1,10.9,11.3,6.7,358,1002.7,88,-1,-1,-1,-1,-1,10.6,24.33,,*5c
4174,2019113,13.08.2019,220000,3100,-1,-1,-1,-1,-1,-1,03365.044,7005.050694 N,02011.500742 E,0.00,,,-1,-999.00,-999.00,,,-999.00,-999.00,-1,-1,-1,-1,-1,10.5,24.11,,*5c
4174,2019113,13.08.2019,220100,3100,-1,-1,-1,-1,-1,-1,03365.220,7005.208403 N,02011.720722 E,0.00,,,-1,10.9,11.4,6.2,350,1002.7,88,-1,-1,-1,-1,-1,10.5,24.20,,*5c
4174,2019113,13.08.2019,220200,3100,-1,-1,-1,-1,-1,-1,03365.389,7005.363828 N,02011.938338 E,0.00,,,-1,10.9,11.5,15.4,357,1002.8,88,-1,-1,-1,-1,-1,10.3,24.33,,*5c
4174,2019113,13.08.2019,220300,3100,-1,-1,-1,-1,-1,-1,03365.562,7005.518681 N,02012.157809 E,0.00,,,-1,10.8,11.5,,,1002.8,88,-1,-1,-1,-1,-1,10.2,24.42,,*5c
4174,2019113,13.08.2019,220400,3100,-1,-1,-1,-1,-1,-1,03365.732,7005.671060 N,02012.375411 E,0.00,,,-1,10.8,11.5,13.5,356,1002.8,88,-1,-1,-1,-1,-1,10.3,24.10,,*5c
4174,2019113,13.08.2019,220500,3100,-1,-1,-1,-1,-1,-1,03365.902,7005.823793 N,02012.593738 E,0.00,,,-1,10.8,11.4,14.4,352,1002.7,88,-1,-1,-1,-1,-1,10.3,24.22,,*5c
4174,2019113,13.08.2019,220600,3100,-1,-1,-1,-1,-1,-1,03366.072,7005.977608 N,02012.814168 E,0.00,,,-1,10.8,11.4,10.9,352,1002.7,87,-1,-1,-1,-1,-1,10.3,24.39,,*5c
4174,2019113,13.08.2019,220700,3100,-1,-1,-1,-1,-1,-1,03366.242,7006.130266 N,02013.035327 E,0.00,,,-1,10.8,11.3,15.4,351,1002.7,88,-1,-1,-1,-1,-1,10.3,24.51,,*5c
4174,2019113,13.08.2019,220800,3100,-1,-1,-1,-1,-1,-1,03366.414,7006.284499 N,02013.257340 E,0.00,,,-1,10.7,11.2,12.3,349,1002.7,88,-1,-1,-1,-1,-1,10.4,24.66,,*5c
4174,2019113,13.08.2019,220900,3100,-1,-1,-1,-1,-1,-1,03366.586,7006.440688 N,02013.476490 E,0.00,,,-1,-999.00,-999.00,,347,-999.00,-999.00,-1,-1,-1,-1,-1,10.4,24.42,,*5c
4174,2019113,13.08.2019,221000,3100,-1,-1,-1,-1,-1,-1,03366.761,7006.597975 N,02013.694741 E,0.00,,,-1,10.4,11.1,13.1,349,1002.7,89,-1,-1,-1,-1,-1,10.5,24.29,,*5c
4174,2019113,13.08.2019,221100,3100,-1,-1,-1,-1,-1,-1,03366.934,7006.754997 N,02013.909075 E,0.00,,,-1,10.4,11.0,8.4,351,1002.7,89,-1,-1,-1,-1,-1,10.4,24.12,,*5c
4174,2019113,13.08.2019,221200,3100,-1,-1,-1,-1,-1,-1,03367.108,7006.912747 N,02014.119285 E,0.00,,,-1,10.4,11.0,9.3,352,1002.7,89,-1,-1,-1,-1,-1,10.4,24.79,,*5c
4174,2019113,13.08.2019,221300,3100,-1,-1,-1,-1,-1,-1,03367.280,7007.071779 N,02014.325241 E,0.00,,,-1,10.4,10.9,13.2,350,1002.7,89,-1,-1,-1,-1,-1,10.3,24.18,,*5c
4174,2019113,13.08.2019,221400,3100,-1,-1,-1,-1,-1,-1,03367.454,7007.231466 N,02014.534004 E,0.00,,,-1,-999.00,-999.00,,351,-999.00,-999.00,-1,-1,-1,-1,-1,10.6,24.11,,*5c
4174,2019113,13.08.2019,221500,3100,-1,-1,-1,-1,-1,-1,03367.628,7007.392081 N,02014.742171 E,0.00,,,-1,10.3,10.8,7.3,349,1002.7,90,-1,-1,-1,-1,-1,10.6,24.23,,*5c
4174,2019113,13.08.2019,221600,3100,-1,-1,-1,-1,-1,-1,03367.806,7007.552528 N,02014.948644 E,0.00,,,-1,10.2,10.8,,359,1002.7,90,-1,-1,-1,-1,-1,10.5,24.08,,*5c
4174,2019113,13.08.2019,221700,3100,-1,-1,-1,-1,-1,-1,03367.978,7007.710315 N,02015.149343 E,0.00,,,-1,10.3,10.8,8.5,360,1002.7,91,-1,-1,-1,-1,-1,10.3,24.36,,*5c
4174,2019113,13.08.2019,221800,3100,-1,-1,-1,-1,-1,-1,03368.149,7007.868185 N,02015.354387 E,0.00,,,-1,10.2,10.8,8.5,11,1002.4,91,-1,-1,-1,-1,-1,10.4,24.11,,*5c
4174,2019113,13.08.2019,221900,3100,-1,-1,-1,-1,-1,-1,03368.322,7008.025652 N,02015.559427 E,0.00,,,-1,10.3,10.8,13.8,,1002.4,91,-1,-1,-1,-1,-1,10.5,24.28,,*5c
4174,2019113,13.08.2019,222000,3100,-1,-1,-1,-1,-1,-1,03368.492,7008.181771 N,02015.763012 E,0.00,,,-1,10.3,10.8,13.8,10,1002.4,91,-1,-1,-1,-1,-1,10.3,24.28,,*5c
4174,2019113,13.08.2019,222100,3100,-1,-1,-1,-1,-1,-1,03368.664,7008.337739 N,02015.973432 E,0.00,,,-1,10.2,10.6,16.0,9,1002.3,90,-1,-1,-1,-1,-1,10.5,23.90,,*5c
4174,2019113,13.08.2019,222200,3100,-1,-1,-1,-1,-1,-1,03368.836,7008.495036 N,02016.184293 E,0.00,,,-1,10.2,10.5,15.6,,1002.3,91,-1,-1,-1,-1,-1,10.6,24.12,,*5c
4174,2019113,13.08.2019,222300,3100,-1,-1,-1,-1,-1,-1,03369.009,7008.651957 N,02016.398457 E,0.00,,,-1,10.2,10.3,14.6,11,1002.3,90,-1,-1,-1,-1,-1,10.4,24.32,,*5c
4174,2019113,13.08.2019,222400,3100,-1,-1,-1,-1,-1,-1,03369.182,7008.808775 N,02016.614211 E,0.00,,,-1,10.1,10.1,12.7,15,1002.3,90,-1,-1,-1,-1,-1,10.4,24.21,,*5c
4174,2019113,13.08.2019,222500,3100,-1,-1,-1,-1,-1,-1,03369.356,7008.966651 N,02016.831482 E,0.00,,,-1,10.1,10.1,9.3,12,1002.3,91,-1,-1,-1,-1,-1,10.7,24.04,,*5c
4174,2019113,13.08.2019,222600,3100,-1,-1,-1,-1,-1,-1,03369.529,7009.123649 N,02017.048064 E,0.00,,,-1,10.1,9.9,,9,1002.3,91,-1,-1,-1,-1,-1,10.3,24.43,,*5c
4174,2019113,13.08.2019,222700,3100,-1,-1,-1,-1,-1,-1,03369.702,7009.279295 N,02017.265981 E,0.00,,,-1,10.2,9.9,16.2,9,1002.3,91,-1,-1,-1,-1,-1,10.4,24.37,,*5c
4174,2019113,13.08.2019,222800,3100,-1,-1,-1,-1,-1,-1,03369.872,7009.432483 N,02017.482862 E,0.00,,,-1,10.2,9.8,17.3,5,1002.2,91,-1,-1,-1,-1,-1,10.1,24.12,,*5c
4174,2019113,13.08.2019,222900,3100,-1,-1,-1,-1,-1,-1,03370.042,7009.586156 N,02017.699052 E,0.00,,,-1,10.2,9.8,11.9,7,1002.2,90,-1,-1,-1,-1,-1,10.3,24.59,,*5c
4174,2019113,13.08.2019,223000,3100,-1,-1,-1,-1,-1,-1,03370.212,7009.738524 N,02017.917411 E,0.00,,,-1,10.2,9.6,11.6,4,1002.2,90,-1,-1,-1,-1,-1,10.1,24.09,,*5c
4174,2019113,13.08.2019,223100,3100,-1,-1,-1,-1,-1,-1,03370.381,7009.892502 N,02018.133567 E,0.00,,,-1,10.1,9.6,17.1,,1002.2,91,-1,-1,-1,-1,-1,10.5,23.98,,*5c
4174,2019113,13.08.2019,223200,3100,-1,-1,-1,-1,-1,-1,03370.554,7010.049008 N,02018.349955 E,0.00,,,-1,10.1,9.4,11.7,4,1002.3,90,-1,-1,-1,-1,-1,10.5,24.17,,*5c
4174,2019113,13.08.2019,223300,3100,-1,-1,-1,-1,-1,-1,03370.727,7010.205764 N,02018.563296 E,0.00,,,-1,10.2,9.2,15.9,6,1002.2,90,-1,-1,-1,-1,-1,10.4,23.96,,*5c
4174,2019113,13.08.2019,223400,3100,-1,-1,-1,-1,-1,-1,03370.899,7010.362308 N,02018.775752 E,0.00,,,-1,10.2,9.2,11.8,4,1002.2,91,-1,-1,-1,-1,-1,10.3,24.32,,*5c
4174,2019113,13.08.2019,223500,3100,-1,-1,-1,-1,-1,-1,03371.071,7010.521823 N,02018.951266 E,0.00,,,-1,10.1,9.1,16.5,6,1002.2,91,-1,-1,-1,-1,-1,10.2,16.42,,*5c
4174,2019113,13.08.2019,223600,3100,-1,-1,-1,-1,-1,-1,03371.239,7010.684856 N,02019.093567 E,0.00,,,-1,10.2,9.1,16.7,4,1002.1,91,-1,-1,-1,-1,-1,10.3,16.17,,*5c
4174,2019113,13.08.2019,223700,3100,-1,-1,-1,-1,-1,-1,03371.411,7010.848686 N,02019.238164 E,0.00,,,-1,10.2,9.1,,,1002.1,91,-1,-1,-1,-1,-1,10.4,19.56,,*5c
4174,2019113,13.08.2019,223800,3100,-1,-1,-1,-1,-1,-1,03371.581,7011.009895 N,02019.409969 E,0.00,,,-1,10.1,9.2,16.7,4,1002.1,90,-1,-1,-1,-1,-1,10.3,20.21,,*5c
4174,2019113,13.08.2019,223900,3100,-1,-1,-1,-1,-1,-1,03371.751,7011.168692 N,02019.581529 E,0.00,,,-1,10.3,9.3,11.2,4,1002.1,91,-1,-1,-1,-1,-1,10.2,20.22,,*5c
4174,2019113,13.08.2019,224000,3100,-1,-1,-1,-1,-1,-1,03371.919,7011.328107 N,02019.754969 E,0.00,,,-1,10.3,9.3,16.8,2,1002.2,90,-1,-1,-1,-1,-1,10.3,20.21,,*5c
4174,2019113,13.08.2019,224100,3100,-1,-1,-1,-1,-1,-1,03372.089,7011.487582 N,02019.926946 E,0.00,,,-1,10.3,9.5,10.3,4,1002.2,90,-1,-1,-1,-1,-1,10.4,20.26,,*5c
4174,2019113,13.08.2019,224200,3100,-1,-1,-1,-1,-1,-1,03372.262,7011.647217 N,02020.104432 E,0.00,,,-1,-999.00,-999.00,11.2,3,-999.00,-999.00,-1,-1,-1,-1,-1,10.1,20.14,,*5c
4174,2019113,13.08.2019,224300,3100,-1,-1,-1,-1,-1,-1,03372.429,7011.804892 N,02020.279778 E,0.00,,,-1,10.2,9.4,11.4,1,1002.2,90,-1,-1,-1,-1,-1,10.3,20.26,,*5c
4174,2019113,13.08.2019,224400,3100,-1,-1,-1,-1,-1,-1,03372.599,7011.963847 N,02020.457024 E,0.00,,,-1,10.1,8.7,10.5,355,1002.3,90,-1,-1,-1,-1,-1,10.2,20.23,,*5c
4174,2019113,13.08.2019,224500,3100,-1,-1,-1,-1,-1,-1,03372.768,7012.122850 N,02020.635346 E,0.00,,,-1,-999.00,-999.00,11.4,356,-999.00,-999.00,-1,-1,-1,-1,-1,10.2,20.29,,*5c
4174,2019113,13.08.2019,224600,3100,-1,-1,-1,-1,-1,-1,03372.937,7012.280745 N,02020.812938 E,0.00,,,-1,10.1,8.5,10.5,351,1002.3,91,-1,-1,-1,-1,-1,10.3,20.52,,*5c
4174,2019113,13.08.2019,224700,3100,-1,-1,-1,-1,-1,-1,03373.104,7012.436059 N,02020.992784 E,0.00,,,-1,-999.00,-999.00,12.1,353,-999.00,-999.00,-1,-1,-1,-1,-1,10.0,20.20,,*5c
4174,2019113,13.08.2019,224800,3100,-1,-1,-1,-1,-1,-1,03373.271,7012.590077 N,02021.168657 E,0.00,,,-1,10.1,8.4,16.3,344,1002.4,90,-1,-1,-1,-1,-1,9.9,20.09,,*5c
4174,2019113,13.08.2019,224900,3100,-1,-1,-1,-1,-1,-1,03373.435,7012.745749 N,02021.348431 E,0.00,,,-1,10.1,8.4,11.3,358,1002.4,91,-1,-1,-1,-1,-1,10.0,20.58,,*5c
4174,2019113,13.08.2019,225000,3100,-1,-1,-1,-1,-1,-1,03373.603,7012.900566 N,02021.530609 E,0.00,,,-1,10.0,8.4,10.5,359,1002.4,91,-1,-1,-1,-1,-1,10.3,20.08,,*5c
4174,2019113,13.08.2019,225100,3100,-1,-1,-1,-1,-1,-1,03373.769,7013.055981 N,02021.709295 E,0.00,,,-1,10.0,8.4,11.3,354,1002.4,91,-1,-1,-1,-1,-1,10.0,20.28,,*5c
4174,2019113,13.08.2019,225200,3100,-1,-1,-1,-1,-1,-1,03373.937,7013.212174 N,02021.891707 E,0.00,,,-1,10.0,8.4,15.9,351,1002.4,91,-1,-1,-1,-1,-1,10.1,20.47,,*5c
4174,2019113,13.08.2019,225300,3100,-1,-1,-1,-1,-1,-1,03374.105,7013.367458 N,02022.076849 E,0.00,,,-1,10.0,8.4,15.7,,1002.4,91,-1,-1,-1,-1,-1,10.0,20.19,,*5c
4174,2019113,13.08.2019,225400,3100,-1,-1,-1,-1,-1,-1,03374.272,7013.522852 N,02022.263675 E,0.00,,,-1,10.0,8.5,14.6,344,1002.6,92,-1,-1,-1,-1,-1,10.1,20.33,,*5c
4174,2019113,13.08.2019,225500,3100,-1,-1,-1,-1,-1,-1,03374.442,7013.678789 N,02022.451107 E,0.00,,,-1,10.0,8.5,10.1,344,1002.6,92,-1,-1,-1,-1,-1,10.2,20.56,,*5c
4174,2019113,13.08.2019,225600,3100,-1,-1,-1,-1,-1,-1,03374.607,7013.831929 N,02022.636926 E,0.00,,,-1,10.0,8.5,14.9,340,1002.6,92,-1,-1,-1,-1,-1,10.2,20.23,,*5c
4174,2019113,13.08.2019,225700,3100,-1,-1,-1,-1,-1,-1,03374.772,7013.984771 N,02022.822967 E,0.00,,,-1,9.9,8.6,14.6,342,1002.7,92,-1,-1,-1,-1,-1,10.0,20.42,,*5c
4174,2019113,13.08.2019,225800,3100,-1,-1,-1,-1,-1,-1,03374.937,7014.139135 N,02023.013706 E,0.00,,,-1,-999.00,-999.00,14.2,344,-999.00,-999.00,-1,-1,-1,-1,-1,9.8,20.01,,*5c
4174,2019113,13.08.2019,225900,3100,-1,-1,-1,-1,-1,-1,03375.105,7014.294052 N,02023.200349 E,0.00,,,-1,-999.00,-999.00,14.9,343,-999.00,-999.00,-1,-1,-1,-1,-1,10.1,20.08,,*5c
4174,2019113,13.08.2019,230000,3100,-1,-1,-1,-1,-1,-1,03375.274,7014.451628 N,02023.390067 E,0.00,,,-1,,,9.4,333,,,-1,-1,-1,-1,-1,10.4,20.50,,*5c
4174,2019113,13.08.2019,230100,3100,-1,-1,-1,-1,-1,-1,03375.446,7014.609252 N,02023.580057 E,0.00,,,-1,-999.00,-999.00,10.5,341,-999.00,-999.00,-1,-1,-1,-1,-1,10.4,20.48,,*5c
4174,2019113,13.08.2019,230200,3100,-1,-1,-1,-1,-1,-1,03375.616,7014.766241 N,02023.767957 E,0.00,,,-1,9.8,8.7,9.5,346,1002.8,93,-1,-1,-1,-1,-1,10.4,20.73,,*5c
4174,2019113,13.08.2019,230300,3100,-1,-1,-1,-1,-1,-1,03375.787,7014.927146 N,02023.963205 E,0.00,,,-1,9.8,8.6,8.8,321,1002.9,93,-1,-1,-1,-1,-1,10.3,20.01,,*5c
4174,2019113,13.08.2019,230400,3100,-1,-1,-1,-1,-1,-1,03375.962,7015.089833 N,02024.156440 E,0.00,,,-1,9.7,8.6,9.3,315,1002.9,93,-1,-1,-1,-1,-1,10.6,20.17,,*5c
4174,2019113,13.08.2019,230500,3100,-1,-1,-1,-1,-1,-1,03376.138,7015.255319 N,02024.347271 E,0.00,,,-1,9.7,8.6,6.6,330,1002.9,94,-1,-1,-1,-1,-1,10.8,20.49,,*5c
4174,2019113,13.08.2019,230600,3100,-1,-1,-1,-1,-1,-1,03376.316,7015.420097 N,02024.524094 E,0.00,,,-1,9.7,8.6,6.6,338,1002.9,93,-1,-1,-1,-1,-1,10.5,17.70,,*5c
4174,2019113,13.08.2019,230700,3100,-1,-1,-1,-1,-1,-1,03376.488,7015.584425 N,02024.679449 E,0.00,,,-1,9.8,8.7,13.3,9,1002.7,94,-1,-1,-1,-1,-1,10.3,17.56,,*5c
4174,2019113,13.08.2019,230800,3100,-1,-1,-1,-1,-1,-1,03376.659,7015.747741 N,02024.834852 E,0.00,,,-1,9.8,8.9,9.1,24,1002.1,94,-1,-1,-1,-1,-1,10.3,17.56,,*5c
4174,2019113,13.08.2019,230900,3100,-1,-1,-1,-1,-1,-1,03376.831,7015.909588 N,02024.990947 E,0.00,,,-1,-999.00,-999.00,9.5,25,-999.00,-999.00,-1,-1,-1,-1,-1,10.3,17.40,,*5c
4174,2019113,13.08.2019,231000,3100,-1,-1,-1,-1,-1,-1,03376.999,7016.071315 N,02025.148599 E,0.00,,,-1,9.8,9.2,10.6,30,1002.0,94,-1,-1,-1,-1,-1,10.3,17.17,,*5c
4174,2019113,13.08.2019,231100,3100,-1,-1,-1,-1,-1,-1,03377.172,7016.234134 N,02025.310242 E,0.00,,,-1,-999.00,-999.00,10.3,29,-999.00,-999.00,-1,-1,-1,-1,-1,10.3,17.23,,*5c
4174,2019113,13.08.2019,231200,3100,-1,-1,-1,-1,-1,-1,03377.342,7016.396994 N,02025.469947 E,0.00,,,-1,9.8,9.3,10.0,29,1002.0,93,-1,-1,-1,-1,-1,10.5,17.67,,*5c
4174,2019113,13.08.2019,231300,3100,-1,-1,-1,-1,-1,-1,03377.512,7016.556887 N,02025.628932 E,0.00,,,-1,9.9,9.5,10.5,34,1001.9,93,-1,-1,-1,-1,-1,10.2,17.11,,*5c
4174,2019113,13.08.2019,231400,3100,-1,-1,-1,-1,-1,-1,03377.679,7016.715857 N,02025.785163 E,0.00,,,-1,9.9,9.5,11.0,32,1001.9,93,-1,-1,-1,-1,-1,10.2,17.68,,*5c
4174,2019113,13.08.2019,231500,3100,-1,-1,-1,-1,-1,-1,03377.848,7016.875836 N,02025.942934 E,0.00,,,-1,9.9,9.5,15.2,34,1002.0,93,-1,-1,-1,-1,-1,10.0,16.88,,*5c
4174,2019113,13.08.2019,231600,3100,-1,-1,-1,-1,-1,-1,03378.014,7017.034074 N,02026.092910 E,0.00,,,-1,9.9,9.6,15.8,33,1002.0,93,-1,-1,-1,-1,-1,10.1,17.38,,*5c
4174,2019113,13.08.2019,231700,3100,-1,-1,-1,-1,-1,-1,03378.182,7017.193905 N,02026.243154 E,0.00,,,-1,9.9,9.6,15.7,34,1002.0,93,-1,-1,-1,-1,-1,10.2,17.43,,*5c
4174,2019113,13.08.2019,231800,3100,-1,-1,-1,-1,-1,-1,03378.352,7017.355401 N,02026.394235 E,0.00,,,-1,9.9,9.5,10.0,34,1002.0,93,-1,-1,-1,-1,-1,10.3,17.24,,*5c
4174,2019113,13.08.2019,231900,3100,-1,-1,-1,-1,-1,-1,03378.519,7017.516931 N,02026.545424 E,0.00,,,-1,9.9,9.4,9.8,36,1002.0,93,-1,-1,-1,-1,-1,10.2,17.30,,*5c
4174,2019113,13.08.2019,232000,3100,-1,-1,-1,-1,-1,-1,03378.689,7017.678511 N,02026.695915 E,0.00,,,-1,9.9,9.4,9.8,34,1002.0,93,-1,-1,-1,-1,-1,10.2,16.89,,*5c
4174,2019113,13.08.2019,232100,3100,-1,-1,-1,-1,-1,-1,03378.857,7017.839536 N,02026.845950 E,0.00,,,-1,9.9,9.4,10.8,36,1002.1,93,-1,-1,-1,-1,-1,10.2,17.01,,*5c
4174,2019113,13.08.2019,232200,3100,-1,-1,-1,-1,-1,-1,03379.027,7017.999929 N,02026.997422 E,0.00,,,-1,9.9,9.4,10.2,36,1002.1,93,-1,-1,-1,-1,-1,10.2,17.57,,*5c
4174,2019113,13.08.2019,232300,3100,-1,-1,-1,-1,-1,-1,03379.194,7018.159360 N,02027.152713 E,0.00,,,-1,9.9,9.4,14.4,37,1002.1,93,-1,-1,-1,-1,-1,10.1,16.90,,*5c
4174,2019113,13.08.2019,232400,3100,-1,-1,-1,-1,-1,-1,03379.364,7018.320589 N,02027.305872 E,0.00,,,-1,9.8,9.5,14.6,40,1002.2,94,-1,-1,-1,-1,-1,10.2,17.24,,*5c
4174,2019113,13.08.2019,232500,3100,-1,-1,-1,-1,-1,-1,03379.532,7018.481075 N,02027.472591 E,0.00,,,-1,-999.00,-999.00,9.0,38,-999.00,-999.00,-1,-1,-1,-1,-1,10.2,20.12,,*5c
4174,2019113,13.08.2019,232600,3100,-1,-1,-1,-1,-1,-1,03379.702,7018.638667 N,02027.650792 E,0.00,,,-1,9.8,9.5,14.4,40,1002.2,94,-1,-1,-1,-1,-1,10.1,20.27,,*5c
4174,2019113,13.08.2019,232700,3100,-1,-1,-1,-1,-1,-1,03379.872,7018.797207 N,02027.825672 E,0.00,,,-1,9.8,9.5,14.8,40,1002.1,94,-1,-1,-1,-1,-1,10.3,20.07,,*5c
4174,2019113,13.08.2019,232800,3100,-1,-1,-1,-1,-1,-1,03380.041,7018.956009 N,02028.000188 E,0.00,,,-1,-999.00,-999.00,10.1,40,-999.00,-999.00,-1,-1,-1,-1,-1,10.3,20.23,,*5c
4174,2019113,13.08.2019,232900,3100,-1,-1,-1,-1,-1,-1,03380.211,7019.114644 N,02028.174133 E,0.00,,,-1,9.8,9.4,10.8,39,1002.1,94,-1,-1,-1,-1,-1,10.3,20.21,,*5c
4174,2019113,13.08.2019,233000,3100,-1,-1,-1,-1,-1,-1,03380.377,7019.272553 N,02028.352208 E,0.00,,,-1,9.8,9.4,10.7,37,1002.1,94,-1,-1,-1,-1,-1,10.3,20.53,,*5c
4174,2019113,13.08.2019,233100,3100,-1,-1,-1,-1,-1,-1,03380.547,7019.430951 N,02028.531185 E,0.00,,,-1,9.8,9.4,10.7,35,1002.1,94,-1,-1,-1,-1,-1,10.1,20.11,,*5c
4174,2019113,13.08.2019,233200,3100,-1,-1,-1,-1,-1,-1,03380.717,7019.590023 N,02028.706223 E,0.00,,,-1,9.8,9.4,10.8,39,1002.1,93,-1,-1,-1,-1,-1,10.4,20.68,,*5c
4174,2019113,13.08.2019,233300,3100,-1,-1,-1,-1,-1,-1,03380.887,7019.749324 N,02028.886830 E,0.00,,,-1,9.8,9.4,10.7,39,1002.1,93,-1,-1,-1,-1,-1,10.2,20.19,,*5c
4174,2019113,13.08.2019,233400,3100,-1,-1,-1,-1,-1,-1,03381.057,7019.908015 N,02029.066013 E,0.00,,,-1,9.8,9.4,15.6,37,1002.1,93,-1,-1,-1,-1,-1,10.2,20.44,,*5c
4174,2019113,13.08.2019,233500,3100,-1,-1,-1,-1,-1,-1,03381.228,7020.066513 N,02029.246944 E,0.00,,,-1,-999.00,-999.00,16.1,37,-999.00,-999.00,-1,-1,-1,-1,-1,10.2,20.18,,*5c
4174,2019113,13.08.2019,233600,3100,-1,-1,-1,-1,-1,-1,03381.398,7020.226119 N,02029.426250 E,0.00,,,-1,9.8,9.4,15.5,41,1002.1,93,-1,-1,-1,-1,-1,10.4,19.93,,*5c
4174,2019113,13.08.2019,233700,3100,-1,-1,-1,-1,-1,-1,03381.568,7020.387290 N,02029.602817 E,0.00,,,-1,9.8,9.4,17.1,38,1002.1,93,-1,-1,-1,-1,-1,10.5,19.98,,*5c
4174,2019113,13.08.2019,233800,3100,-1,-1,-1,-1,-1,-1,03381.741,7020.548684 N,02029.775468 E,0.00,,,-1,-999.00,-999.00,16.2,38,-999.00,-999.00,-1,-1,-1,-1,-1,10.5,20.67,,*5c
4174,2019113,13.08.2019,233900,3100,-1,-1,-1,-1,-1,-1,03381.911,7020.709436 N,02029.951717 E,0.00,,,-1,9.8,9.4,9.8,36,1002.1,93,-1,-1,-1,-1,-1,10.4,20.20,,*5c
4174,2019113,13.08.2019,234000,3100,-1,-1,-1,-1,-1,-1,03382.084,7020.871019 N,02030.122689 E,0.00,,,-1,9.8,9.5,10.0,37,1002.1,93,-1,-1,-1,-1,-1,10.3,20.38,,*5c
4174,2019113,13.08.2019,234100,3100,-1,-1,-1,-1,-1,-1,03382.251,7021.029043 N,02030.291847 E,0.00,,,-1,-999.00,-999.00,10.9,36,-999.00,-999.00,-1,-1,-1,-1,-1,10.1,20.07,,*5c
4174,2019113,13.08.2019,234200,3100,-1,-1,-1,-1,-1,-1,03382.419,7021.187715 N,02030.458164 E,0.00,,,-1,9.8,9.5,10.5,39,1002.1,93,-1,-1,-1,-1,-1,10.2,20.53,,*5c
4174,2019113,13.08.2019,234300,3100,-1,-1,-1,-1,-1,-1,03382.587,7021.346360 N,02030.633356 E,0.00,,,-1,-999.00,-999.00,11.3,39,-999.00,-999.00,-1,-1,-1,-1,-1,10.3,19.94,,*5c
4174,2019113,13.08.2019,234400,3100,-1,-1,-1,-1,-1,-1,03382.759,7021.506357 N,02030.801213 E,0.00,,,-1,9.8,9.5,10.6,37,1002.1,93,-1,-1,-1,-1,-1,10.2,20.39,,*5c
4174,2019113,13.08.2019,234500,3100,-1,-1,-1,-1,-1,-1,03382.929,7021.665639 N,02030.971772 E,0.00,,,-1,9.8,9.5,10.4,38,1002.1,93,-1,-1,-1,-1,-1,10.2,20.21,,*5c
4174,2019113,13.08.2019,234600,3100,-1,-1,-1,-1,-1,-1,03383.096,7021.824246 N,02031.141064 E,0.00,,,-1,-999.00,-999.00,15.6,37,-999.00,-999.00,-1,-1,-1,-1,-1,10.2,20.59,,*5c
4174,2019113,13.08.2019,234700,3100,-1,-1,-1,-1,-1,-1,03383.266,7021.982781 N,02031.315081 E,0.00,,,-1,9.8,9.5,15.5,38,1002.1,93,-1,-1,-1,-1,-1,10.1,20.32,,*5c
4174,2019113,13.08.2019,234800,3100,-1,-1,-1,-1,-1,-1,03383.432,7022.140114 N,02031.485278 E,0.00,,,-1,9.8,9.5,10.5,38,1002.1,93,-1,-1,-1,-1,-1,10.2,20.17,,*5c
4174,2019113,13.08.2019,234900,3100,-1,-1,-1,-1,-1,-1,03383.601,7022.297570 N,02031.657840 E,0.00,,,-1,-999.00,-999.00,10.3,37,-999.00,-999.00,-1,-1,-1,-1,-1,10.2,20.48,,*5c
4174,2019113,13.08.2019,235000,3100,-1,-1,-1,-1,-1,-1,03383.767,7022.455045 N,02031.830349 E,0.00,,,-1,9.8,9.5,10.8,36,1002.1,93,-1,-1,-1,-1,-1,10.2,20.27,,*5c
4174,2019113,13.08.2019,235100,3100,-1,-1,-1,-1,-1,-1,03383.935,7022.611405 N,02032.006522 E,0.00,,,-1,9.8,9.5,10.8,37,1002.1,93,-1,-1,-1,-1,-1,10.1,20.95,,*5c
4174,2019113,13.08.2019,235200,3100,-1,-1,-1,-1,-1,-1,03384.102,7022.766320 N,02032.189558 E,0.00,,,-1,-999.00,-999.00,14.9,38,-999.00,-999.00,-1,-1,-1,-1,-1,10.0,20.10,,*5c
4174,2019113,13.08.2019,235300,3100,-1,-1,-1,-1,-1,-1,03384.269,7022.921906 N,02032.372370 E,0.00,,,-1,9.7,9.6,15.7,40,1002.0,94,-1,-1,-1,-1,-1,10.2,19.95,,*5c
4174,2019113,13.08.2019,235400,3100,-1,-1,-1,-1,-1,-1,03384.437,7023.078781 N,02032.557268 E,0.00,,,-1,-999.00,-999.00,15.5,36,-999.00,-999.00,-1,-1,-1,-1,-1,10.0,20.38,,*5c
4174,2019113,13.08.2019,235500,3100,-1,-1,-1,-1,-1,-1,03384.606,7023.236506 N,02032.739498 E,0.00,,,-1,9.7,9.6,15.7,36,1002.1,94,-1,-1,-1,-1,-1,10.2,20.11,,*5c
4174,2019113,13.08.2019,235600,3100,-1,-1,-1,-1,-1,-1,03384.775,7023.393362 N,02032.921511 E,0.00,,,-1,-999.00,-999.00,10.1,38,-999.00,-999.00,-1,-1,-1,-1,-1,10.2,20.62,,*5c
4174,2019113,13.08.2019,235700,3100,-1,-1,-1,-1,-1,-1,03384.944,7023.551238 N,02033.104156 E,0.00,,,-1,9.7,9.7,16.1,36,1002.2,94,-1,-1,-1,-1,-1,10.3,20.57,,*5c
4174,2019113,13.08.2019,235800,3100,-1,-1,-1,-1,-1,-1,03385.114,7023.708840 N,02033.285301 E,0.00,,,-1,-999.00,-999.00,15.8,34,-999.00,-999.00,-1,-1,-1,-1,-1,10.1,20.33,,*5c
4174,2019113,13.08.2019,235900,3100,-1,-1,-1,-1,-1,-1,03385.282,7023.867610 N,02033.462290 E,0.00,,,-1,9.7,9.7,15.6,36,1002.2,94,-1,-1,-1,-1,-1,10.4,19.45,,*5c
4174,2019113,14.08.2019,000000,3100,-1,-1,-1,-1,-1,-1,03385.452,7024.028796 N,02033.630005 E,0.00,,,-1,9.7,9.7,10.3,37,1002.2,94,-1,-1,-1,-1,-1,10.2,19.91,,*5c
