4174,2019113,26.08.2019,000000,3100,-1,-1,-1,-1,-1,-1,05178.918,7327.556275 N,03625.366434 E,254.41,,,-1,4.5,6.4,10.6,138,1017.2,77,-1,-1,-1,-1,-1,10.8,202.55,,*5c
4174,2019113,26.08.2019,000100,3100,-1,-1,-1,-1,-1,-1,05179.098,7327.390695 N,03625.129635 E,252.70,,,-1,4.5,6.4,6.6,135,1017.3,74,-1,-1,-1,-1,-1,10.7,202.79,,*5c
4174,2019113,26.08.2019,000200,3100,-1,-1,-1,-1,-1,-1,05179.274,7327.225674 N,03624.892951 E,254.23,,,-1,4.5,6.4,7.3,142,1017.3,75,-1,-1,-1,-1,-1,10.8,202.64,,*5c
4174,2019113,26.08.2019,000300,3100,-1,-1,-1,-1,-1,-1,05179.454,7327.060644 N,03624.655005 E,253.80,,,-1,4.4,6.4,8.2,134,1017.3,74,-1,-1,-1,-1,-1,10.9,202.67,,*5c
4174,2019113,26.08.2019,000400,3100,-1,-1,-1,-1,-1,-1,05179.632,7326.895724 N,03624.414270 E,255.19,,,-1,4.4,6.5,8.2,136,1017.3,75,-1,-1,-1,-1,-1,10.8,202.78,,*5c
4174,2019113,26.08.2019,000500,3100,-1,-1,-1,-1,-1,-1,05179.810,7326.730391 N,03624.178342 E,252.61,,,-1,-999.00,-999.00,8.1,135,-999.00,-999.00,-1,-1,-1,-1,-1,10.7,202.56,,*5c
4174,2019113,26.08.2019,000600,3100,-1,-1,-1,-1,-1,-1,05179.988,7326.564764 N,03623.941656 E,252.07,,,-1,4.3,6.5,7.8,127,1017.3,76,-1,-1,-1,-1,-1,10.7,202.62,,*5c
4174,2019113,26.08.2019,000700,3100,-1,-1,-1,-1,-1,-1,05180.168,7326.398969 N,03623.702527 E,251.87,,,-1,4.3,6.5,8.5,129,1017.3,76,-1,-1,-1,-1,-1,10.9,202.65,,*5c
4174,2019113,26.08.2019,000800,3100,-1,-1,-1,-1,-1,-1,05180.348,7326.233007 N,03623.465573 E,251.69,,,-1,4.3,6.5,10.6,129,1017.3,77,-1,-1,-1,-1,-1,10.7,202.51,,*5c
4174,2019113,26.08.2019,000900,3100,-1,-1,-1,-1,-1,-1,05180.528,7326.066605 N,03623.226508 E,251.61,,,-1,4.2,6.5,9.7,117,1017.3,77,-1,-1,-1,-1,-1,10.9,202.82,,*5c
4174,2019113,26.08.2019,001000,3100,-1,-1,-1,-1,-1,-1,05180.708,7325.899920 N,03622.987211 E,247.29,,,-1,4.2,6.5,7.0,115,1017.3,78,-1,-1,-1,-1,-1,10.8,202.89,,*5c
4174,2019113,26.08.2019,001100,3100,-1,-1,-1,-1,-1,-1,05180.888,7325.732679 N,03622.750598 E,250.77,,,-1,4.3,6.5,7.1,119,1017.3,78,-1,-1,-1,-1,-1,10.9,202.84,,*5c
4174,2019113,26.08.2019,001200,3100,-1,-1,-1,-1,-1,-1,05181.068,7325.565516 N,03622.513247 E,248.44,,,-1,4.3,6.5,10.3,123,1017.3,76,-1,-1,-1,-1,-1,10.8,202.86,,*5c
4174,2019113,26.08.2019,001300,3100,-1,-1,-1,-1,-1,-1,05181.248,7325.398609 N,03622.273460 E,247.99,,,-1,4.4,6.5,7.6,120,1017.3,77,-1,-1,-1,-1,-1,11.0,202.46,,*5c
4174,2019113,26.08.2019,001400,3100,-1,-1,-1,-1,-1,-1,05181.428,7325.231951 N,03622.035783 E,245.10,,,-1,4.5,6.5,10.2,122,1017.3,76,-1,-1,-1,-1,-1,10.8,202.64,,*5c
4174,2019113,26.08.2019,001500,3100,-1,-1,-1,-1,-1,-1,05181.608,7325.064832 N,03621.799593 E,245.18,,,-1,4.5,6.5,8.6,109,1017.3,74,-1,-1,-1,-1,-1,10.9,202.57,,*5c
4174,2019113,26.08.2019,001600,3100,-1,-1,-1,-1,-1,-1,05181.788,7324.898689 N,03621.563106 E,247.36,,,-1,4.5,6.5,8.8,116,1017.3,75,-1,-1,-1,-1,-1,10.7,202.66,,*5c
4174,2019113,26.08.2019,001700,3100,-1,-1,-1,-1,-1,-1,05181.968,7324.732902 N,03621.326498 E,245.90,,,-1,4.5,6.5,8.4,127,1017.3,75,-1,-1,-1,-1,-1,10.8,202.78,,*5c
4174,2019113,26.08.2019,001800,3100,-1,-1,-1,-1,-1,-1,05182.146,7324.566186 N,03621.090586 E,247.75,,,-1,4.4,6.5,9.8,114,1017.3,74,-1,-1,-1,-1,-1,10.8,202.81,,*5c
4174,2019113,26.08.2019,001900,3100,-1,-1,-1,-1,-1,-1,05182.328,7324.398898 N,03620.854439 E,247.31,,,-1,4.4,6.5,8.5,112,1017.3,74,-1,-1,-1,-1,-1,10.9,202.79,,*5c
4174,2019113,26.08.2019,002000,3100,-1,-1,-1,-1,-1,-1,05182.508,7324.230838 N,03620.617663 E,248.26,,,-1,4.4,6.5,9.7,113,1017.3,75,-1,-1,-1,-1,-1,11.0,202.59,,*5c
4174,2019113,26.08.2019,002100,3100,-1,-1,-1,-1,-1,-1,05182.690,7324.062086 N,03620.379731 E,247.80,,,-1,4.5,6.5,6.2,111,1017.2,76,-1,-1,-1,-1,-1,10.9,202.81,,*5c
4174,2019113,26.08.2019,002200,3100,-1,-1,-1,-1,-1,-1,05182.870,7323.893698 N,03620.139530 E,248.04,,,-1,-999.00,-999.00,6.5,115,-999.00,-999.00,-1,-1,-1,-1,-1,11.0,202.67,,*5c
4174,2019113,26.08.2019,002300,3100,-1,-1,-1,-1,-1,-1,05183.052,7323.725704 N,03619.900597 E,249.31,,,-1,4.5,6.5,6.3,111,1017.2,77,-1,-1,-1,-1,-1,10.8,202.98,,*5c
4174,2019113,26.08.2019,002400,3100,-1,-1,-1,-1,-1,-1,05183.234,7323.558203 N,03619.663305 E,250.55,,,-1,4.5,6.5,8.2,121,1017.2,75,-1,-1,-1,-1,-1,10.8,202.42,,*5c
4174,2019113,26.08.2019,002500,3100,-1,-1,-1,-1,-1,-1,05183.414,7323.390988 N,03619.425044 E,244.40,,,-1,-999.00,-999.00,10.2,117,-999.00,-999.00,-1,-1,-1,-1,-1,10.9,202.58,,*5c
4174,2019113,26.08.2019,002600,3100,-1,-1,-1,-1,-1,-1,05183.596,7323.223571 N,03619.188123 E,244.86,,,-1,4.4,6.5,6.4,109,1017.2,73,-1,-1,-1,-1,-1,10.9,202.68,,*5c
4174,2019113,26.08.2019,002700,3100,-1,-1,-1,-1,-1,-1,05183.774,7323.056030 N,03618.952465 E,243.18,,,-1,4.4,6.5,8.5,111,1017.2,73,-1,-1,-1,-1,-1,10.8,202.92,,*5c
4174,2019113,26.08.2019,002800,3100,-1,-1,-1,-1,-1,-1,05183.956,7322.889352 N,03618.715601 E,242.36,,,-1,4.4,6.5,8.9,110,1017.2,74,-1,-1,-1,-1,-1,10.8,202.52,,*5c
4174,2019113,26.08.2019,002900,3100,-1,-1,-1,-1,-1,-1,05184.134,7322.722754 N,03618.482244 E,241.59,,,-1,4.5,6.5,6.8,133,1017.1,73,-1,-1,-1,-1,-1,10.8,202.50,,*5c
4174,2019113,26.08.2019,003000,3100,-1,-1,-1,-1,-1,-1,05184.316,7322.556403 N,03618.247812 E,239.65,,,-1,4.6,6.5,7.3,137,1017.1,73,-1,-1,-1,-1,-1,10.8,202.87,,*5c
4174,2019113,26.08.2019,003100,3100,-1,-1,-1,-1,-1,-1,05184.494,7322.390204 N,03618.013044 E,239.73,,,-1,-999.00,-999.00,10.4,139,-999.00,-999.00,-1,-1,-1,-1,-1,10.8,202.44,,*5c
4174,2019113,26.08.2019,003200,3100,-1,-1,-1,-1,-1,-1,05184.674,7322.223643 N,03617.778099 E,238.38,,,-1,4.6,6.5,6.5,136,1017.1,73,-1,-1,-1,-1,-1,10.8,202.58,,*5c
4174,2019113,26.08.2019,003300,3100,-1,-1,-1,-1,-1,-1,05184.856,7322.056955 N,03617.542662 E,239.10,,,-1,4.5,6.5,6.9,117,1017.2,75,-1,-1,-1,-1,-1,10.7,202.51,,*5c
4174,2019113,26.08.2019,003400,3100,-1,-1,-1,-1,-1,-1,05185.034,7321.889670 N,03617.307439 E,234.52,,,-1,4.5,6.5,8.7,123,1017.1,74,-1,-1,-1,-1,-1,10.9,202.53,,*5c
4174,2019113,26.08.2019,003500,3100,-1,-1,-1,-1,-1,-1,05185.216,7321.721880 N,03617.073041 E,233.98,,,-1,4.5,6.5,5.5,119,1017.1,75,-1,-1,-1,-1,-1,10.9,202.80,,*5c
4174,2019113,26.08.2019,003600,3100,-1,-1,-1,-1,-1,-1,05185.396,7321.554146 N,03616.838146 E,234.50,,,-1,4.5,6.5,6.1,120,1017.1,75,-1,-1,-1,-1,-1,10.8,202.58,,*5c
4174,2019113,26.08.2019,003700,3100,-1,-1,-1,-1,-1,-1,05185.576,7321.387083 N,03616.600700 E,234.12,,,-1,4.5,6.5,7.9,119,1017.1,73,-1,-1,-1,-1,-1,11.0,202.21,,*5c
4174,2019113,26.08.2019,003800,3100,-1,-1,-1,-1,-1,-1,05185.756,7321.219824 N,03616.365367 E,231.21,,,-1,-999.00,-999.00,8.9,111,-999.00,-999.00,-1,-1,-1,-1,-1,10.8,202.71,,*5c
4174,2019113,26.08.2019,003900,3100,-1,-1,-1,-1,-1,-1,05185.936,7321.052275 N,03616.128167 E,233.16,,,-1,4.5,6.5,9.0,112,1017.1,74,-1,-1,-1,-1,-1,10.9,202.57,,*5c
4174,2019113,26.08.2019,004000,3100,-1,-1,-1,-1,-1,-1,05186.118,7320.884470 N,03615.890818 E,234.35,,,-1,4.4,6.4,8.0,102,1017.1,73,-1,-1,-1,-1,-1,10.8,202.50,,*5c
4174,2019113,26.08.2019,004100,3100,-1,-1,-1,-1,-1,-1,05186.300,7320.716633 N,03615.653143 E,231.90,,,-1,-999.00,-999.00,8.0,103,-999.00,-999.00,-1,-1,-1,-1,-1,10.9,202.79,,*5c
4174,2019113,26.08.2019,004200,3100,-1,-1,-1,-1,-1,-1,05186.480,7320.548922 N,03615.415090 E,227.36,,,-1,4.4,6.4,9.3,107,1017.1,73,-1,-1,-1,-1,-1,10.9,202.62,,*5c
4174,2019113,26.08.2019,004300,3100,-1,-1,-1,-1,-1,-1,05186.662,7320.382040 N,03615.176636 E,232.26,,,-1,4.5,6.4,7.2,142,1017.1,73,-1,-1,-1,-1,-1,10.8,203.20,,*5c
4174,2019113,26.08.2019,004400,3100,-1,-1,-1,-1,-1,-1,05186.842,7320.215398 N,03614.939230 E,231.87,,,-1,-999.00,-999.00,7.0,145,-999.00,-999.00,-1,-1,-1,-1,-1,10.8,202.61,,*5c
4174,2019113,26.08.2019,004500,3100,-1,-1,-1,-1,-1,-1,05187.022,7320.048648 N,03614.703704 E,227.56,,,-1,4.5,6.4,6.9,140,1017.1,73,-1,-1,-1,-1,-1,10.9,202.43,,*5c
4174,2019113,26.08.2019,004600,3100,-1,-1,-1,-1,-1,-1,05187.202,7319.881379 N,03614.471864 E,228.78,,,-1,4.5,6.4,9.0,122,1017.0,73,-1,-1,-1,-1,-1,10.8,202.71,,*5c
4174,2019113,26.08.2019,004700,3100,-1,-1,-1,-1,-1,-1,05187.380,7319.714760 N,03614.238755 E,228.37,,,-1,-999.00,-999.00,9.0,134,-999.00,-999.00,-1,-1,-1,-1,-1,10.9,203.07,,*5c
4174,2019113,26.08.2019,004800,3100,-1,-1,-1,-1,-1,-1,05187.562,7319.548405 N,03614.003744 E,230.79,,,-1,4.5,6.4,5.4,139,1017.0,73,-1,-1,-1,-1,-1,10.8,202.42,,*5c
4174,2019113,26.08.2019,004900,3100,-1,-1,-1,-1,-1,-1,05187.740,7319.383059 N,03613.763192 E,227.92,,,-1,4.4,6.4,7.0,111,1017.0,73,-1,-1,-1,-1,-1,10.8,209.83,,*5c
4174,2019113,26.08.2019,005000,3100,-1,-1,-1,-1,-1,-1,05187.920,7319.228262 N,03613.452151 E,232.36,,,-1,4.4,6.4,6.5,116,1017.0,73,-1,-1,-1,-1,-1,10.8,211.57,,*5c
4174,2019113,26.08.2019,005100,3100,-1,-1,-1,-1,-1,-1,05188.100,7319.074468 N,03613.131821 E,230.50,,,-1,4.4,6.4,9.9,122,1017.0,73,-1,-1,-1,-1,-1,10.7,211.71,,*5c
4174,2019113,26.08.2019,005200,3100,-1,-1,-1,-1,-1,-1,05188.278,7318.920876 N,03612.810768 E,228.30,,,-1,4.4,6.4,8.6,109,1017.1,73,-1,-1,-1,-1,-1,10.8,211.70,,*5c
4174,2019113,26.08.2019,005300,3100,-1,-1,-1,-1,-1,-1,05188.458,7318.766714 N,03612.488613 E,225.08,,,-1,4.4,6.4,8.3,108,1017.1,73,-1,-1,-1,-1,-1,10.8,211.62,,*5c
4174,2019113,26.08.2019,005400,3100,-1,-1,-1,-1,-1,-1,05188.638,7318.612608 N,03612.168837 E,225.95,,,-1,4.4,6.4,10.6,112,1017.1,73,-1,-1,-1,-1,-1,10.9,211.68,,*5c
4174,2019113,26.08.2019,005500,3100,-1,-1,-1,-1,-1,-1,05188.818,7318.458642 N,03611.847446 E,221.70,,,-1,4.4,6.4,8.9,104,1017.1,73,-1,-1,-1,-1,-1,10.8,211.59,,*5c
4174,2019113,26.08.2019,005600,3100,-1,-1,-1,-1,-1,-1,05188.998,7318.303812 N,03611.531589 E,224.04,,,-1,4.4,6.4,9.2,107,1017.1,72,-1,-1,-1,-1,-1,10.8,210.04,,*5c
4174,2019113,26.08.2019,005700,3100,-1,-1,-1,-1,-1,-1,05189.178,7318.145787 N,03611.230571 E,220.91,,,-1,4.4,6.4,7.4,96,1017.1,72,-1,-1,-1,-1,-1,10.9,209.74,,*5c
4174,2019113,26.08.2019,005800,3100,-1,-1,-1,-1,-1,-1,05189.358,7317.987848 N,03610.928685 E,225.90,,,-1,4.4,6.4,8.6,103,1017.1,72,-1,-1,-1,-1,-1,10.8,209.70,,*5c
4174,2019113,26.08.2019,005900,3100,-1,-1,-1,-1,-1,-1,05189.538,7317.829975 N,03610.629329 E,224.80,,,-1,4.4,6.4,8.1,103,1017.1,72,-1,-1,-1,-1,-1,10.8,209.51,,*5c
4174,2019113,26.08.2019,010000,3100,-1,-1,-1,-1,-1,-1,05189.718,7317.672454 N,03610.326700 E,225.76,,,-1,4.4,6.4,8.2,122,1017.1,73,-1,-1,-1,-1,-1,10.8,209.69,,*5c
4174,2019113,26.08.2019,010100,3100,-1,-1,-1,-1,-1,-1,05189.898,7317.514811 N,03610.026686 E,220.09,,,-1,4.4,6.4,6.5,119,1017.1,73,-1,-1,-1,-1,-1,10.9,209.69,,*5c
4174,2019113,26.08.2019,010200,3100,-1,-1,-1,-1,-1,-1,05190.078,7317.357525 N,03609.725668 E,225.67,,,-1,4.4,6.4,6.5,117,1017.1,73,-1,-1,-1,-1,-1,10.8,209.37,,*5c
4174,2019113,26.08.2019,010300,3100,-1,-1,-1,-1,-1,-1,05190.258,7317.200154 N,03609.426163 E,224.66,,,-1,4.4,6.4,7.7,110,1017.1,74,-1,-1,-1,-1,-1,10.8,209.44,,*5c
4174,2019113,26.08.2019,010400,3100,-1,-1,-1,-1,-1,-1,05190.438,7317.042425 N,03609.125467 E,224.21,,,-1,4.4,6.4,7.0,105,1017.1,74,-1,-1,-1,-1,-1,10.9,209.56,,*5c
4174,2019113,26.08.2019,010500,3100,-1,-1,-1,-1,-1,-1,05190.618,7316.884632 N,03608.824519 E,226.03,,,-1,4.4,6.4,7.7,103,1017.0,74,-1,-1,-1,-1,-1,10.9,209.61,,*5c
4174,2019113,26.08.2019,010600,3100,-1,-1,-1,-1,-1,-1,05190.798,7316.727781 N,03608.526178 E,224.41,,,-1,4.4,6.4,8.0,118,1017.0,74,-1,-1,-1,-1,-1,10.8,209.14,,*5c
4174,2019113,26.08.2019,010700,3100,-1,-1,-1,-1,-1,-1,05190.974,7316.571882 N,03608.231461 E,225.25,,,-1,4.4,6.4,8.6,120,1017.0,74,-1,-1,-1,-1,-1,10.7,209.65,,*5c
4174,2019113,26.08.2019,010800,3100,-1,-1,-1,-1,-1,-1,05191.152,7316.416665 N,03607.934938 E,230.01,,,-1,4.4,6.4,8.3,125,1017.1,74,-1,-1,-1,-1,-1,10.7,209.72,,*5c
4174,2019113,26.08.2019,010900,3100,-1,-1,-1,-1,-1,-1,05191.330,7316.261388 N,03607.638210 E,229.89,,,-1,4.4,6.4,7.0,125,1017.1,74,-1,-1,-1,-1,-1,10.6,209.62,,*5c
4174,2019113,26.08.2019,011000,3100,-1,-1,-1,-1,-1,-1,05191.504,7316.106519 N,03607.341733 E,230.26,,,-1,4.4,6.4,6.3,124,1017.0,74,-1,-1,-1,-1,-1,10.7,209.65,,*5c
4174,2019113,26.08.2019,011100,3100,-1,-1,-1,-1,-1,-1,05191.682,7315.951138 N,03607.045881 E,235.87,,,-1,4.4,6.4,7.3,129,1017.0,74,-1,-1,-1,-1,-1,10.7,209.65,,*5c
4174,2019113,26.08.2019,011200,3100,-1,-1,-1,-1,-1,-1,05191.858,7315.796350 N,03606.748253 E,233.95,,,-1,4.4,6.5,6.1,122,1016.9,74,-1,-1,-1,-1,-1,10.6,210.08,,*5c
4174,2019113,26.08.2019,011300,3100,-1,-1,-1,-1,-1,-1,05192.036,7315.643531 N,03606.441921 E,232.41,,,-1,4.4,6.6,8.1,123,1016.9,74,-1,-1,-1,-1,-1,10.5,211.47,,*5c
4174,2019113,26.08.2019,011400,3100,-1,-1,-1,-1,-1,-1,05192.211,7315.492314 N,03606.127220 E,234.81,,,-1,4.4,6.6,8.1,127,1016.9,74,-1,-1,-1,-1,-1,10.6,211.57,,*5c
4174,2019113,26.08.2019,011500,3100,-1,-1,-1,-1,-1,-1,05192.388,7315.340949 N,03605.811328 E,235.22,,,-1,4.4,6.6,8.4,129,1016.9,73,-1,-1,-1,-1,-1,10.6,211.63,,*5c
4174,2019113,26.08.2019,011600,3100,-1,-1,-1,-1,-1,-1,05192.564,7315.188710 N,03605.496652 E,238.09,,,-1,4.3,6.6,8.5,131,1016.9,74,-1,-1,-1,-1,-1,10.6,211.42,,*5c
4174,2019113,26.08.2019,011700,3100,-1,-1,-1,-1,-1,-1,05192.742,7315.036096 N,03605.180554 E,236.87,,,-1,4.3,6.6,5.0,113,1016.9,71,-1,-1,-1,-1,-1,10.7,211.66,,*5c
4174,2019113,26.08.2019,011800,3100,-1,-1,-1,-1,-1,-1,05192.922,7314.883435 N,03604.864298 E,238.72,,,-1,4.4,6.5,6.6,123,1016.9,72,-1,-1,-1,-1,-1,10.9,211.80,,*5c
4174,2019113,26.08.2019,011900,3100,-1,-1,-1,-1,-1,-1,05193.098,7314.731053 N,03604.548003 E,238.01,,,-1,4.4,6.5,6.9,118,1016.9,72,-1,-1,-1,-1,-1,10.7,211.46,,*5c
4174,2019113,26.08.2019,012000,3100,-1,-1,-1,-1,-1,-1,05193.276,7314.578931 N,03604.230439 E,240.71,,,-1,4.4,6.6,9.2,133,1016.9,72,-1,-1,-1,-1,-1,10.7,211.47,,*5c
4174,2019113,26.08.2019,012100,3100,-1,-1,-1,-1,-1,-1,05193.452,7314.427273 N,03603.912227 E,237.82,,,-1,4.4,6.6,9.9,128,1016.9,72,-1,-1,-1,-1,-1,10.6,211.32,,*5c
4174,2019113,26.08.2019,012200,3100,-1,-1,-1,-1,-1,-1,05193.628,7314.275752 N,03603.596300 E,238.48,,,-1,4.5,6.6,7.3,127,1017.0,73,-1,-1,-1,-1,-1,10.7,211.67,,*5c
4174,2019113,26.08.2019,012300,3100,-1,-1,-1,-1,-1,-1,05193.804,7314.124397 N,03603.279580 E,237.20,,,-1,4.3,6.6,7.9,123,1017.0,71,-1,-1,-1,-1,-1,10.6,211.48,,*5c
4174,2019113,26.08.2019,012400,3100,-1,-1,-1,-1,-1,-1,05193.982,7313.972610 N,03602.964032 E,239.00,,,-1,-999.00,-999.00,10.0,123,-999.00,-999.00,-1,-1,-1,-1,-1,10.7,211.61,,*5c
4174,2019113,26.08.2019,012500,3100,-1,-1,-1,-1,-1,-1,05194.158,7313.820352 N,03602.645699 E,236.32,,,-1,4.3,6.6,8.4,120,1017.0,70,-1,-1,-1,-1,-1,10.8,211.43,,*5c
4174,2019113,26.08.2019,012600,3100,-1,-1,-1,-1,-1,-1,05194.338,7313.667910 N,03602.325265 E,238.15,,,-1,4.4,6.6,6.6,112,1016.9,71,-1,-1,-1,-1,-1,10.8,211.39,,*5c
4174,2019113,26.08.2019,012700,3100,-1,-1,-1,-1,-1,-1,05194.516,7313.515513 N,03602.005399 E,237.23,,,-1,-999.00,-999.00,6.6,113,-999.00,-999.00,-1,-1,-1,-1,-1,10.7,211.50,,*5c
4174,2019113,26.08.2019,012800,3100,-1,-1,-1,-1,-1,-1,05194.694,7313.363335 N,03601.686014 E,235.90,,,-1,4.4,6.6,9.2,118,1016.9,72,-1,-1,-1,-1,-1,10.6,211.53,,*5c
4174,2019113,26.08.2019,012900,3100,-1,-1,-1,-1,-1,-1,05194.872,7313.211603 N,03601.367970 E,234.74,,,-1,4.4,6.6,8.2,116,1017.0,73,-1,-1,-1,-1,-1,10.7,211.61,,*5c
4174,2019113,26.08.2019,013000,3100,-1,-1,-1,-1,-1,-1,05195.048,7313.059761 N,03601.047852 E,235.21,,,-1,4.4,6.6,6.9,120,1017.0,72,-1,-1,-1,-1,-1,10.7,211.70,,*5c
4174,2019113,26.08.2019,013100,3100,-1,-1,-1,-1,-1,-1,05195.228,7312.907362 N,03600.727375 E,240.07,,,-1,4.5,6.6,7.7,111,1016.9,73,-1,-1,-1,-1,-1,10.6,211.60,,*5c
4174,2019113,26.08.2019,013200,3100,-1,-1,-1,-1,-1,-1,05195.404,7312.753355 N,03600.417637 E,237.21,,,-1,4.4,6.6,7.9,109,1016.9,73,-1,-1,-1,-1,-1,10.7,209.50,,*5c
4174,2019113,26.08.2019,013300,3100,-1,-1,-1,-1,-1,-1,05195.584,7312.598076 N,03600.116573 E,232.15,,,-1,4.4,6.6,9.7,111,1016.9,73,-1,-1,-1,-1,-1,10.7,209.26,,*5c
4174,2019113,26.08.2019,013400,3100,-1,-1,-1,-1,-1,-1,05195.760,7312.443515 N,03559.813933 E,236.92,,,-1,4.4,6.6,8.0,109,1016.9,73,-1,-1,-1,-1,-1,10.7,209.62,,*5c
4174,2019113,26.08.2019,013500,3100,-1,-1,-1,-1,-1,-1,05195.938,7312.288833 N,03559.511674 E,235.85,,,-1,4.4,6.6,7.2,117,1016.9,74,-1,-1,-1,-1,-1,10.7,209.75,,*5c
4174,2019113,26.08.2019,013600,3100,-1,-1,-1,-1,-1,-1,05196.118,7312.133809 N,03559.207703 E,232.37,,,-1,4.4,6.6,6.5,118,1016.9,74,-1,-1,-1,-1,-1,10.8,209.36,,*5c
4174,2019113,26.08.2019,013700,3100,-1,-1,-1,-1,-1,-1,05196.294,7311.978767 N,03558.905030 E,231.01,,,-1,4.4,6.6,8.6,109,1016.8,72,-1,-1,-1,-1,-1,10.8,209.71,,*5c
4174,2019113,26.08.2019,013800,3100,-1,-1,-1,-1,-1,-1,05196.474,7311.822453 N,03558.609126 E,230.29,,,-1,4.3,6.6,7.9,105,1016.8,72,-1,-1,-1,-1,-1,10.7,208.26,,*5c
4174,2019113,26.08.2019,013900,3100,-1,-1,-1,-1,-1,-1,05196.652,7311.664888 N,03558.321133 E,236.97,,,-1,4.3,6.6,7.8,103,1016.8,72,-1,-1,-1,-1,-1,10.7,207.53,,*5c
4174,2019113,26.08.2019,014000,3100,-1,-1,-1,-1,-1,-1,05196.830,7311.507109 N,03558.035790 E,232.72,,,-1,4.4,6.6,7.1,113,1016.8,72,-1,-1,-1,-1,-1,10.7,207.68,,*5c
4174,2019113,26.08.2019,014100,3100,-1,-1,-1,-1,-1,-1,05197.008,7311.350011 N,03557.749329 E,233.01,,,-1,4.4,6.6,6.8,126,1016.8,71,-1,-1,-1,-1,-1,10.6,207.88,,*5c
4174,2019113,26.08.2019,014200,3100,-1,-1,-1,-1,-1,-1,05197.186,7311.193101 N,03557.461731 E,232.94,,,-1,-999.00,-999.00,6.9,126,-999.00,-999.00,-1,-1,-1,-1,-1,10.7,207.54,,*5c
4174,2019113,26.08.2019,014300,3100,-1,-1,-1,-1,-1,-1,05197.364,7311.036478 N,03557.173497 E,232.57,,,-1,4.5,6.6,11.0,119,1016.8,71,-1,-1,-1,-1,-1,10.8,207.45,,*5c
4174,2019113,26.08.2019,014400,3100,-1,-1,-1,-1,-1,-1,05197.540,7310.879386 N,03556.884512 E,229.96,,,-1,4.4,6.6,9.1,111,1016.9,70,-1,-1,-1,-1,-1,10.6,207.76,,*5c
4174,2019113,26.08.2019,014500,3100,-1,-1,-1,-1,-1,-1,05197.720,7310.722297 N,03556.592210 E,228.75,,,-1,4.4,6.6,9.2,121,1016.8,69,-1,-1,-1,-1,-1,10.9,207.73,,*5c
4174,2019113,26.08.2019,014600,3100,-1,-1,-1,-1,-1,-1,05197.896,7310.564366 N,03556.300690 E,230.03,,,-1,4.4,6.6,7.2,99,1016.7,69,-1,-1,-1,-1,-1,10.8,207.58,,*5c
4174,2019113,26.08.2019,014700,3100,-1,-1,-1,-1,-1,-1,05198.076,7310.406535 N,03556.008076 E,229.03,,,-1,-999.00,-999.00,7.6,102,-999.00,-999.00,-1,-1,-1,-1,-1,10.9,207.68,,*5c
4174,2019113,26.08.2019,014800,3100,-1,-1,-1,-1,-1,-1,05198.254,7310.249367 N,03555.714793 E,229.69,,,-1,4.4,6.6,7.5,104,1016.8,70,-1,-1,-1,-1,-1,10.7,207.52,,*5c
4174,2019113,26.08.2019,014900,3100,-1,-1,-1,-1,-1,-1,05198.434,7310.092095 N,03555.424879 E,227.78,,,-1,4.5,6.6,9.3,110,1016.8,72,-1,-1,-1,-1,-1,10.8,207.67,,*5c
4174,2019113,26.08.2019,015000,3100,-1,-1,-1,-1,-1,-1,05198.610,7309.934931 N,03555.132759 E,228.20,,,-1,4.5,6.5,9.6,127,1016.7,71,-1,-1,-1,-1,-1,10.8,207.67,,*5c
4174,2019113,26.08.2019,015100,3100,-1,-1,-1,-1,-1,-1,05198.790,7309.777891 N,03554.837037 E,228.33,,,-1,4.5,6.5,7.4,113,1016.7,69,-1,-1,-1,-1,-1,10.9,207.65,,*5c
4174,2019113,26.08.2019,015200,3100,-1,-1,-1,-1,-1,-1,05198.970,7309.620492 N,03554.540390 E,231.53,,,-1,4.5,6.5,9.8,104,1016.7,70,-1,-1,-1,-1,-1,10.8,207.09,,*5c
4174,2019113,26.08.2019,015300,3100,-1,-1,-1,-1,-1,-1,05199.148,7309.463753 N,03554.236954 E,228.83,,,-1,4.5,6.4,9.3,107,1016.8,70,-1,-1,-1,-1,-1,10.8,209.14,,*5c
4174,2019113,26.08.2019,015400,3100,-1,-1,-1,-1,-1,-1,05199.330,7309.308569 N,03553.922688 E,229.46,,,-1,4.4,6.4,9.0,106,1016.8,69,-1,-1,-1,-1,-1,10.9,209.34,,*5c
4174,2019113,26.08.2019,015500,3100,-1,-1,-1,-1,-1,-1,05199.508,7309.153910 N,03553.605535 E,224.66,,,-1,-999.00,-999.00,8.9,104,-999.00,-999.00,-1,-1,-1,-1,-1,10.8,209.62,,*5c
4174,2019113,26.08.2019,015600,3100,-1,-1,-1,-1,-1,-1,05199.690,7308.999375 N,03553.288098 E,225.28,,,-1,4.5,6.4,8.0,103,1016.7,70,-1,-1,-1,-1,-1,10.9,209.49,,*5c
4174,2019113,26.08.2019,015700,3100,-1,-1,-1,-1,-1,-1,05199.868,7308.844647 N,03552.972972 E,230.63,,,-1,4.5,6.4,8.8,107,1016.6,71,-1,-1,-1,-1,-1,10.9,209.31,,*5c
4174,2019113,26.08.2019,015800,3100,-1,-1,-1,-1,-1,-1,05200.050,7308.690307 N,03552.657106 E,227.65,,,-1,4.5,6.4,7.0,99,1016.6,71,-1,-1,-1,-1,-1,10.7,209.58,,*5c
4174,2019113,26.08.2019,015900,3100,-1,-1,-1,-1,-1,-1,05200.228,7308.536062 N,03552.340445 E,227.36,,,-1,4.5,6.4,6.6,106,1016.6,71,-1,-1,-1,-1,-1,10.9,209.46,,*5c
4174,2019113,26.08.2019,020000,3100,-1,-1,-1,-1,-1,-1,05200.408,7308.381090 N,03552.026493 E,231.04,,,-1,4.6,6.5,6.4,115,1016.5,71,-1,-1,-1,-1,-1,10.8,209.23,,*5c
4174,2019113,26.08.2019,020100,3100,-1,-1,-1,-1,-1,-1,05200.590,7308.226303 N,03551.712082 E,231.51,,,-1,4.6,6.5,8.1,106,1016.5,71,-1,-1,-1,-1,-1,10.8,209.35,,*5c
4174,2019113,26.08.2019,020200,3100,-1,-1,-1,-1,-1,-1,05200.768,7308.071322 N,03551.399241 E,225.28,,,-1,4.6,6.5,9.2,116,1016.5,70,-1,-1,-1,-1,-1,10.7,209.59,,*5c
4174,2019113,26.08.2019,020300,3100,-1,-1,-1,-1,-1,-1,05200.950,7307.916094 N,03551.087363 E,229.42,,,-1,4.6,6.4,6.6,102,1016.5,71,-1,-1,-1,-1,-1,10.9,209.69,,*5c
4174,2019113,26.08.2019,020400,3100,-1,-1,-1,-1,-1,-1,05201.128,7307.760772 N,03550.774673 E,229.64,,,-1,-999.00,-999.00,6.4,109,-999.00,-999.00,-1,-1,-1,-1,-1,10.9,209.34,,*5c
4174,2019113,26.08.2019,020500,3100,-1,-1,-1,-1,-1,-1,05201.310,7307.605581 N,03550.461322 E,227.88,,,-1,4.6,6.4,6.8,104,1016.5,72,-1,-1,-1,-1,-1,10.8,209.44,,*5c
4174,2019113,26.08.2019,020600,3100,-1,-1,-1,-1,-1,-1,05201.488,7307.450065 N,03550.151029 E,226.78,,,-1,4.6,,7.0,94,,73,-1,-1,-1,-1,-1,10.9,209.35,,*5c
4174,2019113,26.08.2019,020700,3100,-1,-1,-1,-1,-1,-1,05201.670,7307.294144 N,03549.840475 E,228.23,,,-1,4.6,6.4,8.4,102,1016.5,73,-1,-1,-1,-1,-1,10.9,209.22,,*5c
4174,2019113,26.08.2019,020800,3100,-1,-1,-1,-1,-1,-1,05201.848,7307.137846 N,03549.531930 E,225.61,,,-1,4.5,6.4,7.0,98,1016.5,72,-1,-1,-1,-1,-1,10.8,209.68,,*5c
4174,2019113,26.08.2019,020900,3100,-1,-1,-1,-1,-1,-1,05202.028,7306.982035 N,03549.221276 E,228.15,,,-1,4.6,6.4,7.2,101,1016.5,72,-1,-1,-1,-1,-1,10.9,209.49,,*5c
4174,2019113,26.08.2019,021000,3100,-1,-1,-1,-1,-1,-1,05202.208,7306.826276 N,03548.913459 E,228.46,,,-1,-999.00,-999.00,7.8,100,-999.00,-999.00,-1,-1,-1,-1,-1,10.8,209.24,,*5c
4174,2019113,26.08.2019,021100,3100,-1,-1,-1,-1,-1,-1,05202.388,7306.671353 N,03548.606968 E,225.77,,,-1,4.6,6.4,9.7,118,1016.5,73,-1,-1,-1,-1,-1,10.8,209.50,,*5c
4174,2019113,26.08.2019,021200,3100,-1,-1,-1,-1,-1,-1,05202.568,7306.516736 N,03548.299025 E,225.52,,,-1,4.7,6.4,7.8,110,1016.5,71,-1,-1,-1,-1,-1,10.7,209.70,,*5c
4174,2019113,26.08.2019,021300,3100,-1,-1,-1,-1,-1,-1,05202.744,7306.362247 N,03547.991225 E,224.55,,,-1,4.7,6.4,8.0,111,1016.5,71,-1,-1,-1,-1,-1,10.8,209.43,,*5c
4174,2019113,26.08.2019,021400,3100,-1,-1,-1,-1,-1,-1,05202.924,7306.206856 N,03547.685098 E,223.25,,,-1,4.7,6.4,8.2,117,1016.4,71,-1,-1,-1,-1,-1,10.8,209.39,,*5c
4174,2019113,26.08.2019,021500,3100,-1,-1,-1,-1,-1,-1,05203.102,7306.050975 N,03547.378319 E,226.49,,,-1,4.7,6.4,7.5,117,1016.4,71,-1,-1,-1,-1,-1,10.8,209.21,,*5c
4174,2019113,26.08.2019,021600,3100,-1,-1,-1,-1,-1,-1,05203.284,7305.895657 N,03547.071774 E,224.14,,,-1,4.7,6.4,7.7,113,1016.4,71,-1,-1,-1,-1,-1,10.8,209.64,,*5c
4174,2019113,26.08.2019,021700,3100,-1,-1,-1,-1,-1,-1,05203.460,7305.740345 N,03546.766238 E,224.04,,,-1,4.7,6.4,7.8,112,1016.4,71,-1,-1,-1,-1,-1,10.7,209.47,,*5c
4174,2019113,26.08.2019,021800,3100,-1,-1,-1,-1,-1,-1,05203.640,7305.585568 N,03546.458875 E,222.07,,,-1,-999.00,-999.00,7.8,117,-999.00,-999.00,-1,-1,-1,-1,-1,10.8,209.55,,*5c
4174,2019113,26.08.2019,021900,3100,-1,-1,-1,-1,-1,-1,05203.820,7305.430340 N,03546.151608 E,222.51,,,-1,4.7,6.4,8.5,116,1016.4,71,-1,-1,-1,-1,-1,10.9,209.52,,*5c
4174,2019113,26.08.2019,022000,3100,-1,-1,-1,-1,-1,-1,05203.998,7305.274597 N,03545.843841 E,222.81,,,-1,4.6,6.5,8.2,107,1016.4,70,-1,-1,-1,-1,-1,10.9,209.25,,*5c
4174,2019113,26.08.2019,022100,3100,-1,-1,-1,-1,-1,-1,05204.178,7305.118517 N,03545.536288 E,222.90,,,-1,4.6,6.5,8.2,111,1016.4,70,-1,-1,-1,-1,-1,10.9,209.55,,*5c
4174,2019113,26.08.2019,022200,3100,-1,-1,-1,-1,-1,-1,05204.358,7304.961913 N,03545.228155 E,219.51,,,-1,4.6,6.5,7.7,106,1016.3,71,-1,-1,-1,-1,-1,10.9,209.52,,*5c
4174,2019113,26.08.2019,022300,3100,-1,-1,-1,-1,-1,-1,05204.538,7304.806067 N,03544.918820 E,218.05,,,-1,4.7,6.4,6.8,117,1016.3,70,-1,-1,-1,-1,-1,10.8,209.70,,*5c
4174,2019113,26.08.2019,022400,3100,-1,-1,-1,-1,-1,-1,05204.718,7304.650437 N,03544.608369 E,219.12,,,-1,-999.00,-999.00,8.9,122,-999.00,-999.00,-1,-1,-1,-1,-1,10.9,209.35,,*5c
4174,2019113,26.08.2019,022500,3100,-1,-1,-1,-1,-1,-1,05204.898,7304.495220 N,03544.297972 E,219.32,,,-1,4.7,6.4,9.9,126,1016.3,71,-1,-1,-1,-1,-1,10.8,209.65,,*5c
4174,2019113,26.08.2019,022600,3100,-1,-1,-1,-1,-1,-1,05205.078,7304.340927 N,03543.987888 E,218.18,,,-1,4.7,6.4,10.4,126,1016.3,71,-1,-1,-1,-1,-1,10.9,209.40,,*5c
4174,2019113,26.08.2019,022700,3100,-1,-1,-1,-1,-1,-1,05205.256,7304.186016 N,03543.678647 E,217.33,,,-1,4.5,6.4,9.6,127,1016.4,71,-1,-1,-1,-1,-1,10.8,209.45,,*5c
4174,2019113,26.08.2019,022800,3100,-1,-1,-1,-1,-1,-1,05205.436,7304.031121 N,03543.367806 E,215.32,,,-1,4.5,6.4,9.4,128,1016.4,71,-1,-1,-1,-1,-1,10.8,209.65,,*5c
4174,2019113,26.08.2019,022900,3100,-1,-1,-1,-1,-1,-1,05205.616,7303.875959 N,03543.056706 E,216.19,,,-1,4.6,6.4,8.8,131,1016.3,71,-1,-1,-1,-1,-1,10.8,209.35,,*5c
4174,2019113,26.08.2019,023000,3100,-1,-1,-1,-1,-1,-1,05205.796,7303.720491 N,03542.745643 E,217.74,,,-1,4.7,6.4,7.9,116,1016.3,71,-1,-1,-1,-1,-1,10.7,209.41,,*5c
4174,2019113,26.08.2019,023100,3100,-1,-1,-1,-1,-1,-1,05205.976,7303.565537 N,03542.432146 E,214.27,,,-1,4.8,6.4,10.5,112,1016.3,72,-1,-1,-1,-1,-1,10.9,209.75,,*5c
4174,2019113,26.08.2019,023200,3100,-1,-1,-1,-1,-1,-1,05206.156,7303.410614 N,03542.118406 E,213.88,,,-1,4.7,6.4,8.6,112,1016.4,70,-1,-1,-1,-1,-1,10.8,209.56,,*5c
4174,2019113,26.08.2019,023300,3100,-1,-1,-1,-1,-1,-1,05206.336,7303.254931 N,03541.803828 E,216.07,,,-1,4.6,6.4,8.6,110,1016.4,71,-1,-1,-1,-1,-1,11.1,209.88,,*5c
4174,2019113,26.08.2019,023400,3100,-1,-1,-1,-1,-1,-1,05206.518,7303.098821 N,03541.487574 E,216.72,,,-1,4.6,6.4,,,1016.4,71,-1,-1,-1,-1,-1,10.9,209.46,,*5c
4174,2019113,26.08.2019,023500,3100,-1,-1,-1,-1,-1,-1,05206.698,7302.942416 N,03541.172613 E,218.59,,,-1,4.7,6.5,8.9,103,1016.3,71,-1,-1,-1,-1,-1,10.9,209.50,,*5c
4174,2019113,26.08.2019,023600,3100,-1,-1,-1,-1,-1,-1,05206.882,7302.785293 N,03540.857817 E,216.71,,,-1,-999.00,-999.00,9.0,105,-999.00,-999.00,-1,-1,-1,-1,-1,11.0,209.64,,*5c
4174,2019113,26.08.2019,023700,3100,-1,-1,-1,-1,-1,-1,05207.064,7302.627914 N,03540.541538 E,219.69,,,-1,4.7,6.5,8.6,92,1016.3,70,-1,-1,-1,-1,-1,11.0,209.56,,*5c
4174,2019113,26.08.2019,023800,3100,-1,-1,-1,-1,-1,-1,05207.244,7302.471204 N,03540.225538 E,218.07,,,-1,4.8,6.5,10.1,119,1016.4,71,-1,-1,-1,-1,-1,11.1,209.52,,*5c
4174,2019113,26.08.2019,023900,3100,-1,-1,-1,-1,-1,-1,05207.426,7302.315311 N,03539.910809 E,216.41,,,-1,-999.00,-999.00,8.8,113,-999.00,-999.00,-1,-1,-1,-1,-1,10.9,209.71,,*5c
4174,2019113,26.08.2019,024000,3100,-1,-1,-1,-1,-1,-1,05207.606,7302.159846 N,03539.595102 E,213.45,,,-1,4.8,6.5,7.8,118,1016.4,71,-1,-1,-1,-1,-1,10.7,209.64,,*5c
4174,2019113,26.08.2019,024100,3100,-1,-1,-1,-1,-1,-1,05207.788,7302.004502 N,03539.279203 E,216.16,,,-1,4.7,6.6,9.3,116,1016.3,71,-1,-1,-1,-1,-1,10.9,209.64,,*5c
4174,2019113,26.08.2019,024200,3100,-1,-1,-1,-1,-1,-1,05207.968,7301.848411 N,03538.965075 E,216.19,,,-1,-999.00,-999.00,,114,-999.00,-999.00,-1,-1,-1,-1,-1,10.9,209.54,,*5c
4174,2019113,26.08.2019,024300,3100,-1,-1,-1,-1,-1,-1,05208.150,7301.692483 N,03538.649944 E,219.28,,,-1,4.7,6.6,9.5,111,1016.2,70,-1,-1,-1,-1,-1,10.9,209.75,,*5c
4174,2019113,26.08.2019,024400,3100,-1,-1,-1,-1,-1,-1,05208.330,7301.536792 N,03538.334205 E,211.38,,,-1,4.8,6.6,8.9,111,1016.2,71,-1,-1,-1,-1,-1,10.9,209.44,,*5c
4174,2019113,26.08.2019,024500,3100,-1,-1,-1,-1,-1,-1,05208.514,7301.381036 N,03538.019803 E,213.77,,,-1,4.8,6.6,,,1016.2,71,-1,-1,-1,-1,-1,10.8,209.63,,*5c
4174,2019113,26.08.2019,024600,3100,-1,-1,-1,-1,-1,-1,05208.696,7301.225247 N,03537.704273 E,217.31,,,-1,4.8,6.6,10.4,106,1016.2,71,-1,-1,-1,-1,-1,10.9,209.53,,*5c
4174,2019113,26.08.2019,024700,3100,-1,-1,-1,-1,-1,-1,05208.876,7301.069337 N,03537.388257 E,215.76,,,-1,4.7,6.6,7.9,103,1016.2,71,-1,-1,-1,-1,-1,10.9,209.54,,*5c
4174,2019113,26.08.2019,024800,3100,-1,-1,-1,-1,-1,-1,05209.058,7300.913572 N,03537.072329 E,215.03,,,-1,-999.00,-999.00,8.6,106,-999.00,-999.00,-1,-1,-1,-1,-1,10.9,209.44,,*5c
4174,2019113,26.08.2019,024900,3100,-1,-1,-1,-1,-1,-1,05209.240,7300.757662 N,03536.757900 E,215.68,,,-1,4.8,6.6,,,1016.2,71,-1,-1,-1,-1,-1,10.9,209.45,,*5c
4174,2019113,26.08.2019,025000,3100,-1,-1,-1,-1,-1,-1,05209.422,7300.601380 N,03536.441247 E,216.24,,,-1,4.8,6.6,7.8,94,1016.2,72,-1,-1,-1,-1,-1,10.9,209.58,,*5c
4174,2019113,26.08.2019,025100,3100,-1,-1,-1,-1,-1,-1,05209.602,7300.445159 N,03536.123107 E,224.20,,,-1,4.8,6.6,8.6,93,1016.2,72,-1,-1,-1,-1,-1,10.9,209.55,,*5c
4174,2019113,26.08.2019,025200,3100,-1,-1,-1,-1,-1,-1,05209.786,7300.289367 N,03535.804216 E,218.70,,,-1,4.7,6.6,7.6,101,1016.2,71,-1,-1,-1,-1,-1,11.0,209.67,,*5c
4174,2019113,26.08.2019,025300,3100,-1,-1,-1,-1,-1,-1,05209.968,7300.133907 N,03535.486524 E,220.06,,,-1,4.7,6.6,8.0,101,1016.2,71,-1,-1,-1,-1,-1,10.9,209.22,,*5c
4174,2019113,26.08.2019,025400,3100,-1,-1,-1,-1,-1,-1,05210.148,7259.978143 N,03535.171801 E,216.48,,,-1,4.8,6.6,7.7,102,1016.2,72,-1,-1,-1,-1,-1,11.0,209.80,,*5c
4174,2019113,26.08.2019,025500,3100,-1,-1,-1,-1,-1,-1,05210.330,7259.821939 N,03534.855769 E,216.27,,,-1,4.7,6.6,7.5,100,1016.2,70,-1,-1,-1,-1,-1,11.0,209.75,,*5c
4174,2019113,26.08.2019,025600,3100,-1,-1,-1,-1,-1,-1,05210.512,7259.665520 N,03534.540099 E,217.42,,,-1,4.8,6.6,7.6,97,1016.2,71,-1,-1,-1,-1,-1,10.8,209.44,,*5c
4174,2019113,26.08.2019,025700,3100,-1,-1,-1,-1,-1,-1,05210.694,7259.510285 N,03534.223373 E,219.17,,,-1,4.8,6.6,8.4,112,1016.2,70,-1,-1,-1,-1,-1,10.9,209.75,,*5c
4174,2019113,26.08.2019,025800,3100,-1,-1,-1,-1,-1,-1,05210.872,7259.354971 N,03533.907911 E,217.57,,,-1,4.9,6.6,8.7,,1016.1,70,-1,-1,-1,-1,-1,10.9,209.60,,*5c
4174,2019113,26.08.2019,025900,3100,-1,-1,-1,-1,-1,-1,05211.056,7259.199353 N,03533.592199 E,218.84,,,-1,-999.00,-999.00,7.2,117,-999.00,-999.00,-1,-1,-1,-1,-1,11.0,209.45,,*5c
4174,2019113,26.08.2019,030000,3100,-1,-1,-1,-1,-1,-1,05211.236,7259.043648 N,03533.276554 E,220.21,,,-1,4.9,6.6,8.2,106,1016.1,71,-1,-1,-1,-1,-1,10.8,209.16,,*5c
4174,2019113,26.08.2019,030100,3100,-1,-1,-1,-1,-1,-1,05211.416,7258.888759 N,03532.962681 E,218.86,,,-1,-999.00,-999.00,,110,-999.00,-999.00,-1,-1,-1,-1,-1,10.7,209.65,,*5c
4174,2019113,26.08.2019,030200,3100,-1,-1,-1,-1,-1,-1,05211.596,7258.733775 N,03532.648939 E,220.42,,,-1,4.9,6.6,8.9,113,1016.2,70,-1,-1,-1,-1,-1,11.0,209.54,,*5c
4174,2019113,26.08.2019,030300,3100,-1,-1,-1,-1,-1,-1,05211.776,7258.578805 N,03532.334515 E,219.56,,,-1,4.9,6.6,,,1016.1,69,-1,-1,-1,-1,-1,10.9,209.70,,*5c
4174,2019113,26.08.2019,030400,3100,-1,-1,-1,-1,-1,-1,05211.958,7258.423531 N,03532.022028 E,219.84,,,-1,4.9,6.7,9.2,115,1016.1,70,-1,-1,-1,-1,-1,10.9,209.63,,*5c
4174,2019113,26.08.2019,030500,3100,-1,-1,-1,-1,-1,-1,05212.136,7258.267863 N,03531.709438 E,221.25,,,-1,4.9,6.7,9.4,,1016.2,71,-1,-1,-1,-1,-1,10.8,209.40,,*5c
4174,2019113,26.08.2019,030600,3100,-1,-1,-1,-1,-1,-1,05212.318,7258.112041 N,03531.395360 E,218.55,,,-1,4.9,6.7,7.3,120,1016.1,71,-1,-1,-1,-1,-1,11.0,209.60,,*5c
4174,2019113,26.08.2019,030700,3100,-1,-1,-1,-1,-1,-1,05212.498,7257.956409 N,03531.079355 E,219.38,,,-1,4.9,6.7,8.2,116,1016.1,70,-1,-1,-1,-1,-1,10.9,209.45,,*5c
4174,2019113,26.08.2019,030800,3100,-1,-1,-1,-1,-1,-1,05212.680,7257.801146 N,03530.765640 E,220.03,,,-1,4.9,6.7,9.9,109,1016.1,71,-1,-1,-1,-1,-1,10.9,209.25,,*5c
4174,2019113,26.08.2019,030900,3100,-1,-1,-1,-1,-1,-1,05212.860,7257.646289 N,03530.451164 E,215.45,,,-1,4.9,6.7,9.8,108,1016.1,71,-1,-1,-1,-1,-1,10.9,209.23,,*5c
4174,2019113,26.08.2019,031000,3100,-1,-1,-1,-1,-1,-1,05213.040,7257.491522 N,03530.137125 E,220.45,,,-1,4.9,6.7,9.7,120,1016.1,73,-1,-1,-1,-1,-1,10.8,209.35,,*5c
4174,2019113,26.08.2019,031100,3100,-1,-1,-1,-1,-1,-1,05213.220,7257.337231 N,03529.825185 E,220.77,,,-1,-999.00,-999.00,10.3,116,-999.00,-999.00,-1,-1,-1,-1,-1,10.9,209.43,,*5c
4174,2019113,26.08.2019,031200,3100,-1,-1,-1,-1,-1,-1,05213.400,7257.183325 N,03529.512863 E,220.74,,,-1,4.7,6.7,11.5,120,1016.1,75,-1,-1,-1,-1,-1,10.7,209.64,,*5c
4174,2019113,26.08.2019,031300,3100,-1,-1,-1,-1,-1,-1,05213.578,7257.029752 N,03529.200921 E,218.41,,,-1,4.7,6.7,10.2,119,1016.1,74,-1,-1,-1,-1,-1,10.7,209.81,,*5c
4174,2019113,26.08.2019,031400,3100,-1,-1,-1,-1,-1,-1,05213.756,7256.876414 N,03528.888508 E,217.56,,,-1,4.7,6.7,11.0,,1016.1,74,-1,-1,-1,-1,-1,10.7,209.40,,*5c
4174,2019113,26.08.2019,031500,3100,-1,-1,-1,-1,-1,-1,05213.934,7256.722712 N,03528.577869 E,218.56,,,-1,-999.00,-999.00,9.0,119,-999.00,-999.00,-1,-1,-1,-1,-1,10.7,209.68,,*5c
4174,2019113,26.08.2019,031600,3100,-1,-1,-1,-1,-1,-1,05214.112,7256.569141 N,03528.265102 E,219.00,,,-1,4.6,6.7,9.1,116,1016.0,75,-1,-1,-1,-1,-1,10.7,209.63,,*5c
4174,2019113,26.08.2019,031700,3100,-1,-1,-1,-1,-1,-1,05214.292,7256.415978 N,03527.953107 E,219.64,,,-1,-999.00,-999.00,8.7,111,-999.00,-999.00,-1,-1,-1,-1,-1,10.8,209.65,,*5c
4174,2019113,26.08.2019,031800,3100,-1,-1,-1,-1,-1,-1,05214.468,7256.262524 N,03527.640334 E,223.28,,,-1,4.6,6.7,8.7,109,1016.0,76,-1,-1,-1,-1,-1,10.8,209.50,,*5c
4174,2019113,26.08.2019,031900,3100,-1,-1,-1,-1,-1,-1,05214.648,7256.108693 N,03527.328912 E,222.36,,,-1,4.7,6.7,10.6,115,1016.0,76,-1,-1,-1,-1,-1,10.7,209.60,,*5c
4174,2019113,26.08.2019,032000,3100,-1,-1,-1,-1,-1,-1,05214.826,7255.955124 N,03527.015500 E,221.68,,,-1,4.6,6.7,11.3,113,1016.0,76,-1,-1,-1,-1,-1,10.8,209.38,,*5c
4174,2019113,26.08.2019,032100,3100,-1,-1,-1,-1,-1,-1,05215.004,7255.802342 N,03526.702716 E,220.26,,,-1,4.5,6.7,9.8,111,1016.1,75,-1,-1,-1,-1,-1,10.7,209.22,,*5c
4174,2019113,26.08.2019,032200,3100,-1,-1,-1,-1,-1,-1,05215.184,7255.650197 N,03526.389447 E,217.53,,,-1,4.5,6.7,,,1016.0,77,-1,-1,-1,-1,-1,10.6,209.55,,*5c
4174,2019113,26.08.2019,032300,3100,-1,-1,-1,-1,-1,-1,05215.362,7255.497281 N,03526.077335 E,217.43,,,-1,4.3,6.7,9.8,103,1016.1,78,-1,-1,-1,-1,-1,10.8,209.45,,*5c
4174,2019113,26.08.2019,032400,3100,-1,-1,-1,-1,-1,-1,05215.540,7255.343624 N,03525.765630 E,217.34,,,-1,4.3,6.7,10.8,105,1016.1,79,-1,-1,-1,-1,-1,10.7,209.81,,*5c
4174,2019113,26.08.2019,032500,3100,-1,-1,-1,-1,-1,-1,05215.718,7255.190032 N,03525.451890 E,220.25,,,-1,4.4,6.7,9.8,104,1016.0,80,-1,-1,-1,-1,-1,10.8,209.67,,*5c
4174,2019113,26.08.2019,032600,3100,-1,-1,-1,-1,-1,-1,05215.898,7255.036626 N,03525.138989 E,219.79,,,-1,-999.00,-999.00,,110,-999.00,-999.00,-1,-1,-1,-1,-1,10.8,209.57,,*5c
4174,2019113,26.08.2019,032700,3100,-1,-1,-1,-1,-1,-1,05216.074,7254.883236 N,03524.828493 E,223.18,,,-1,4.4,6.7,9.8,112,1016.0,80,-1,-1,-1,-1,-1,10.8,209.27,,*5c
4174,2019113,26.08.2019,032800,3100,-1,-1,-1,-1,-1,-1,05216.254,7254.730242 N,03524.516818 E,219.16,,,-1,4.4,6.7,8.5,102,1015.9,81,-1,-1,-1,-1,-1,10.7,209.30,,*5c
4174,2019113,26.08.2019,032900,3100,-1,-1,-1,-1,-1,-1,05216.434,7254.577627 N,03524.204724 E,218.81,,,-1,4.5,6.7,10.7,98,1015.9,80,-1,-1,-1,-1,-1,10.8,209.58,,*5c
4174,2019113,26.08.2019,033000,3100,-1,-1,-1,-1,-1,-1,05216.610,7254.425017 N,03523.891346 E,222.10,,,-1,-999.00,-999.00,10.3,98,-999.00,-999.00,-1,-1,-1,-1,-1,10.7,209.46,,*5c
4174,2019113,26.08.2019,033100,3100,-1,-1,-1,-1,-1,-1,05216.790,7254.272455 N,03523.577001 E,221.45,,,-1,4.4,6.7,8.6,91,1015.9,80,-1,-1,-1,-1,-1,10.7,209.68,,*5c
4174,2019113,26.08.2019,033200,3100,-1,-1,-1,-1,-1,-1,05216.968,7254.120121 N,03523.262411 E,220.87,,,-1,4.4,6.7,8.1,,1015.9,80,-1,-1,-1,-1,-1,10.7,209.73,,*5c
4174,2019113,26.08.2019,033300,3100,-1,-1,-1,-1,-1,-1,05217.146,7253.968426 N,03522.948904 E,221.46,,,-1,-999.00,-999.00,10.4,98,-999.00,-999.00,-1,-1,-1,-1,-1,10.7,209.08,,*5c
4174,2019113,26.08.2019,033400,3100,-1,-1,-1,-1,-1,-1,05217.322,7253.817272 N,03522.635556 E,220.52,,,-1,4.6,6.7,10.1,103,1015.9,79,-1,-1,-1,-1,-1,10.7,209.65,,*5c
4174,2019113,26.08.2019,033500,3100,-1,-1,-1,-1,-1,-1,05217.498,7253.667077 N,03522.319866 E,220.52,,,-1,4.6,6.7,9.6,108,1015.9,78,-1,-1,-1,-1,-1,10.7,209.22,,*5c
4174,2019113,26.08.2019,033600,3100,-1,-1,-1,-1,-1,-1,05217.674,7253.516649 N,03522.006551 E,220.99,,,-1,4.6,6.7,,,1015.9,78,-1,-1,-1,-1,-1,10.5,209.79,,*5c
4174,2019113,26.08.2019,033700,3100,-1,-1,-1,-1,-1,-1,05217.852,7253.367366 N,03521.690732 E,220.12,,,-1,4.5,6.7,10.4,117,1016.0,78,-1,-1,-1,-1,-1,10.6,209.54,,*5c
4174,2019113,26.08.2019,033800,3100,-1,-1,-1,-1,-1,-1,05218.028,7253.217784 N,03521.377039 E,219.96,,,-1,-999.00,-999.00,10.3,114,-999.00,-999.00,-1,-1,-1,-1,-1,10.7,209.32,,*5c
4174,2019113,26.08.2019,033900,3100,-1,-1,-1,-1,-1,-1,05218.202,7253.067540 N,03521.063954 E,220.25,,,-1,4.5,6.7,11.3,117,1016.0,78,-1,-1,-1,-1,-1,10.7,209.57,,*5c
4174,2019113,26.08.2019,034000,3100,-1,-1,-1,-1,-1,-1,05218.380,7252.917607 N,03520.748363 E,221.70,,,-1,4.4,6.7,10.2,,1016.0,79,-1,-1,-1,-1,-1,10.6,209.71,,*5c
4174,2019113,26.08.2019,034100,3100,-1,-1,-1,-1,-1,-1,05218.556,7252.767728 N,03520.433346 E,214.85,,,-1,-999.00,-999.00,10.5,103,-999.00,-999.00,-1,-1,-1,-1,-1,10.7,209.44,,*5c
4174,2019113,26.08.2019,034200,3100,-1,-1,-1,-1,-1,-1,05218.734,7252.616960 N,03520.119298 E,220.21,,,-1,4.4,6.7,10.5,102,1016.0,79,-1,-1,-1,-1,-1,10.5,209.57,,*5c
4174,2019113,26.08.2019,034300,3100,-1,-1,-1,-1,-1,-1,05218.908,7252.465791 N,03519.804843 E,219.25,,,-1,4.5,6.7,,,1016.0,79,-1,-1,-1,-1,-1,10.7,209.65,,*5c
4174,2019113,26.08.2019,034400,3100,-1,-1,-1,-1,-1,-1,05219.088,7252.313839 N,03519.489968 E,222.12,,,-1,-999.00,-999.00,,103,-999.00,-999.00,-1,-1,-1,-1,-1,10.8,209.57,,*5c
4174,2019113,26.08.2019,034500,3100,-1,-1,-1,-1,-1,-1,05219.264,7252.161445 N,03519.173966 E,220.69,,,-1,4.5,6.7,9.4,101,1016.0,79,-1,-1,-1,-1,-1,10.8,209.87,,*5c
4174,2019113,26.08.2019,034600,3100,-1,-1,-1,-1,-1,-1,05219.444,7252.008984 N,03518.857153 E,222.87,,,-1,4.5,6.7,8.3,95,1015.9,78,-1,-1,-1,-1,-1,10.8,209.30,,*5c
4174,2019113,26.08.2019,034700,3100,-1,-1,-1,-1,-1,-1,05219.622,7251.856730 N,03518.540014 E,219.91,,,-1,4.5,6.7,9.2,101,1015.9,78,-1,-1,-1,-1,-1,10.9,209.45,,*5c
4174,2019113,26.08.2019,034800,3100,-1,-1,-1,-1,-1,-1,05219.800,7251.704985 N,03518.223325 E,220.02,,,-1,4.6,6.7,8.6,98,1015.8,76,-1,-1,-1,-1,-1,10.7,209.47,,*5c
4174,2019113,26.08.2019,034900,3100,-1,-1,-1,-1,-1,-1,05219.980,7251.553066 N,03517.908414 E,220.90,,,-1,4.7,6.7,8.0,96,1015.8,74,-1,-1,-1,-1,-1,10.9,209.32,,*5c
4174,2019113,26.08.2019,035000,3100,-1,-1,-1,-1,-1,-1,05220.156,7251.400211 N,03517.592637 E,224.10,,,-1,4.8,6.7,8.8,95,1015.8,73,-1,-1,-1,-1,-1,10.8,209.35,,*5c
4174,2019113,26.08.2019,035100,3100,-1,-1,-1,-1,-1,-1,05220.338,7251.246611 N,03517.277228 E,219.70,,,-1,4.8,6.7,9.3,101,1015.8,74,-1,-1,-1,-1,-1,10.8,209.70,,*5c
4174,2019113,26.08.2019,035200,3100,-1,-1,-1,-1,-1,-1,05220.516,7251.093119 N,03516.961407 E,222.78,,,-1,4.8,6.7,8.9,98,1015.8,75,-1,-1,-1,-1,-1,10.8,209.34,,*5c
4174,2019113,26.08.2019,035300,3100,-1,-1,-1,-1,-1,-1,05220.698,7250.939335 N,03516.646255 E,219.48,,,-1,4.8,6.7,8.6,88,1015.8,73,-1,-1,-1,-1,-1,10.9,209.27,,*5c
4174,2019113,26.08.2019,035400,3100,-1,-1,-1,-1,-1,-1,05220.876,7250.785336 N,03516.332235 E,219.77,,,-1,4.8,6.7,,,1015.8,74,-1,-1,-1,-1,-1,10.8,209.51,,*5c
4174,2019113,26.08.2019,035500,3100,-1,-1,-1,-1,-1,-1,05221.056,7250.631240 N,03516.017031 E,220.00,,,-1,5.0,6.7,6.6,90,1015.7,72,-1,-1,-1,-1,-1,10.8,209.43,,*5c
4174,2019113,26.08.2019,035600,3100,-1,-1,-1,-1,-1,-1,05221.238,7250.477851 N,03515.699697 E,218.37,,,-1,-999.00,-999.00,6.5,,-999.00,-999.00,-1,-1,-1,-1,-1,10.8,209.42,,*5c
4174,2019113,26.08.2019,035700,3100,-1,-1,-1,-1,-1,-1,05221.286,7250.324608 N,03515.384111 E,222.00,,,-1,-999.00,-999.00,6.6,93,-999.00,-999.00,-1,-1,-1,-1,-1,10.8,209.20,,*5c
4174,2019113,26.08.2019,035800,3100,-1,-1,-1,-1,-1,-1,-1,7250.172118 N,03515.071366 E,223.23,,,-1,5.2,6.7,9.5,102,1015.7,69,-1,-1,-1,-1,-1,10.9,209.33,,*5c
4174,2019113,26.08.2019,035900,3100,-1,-1,-1,-1,-1,-1,-1,7250.019129 N,03514.757400 E,220.81,,,-1,-999.00,-999.00,,,-999.00,-999.00,-1,-1,-1,-1,-1,10.9,209.42,,*5c
4174,2019113,26.08.2019,040000,3100,-1,-1,-1,-1,-1,-1,-1,7249.866093 N,03514.440816 E,220.25,,,-1,5.1,6.7,9.9,105,1015.7,68,-1,-1,-1,-1,-1,10.8,209.51,,*5c
4174,2019113,26.08.2019,040100,3100,-1,-1,-1,-1,-1,-1,-1,7249.712269 N,03514.125778 E,224.44,,,-1,5.1,6.7,8.2,96,1015.7,69,-1,-1,-1,-1,-1,10.8,209.40,,*5c
4174,2019113,26.08.2019,040200,3100,-1,-1,-1,-1,-1,-1,-1,7249.558328 N,03513.810321 E,223.16,,,-1,5.1,6.7,8.3,95,1015.7,69,-1,-1,-1,-1,-1,10.9,209.46,,*5c
4174,2019113,26.08.2019,040300,3100,-1,-1,-1,-1,-1,-1,-1,7249.404047 N,03513.496484 E,222.80,,,-1,5.1,6.7,7.7,98,1015.7,69,-1,-1,-1,-1,-1,10.8,209.26,,*5c
4174,2019113,26.08.2019,040400,3100,-1,-1,-1,-1,-1,-1,-1,7249.250265 N,03513.182655 E,222.19,,,-1,5.2,6.7,9.6,108,1015.8,71,-1,-1,-1,-1,-1,10.8,209.21,,*5c
4174,2019113,26.08.2019,040500,3100,-1,-1,-1,-1,-1,-1,-1,7249.096523 N,03512.869171 E,223.15,,,-1,5.2,6.7,10.1,111,1015.8,71,-1,-1,-1,-1,-1,10.9,209.23,,*5c
4174,2019113,26.08.2019,040600,3100,-1,-1,-1,-1,-1,-1,-1,7248.942859 N,03512.554409 E,220.42,,,-1,5.1,6.7,9.8,100,1015.8,71,-1,-1,-1,-1,-1,10.7,209.57,,*5c
4174,2019113,26.08.2019,040700,3100,-1,-1,-1,-1,-1,-1,-1,7248.789363 N,03512.241364 E,219.48,,,-1,5.1,6.7,8.8,100,1015.8,69,-1,-1,-1,-1,-1,10.9,209.13,,*5c
4174,2019113,26.08.2019,040800,3100,-1,-1,-1,-1,-1,-1,-1,7248.635557 N,03511.929559 E,222.82,,,-1,-999.00,-999.00,9.4,97,-999.00,-999.00,-1,-1,-1,-1,-1,10.8,209.61,,*5c
4174,2019113,26.08.2019,040900,3100,-1,-1,-1,-1,-1,-1,-1,7248.481035 N,03511.615078 E,223.39,,,-1,5.1,6.7,8.3,94,1015.7,68,-1,-1,-1,-1,-1,10.9,209.31,,*5c
4174,2019113,26.08.2019,041000,3100,-1,-1,-1,-1,-1,-1,-1,7248.326502 N,03511.301397 E,224.49,,,-1,5.1,6.7,9.6,95,1015.7,69,-1,-1,-1,-1,-1,10.8,209.25,,*5c
4174,2019113,26.08.2019,041100,3100,-1,-1,-1,-1,-1,-1,-1,7248.172627 N,03510.986841 E,224.64,,,-1,5.2,6.7,9.3,107,1015.7,71,-1,-1,-1,-1,-1,10.8,209.33,,*5c
4174,2019113,26.08.2019,041200,3100,-1,-1,-1,-1,-1,-1,-1,7248.019135 N,03510.673155 E,221.58,,,-1,5.3,6.7,10.0,105,1015.7,72,-1,-1,-1,-1,-1,10.8,209.58,,*5c
4174,2019113,26.08.2019,041300,3100,-1,-1,-1,-1,-1,-1,-1,7247.865950 N,03510.359316 E,220.77,,,-1,-999.00,-999.00,9.7,102,-999.00,-999.00,-1,-1,-1,-1,-1,10.8,209.25,,*5c
4174,2019113,26.08.2019,041400,3100,-1,-1,-1,-1,-1,-1,-1,7247.712919 N,03510.044730 E,223.13,,,-1,5.3,6.7,10.3,103,1015.6,69,-1,-1,-1,-1,-1,10.8,209.57,,*5c
4174,2019113,26.08.2019,041500,3100,-1,-1,-1,-1,-1,-1,-1,7247.561338 N,03509.730567 E,223.00,,,-1,-999.00,-999.00,10.6,103,-999.00,-999.00,-1,-1,-1,-1,-1,10.7,209.45,,*5c
4174,2019113,26.08.2019,041600,3100,-1,-1,-1,-1,-1,-1,-1,7247.409055 N,03509.419088 E,225.20,,,-1,5.3,6.7,10.0,102,1015.7,69,-1,-1,-1,-1,-1,10.6,209.48,,*5c
4174,2019113,26.08.2019,041700,3100,-1,-1,-1,-1,-1,-1,-1,7247.256803 N,03509.106100 E,226.35,,,-1,5.2,6.7,,96,1015.7,68,-1,-1,-1,-1,-1,10.8,209.63,,*5c
4174,2019113,26.08.2019,041800,3100,-1,-1,-1,-1,-1,-1,-1,7247.103779 N,03508.791950 E,223.64,,,-1,5.2,6.7,10.0,95,1015.7,69,-1,-1,-1,-1,-1,10.9,209.14,,*5c
4174,2019113,26.08.2019,041900,3100,-1,-1,-1,-1,-1,-1,-1,7246.950939 N,03508.476494 E,226.53,,,-1,5.3,6.7,9.3,101,1015.6,69,-1,-1,-1,-1,-1,10.7,209.58,,*5c
4174,2019113,26.08.2019,042000,3100,-1,-1,-1,-1,-1,-1,-1,7246.798298 N,03508.161321 E,222.04,,,-1,5.3,6.7,,,1015.7,72,-1,-1,-1,-1,-1,10.8,209.22,,*5c
4174,2019113,26.08.2019,042100,3100,-1,-1,-1,-1,-1,-1,-1,7246.645964 N,03507.845820 E,224.70,,,-1,-999.00,-999.00,10.4,101,-999.00,-999.00,-1,-1,-1,-1,-1,10.7,209.53,,*5c
4174,2019113,26.08.2019,042200,3100,-1,-1,-1,-1,-1,-1,-1,7246.493771 N,03507.528593 E,225.49,,,-1,5.3,6.7,10.5,100,1015.7,72,-1,-1,-1,-1,-1,10.8,209.03,,*5c
4174,2019113,26.08.2019,042300,3100,-1,-1,-1,-1,-1,-1,-1,7246.340985 N,03507.212440 E,224.64,,,-1,5.3,6.7,,,1015.7,68,-1,-1,-1,-1,-1,10.9,209.33,,*5c
4174,2019113,26.08.2019,042400,3100,-1,-1,-1,-1,-1,-1,-1,7246.188579 N,03506.893987 E,227.57,,,-1,5.3,6.7,11.3,100,1015.7,68,-1,-1,-1,-1,-1,10.7,208.87,,*5c
4174,2019113,26.08.2019,042500,3100,-1,-1,-1,-1,-1,-1,-1,7246.036094 N,03506.576972 E,226.63,,,-1,5.3,6.7,10.7,108,1015.7,68,-1,-1,-1,-1,-1,10.9,209.19,,*5c
4174,2019113,26.08.2019,042600,3100,-1,-1,-1,-1,-1,-1,-1,7245.883168 N,03506.257639 E,226.32,,,-1,5.2,6.7,,,1015.6,71,-1,-1,-1,-1,-1,10.7,209.21,,*5c
4174,2019113,26.08.2019,042700,3100,-1,-1,-1,-1,-1,-1,-1,7245.730283 N,03505.938360 E,224.82,,,-1,-999.00,-999.00,9.8,101,-999.00,-999.00,-1,-1,-1,-1,-1,10.8,209.51,,*5c
4174,2019113,26.08.2019,042800,3100,-1,-1,-1,-1,-1,-1,-1,7245.577994 N,03505.619316 E,229.22,,,-1,5.2,6.7,8.0,93,1015.6,70,-1,-1,-1,-1,-1,11.0,209.50,,*5c
4174,2019113,26.08.2019,042900,3100,-1,-1,-1,-1,-1,-1,-1,7245.425263 N,03505.300234 E,226.48,,,-1,5.2,6.7,,,1015.6,71,-1,-1,-1,-1,-1,10.6,209.72,,*5c
4174,2019113,26.08.2019,043000,3100,-1,-1,-1,-1,-1,-1,-1,7245.273216 N,03504.981073 E,227.45,,,-1,5.2,6.7,9.2,93,1015.5,70,-1,-1,-1,-1,-1,10.9,209.68,,*5c
4174,2019113,26.08.2019,043100,3100,-1,-1,-1,-1,-1,-1,-1,7245.119893 N,03504.663210 E,227.81,,,-1,5.4,6.7,,,1015.5,71,-1,-1,-1,-1,-1,10.9,207.23,,*5c
4174,2019113,26.08.2019,043200,3100,-1,-1,-1,-1,-1,-1,-1,7244.963168 N,03504.370318 E,229.06,,,-1,-999.00,-999.00,,107,-999.00,-999.00,-1,-1,-1,-1,-1,10.8,206.64,,*5c
4174,2019113,26.08.2019,043300,3100,-1,-1,-1,-1,-1,-1,-1,7244.806535 N,03504.078068 E,230.33,,,-1,5.4,6.7,8.3,117,1015.6,71,-1,-1,-1,-1,-1,10.8,206.01,,*5c
4174,2019113,26.08.2019,043400,3100,-1,-1,-1,-1,-1,-1,-1,7244.650128 N,03503.788006 E,234.30,,,-1,5.4,6.7,9.9,104,1015.6,71,-1,-1,-1,-1,-1,10.6,206.59,,*5c
4174,2019113,26.08.2019,043500,3100,-1,-1,-1,-1,-1,-1,-1,7244.493946 N,03503.498985 E,232.14,,,-1,5.4,6.7,10.7,108,1015.6,71,-1,-1,-1,-1,-1,10.7,206.17,,*5c
4174,2019113,26.08.2019,043600,3100,-1,-1,-1,-1,-1,-1,-1,7244.337822 N,03503.208565 E,229.32,,,-1,5.3,6.7,11.0,104,1015.6,70,-1,-1,-1,-1,-1,10.6,206.31,,*5c
4174,2019113,26.08.2019,043700,3100,-1,-1,-1,-1,-1,-1,-1,7244.182826 N,03502.915293 E,231.75,,,-1,5.3,6.7,11.3,98,1015.6,70,-1,-1,-1,-1,-1,10.8,206.35,,*5c
4174,2019113,26.08.2019,043800,3100,-1,-1,-1,-1,-1,-1,-1,7244.027428 N,03502.625245 E,233.96,,,-1,5.3,6.7,10.8,100,1015.6,70,-1,-1,-1,-1,-1,10.7,206.24,,*5c
4174,2019113,26.08.2019,043900,3100,-1,-1,-1,-1,-1,-1,-1,7243.870924 N,03502.337715 E,233.63,,,-1,5.4,6.7,10.0,98,1015.6,72,-1,-1,-1,-1,-1,10.8,206.22,,*5c
4174,2019113,26.08.2019,044000,3100,-1,-1,-1,-1,-1,-1,-1,7243.714340 N,03502.050361 E,233.48,,,-1,5.3,6.7,,,1015.6,71,-1,-1,-1,-1,-1,10.7,206.40,,*5c
4174,2019113,26.08.2019,044100,3100,-1,-1,-1,-1,-1,-1,-1,7243.557798 N,03501.765607 E,237.31,,,-1,5.3,6.7,8.7,99,1015.6,71,-1,-1,-1,-1,-1,10.8,206.25,,*5c
4174,2019113,26.08.2019,044200,3100,-1,-1,-1,-1,-1,-1,-1,7243.401410 N,03501.480974 E,238.28,,,-1,5.3,6.7,8.8,95,1015.6,72,-1,-1,-1,-1,-1,10.7,206.05,,*5c
4174,2019113,26.08.2019,044300,3100,-1,-1,-1,-1,-1,-1,-1,7243.245519 N,03501.195821 E,236.80,,,-1,5.3,6.7,8.7,94,1015.6,72,-1,-1,-1,-1,-1,10.7,206.57,,*5c
4174,2019113,26.08.2019,044400,3100,-1,-1,-1,-1,-1,-1,-1,7243.089213 N,03500.907037 E,236.42,,,-1,-999.00,-999.00,9.5,93,-999.00,-999.00,-1,-1,-1,-1,-1,10.9,206.26,,*5c
4174,2019113,26.08.2019,044500,3100,-1,-1,-1,-1,-1,-1,-1,7242.933295 N,03500.621548 E,235.04,,,-1,5.4,6.7,9.5,98,1015.5,72,-1,-1,-1,-1,-1,10.6,206.15,,*5c
4174,2019113,26.08.2019,044600,3100,-1,-1,-1,-1,-1,-1,-1,7242.776804 N,03500.334560 E,234.14,,,-1,5.5,6.7,9.8,107,1015.6,69,-1,-1,-1,-1,-1,10.7,206.30,,*5c
4174,2019113,26.08.2019,044700,3100,-1,-1,-1,-1,-1,-1,-1,7242.620365 N,03500.048017 E,229.65,,,-1,5.5,6.7,,,1015.6,69,-1,-1,-1,-1,-1,10.9,206.42,,*5c
4174,2019113,26.08.2019,044800,3100,-1,-1,-1,-1,-1,-1,-1,7242.464156 N,03459.761371 E,229.86,,,-1,5.5,6.7,10.5,111,1015.5,67,-1,-1,-1,-1,-1,10.7,206.48,,*5c
4174,2019113,26.08.2019,044900,3100,-1,-1,-1,-1,-1,-1,-1,7242.307818 N,03459.476558 E,229.42,,,-1,5.5,6.7,10.2,109,1015.5,67,-1,-1,-1,-1,-1,10.7,206.30,,*5c
4174,2019113,26.08.2019,045000,3100,-1,-1,-1,-1,-1,-1,-1,7242.151952 N,03459.189604 E,231.10,,,-1,5.5,6.7,,,1015.5,67,-1,-1,-1,-1,-1,10.6,206.44,,*5c
4174,2019113,26.08.2019,045100,3100,-1,-1,-1,-1,-1,-1,-1,7241.995593 N,03458.902854 E,229.03,,,-1,5.5,6.6,10.2,102,1015.5,67,-1,-1,-1,-1,-1,10.7,206.21,,*5c
4174,2019113,26.08.2019,045200,3100,-1,-1,-1,-1,-1,-1,-1,7241.838220 N,03458.617569 E,230.77,,,-1,-999.00,-999.00,10.8,101,-999.00,-999.00,-1,-1,-1,-1,-1,10.8,206.37,,*5c
4174,2019113,26.08.2019,045300,3100,-1,-1,-1,-1,-1,-1,-1,7241.680390 N,03458.329760 E,231.11,,,-1,5.5,6.6,10.9,106,1015.5,67,-1,-1,-1,-1,-1,10.7,206.45,,*5c
4174,2019113,26.08.2019,045400,3100,-1,-1,-1,-1,-1,-1,-1,7241.523727 N,03458.042282 E,232.90,,,-1,5.5,6.6,10.2,109,1015.5,68,-1,-1,-1,-1,-1,10.8,206.25,,*5c
4174,2019113,26.08.2019,045500,3100,-1,-1,-1,-1,-1,-1,-1,7241.367314 N,03457.759262 E,232.63,,,-1,-999.00,-999.00,11.5,107,-999.00,-999.00,-1,-1,-1,-1,-1,10.6,206.24,,*5c
4174,2019113,26.08.2019,045600,3100,-1,-1,-1,-1,-1,-1,-1,7241.211541 N,03457.473570 E,233.52,,,-1,5.5,6.7,11.2,105,1015.5,66,-1,-1,-1,-1,-1,10.8,206.38,,*5c
4174,2019113,26.08.2019,045700,3100,-1,-1,-1,-1,-1,-1,-1,7241.055087 N,03457.188921 E,233.02,,,-1,5.5,6.7,10.2,106,1015.4,66,-1,-1,-1,-1,-1,10.8,206.15,,*5c
4174,2019113,26.08.2019,045800,3100,-1,-1,-1,-1,-1,-1,-1,7240.898837 N,03456.902822 E,234.89,,,-1,5.5,6.7,11.0,104,1015.4,66,-1,-1,-1,-1,-1,10.6,206.03,,*5c
4174,2019113,26.08.2019,045900,3100,-1,-1,-1,-1,-1,-1,-1,7240.742827 N,03456.618277 E,235.90,,,-1,5.5,6.7,11.0,103,1015.4,66,-1,-1,-1,-1,-1,10.8,206.63,,*5c
4174,2019113,26.08.2019,050000,3100,-1,-1,-1,-1,-1,-1,-1,7240.587852 N,03456.334948 E,235.98,,,-1,5.5,6.7,10.6,101,1015.4,66,-1,-1,-1,-1,-1,10.7,206.32,,*5c
4174,2019113,26.08.2019,050100,3100,-1,-1,-1,-1,-1,-1,-1,7240.433428 N,03456.051861 E,237.73,,,-1,5.5,6.7,,,1015.4,66,-1,-1,-1,-1,-1,10.6,206.21,,*5c
4174,2019113,26.08.2019,050200,3100,-1,-1,-1,-1,-1,-1,-1,7240.278926 N,03455.768887 E,237.48,,,-1,5.5,6.7,10.2,97,1015.4,68,-1,-1,-1,-1,-1,10.6,206.03,,*5c
4174,2019113,26.08.2019,050300,3100,-1,-1,-1,-1,-1,-1,-1,7240.123472 N,03455.489754 E,236.03,,,-1,5.5,6.7,9.3,97,1015.4,67,-1,-1,-1,-1,-1,10.6,206.29,,*5c
4174,2019113,26.08.2019,050400,3100,-1,-1,-1,-1,-1,-1,-1,7239.967905 N,03455.207609 E,238.80,,,-1,5.5,6.7,9.1,99,1015.4,67,-1,-1,-1,-1,-1,10.7,206.76,,*5c
4174,2019113,26.08.2019,050500,3100,-1,-1,-1,-1,-1,-1,-1,7239.813987 N,03454.925809 E,239.10,,,-1,5.5,6.7,,,1015.4,67,-1,-1,-1,-1,-1,10.6,205.78,,*5c
4174,2019113,26.08.2019,050600,3100,-1,-1,-1,-1,-1,-1,-1,7239.659553 N,03454.646733 E,238.87,,,-1,-999.00,-999.00,9.3,98,-999.00,-999.00,-1,-1,-1,-1,-1,10.4,206.44,,*5c
4174,2019113,26.08.2019,050700,3100,-1,-1,-1,-1,-1,-1,-1,7239.505474 N,03454.365416 E,241.12,,,-1,5.5,6.7,10.5,104,1015.4,69,-1,-1,-1,-1,-1,10.7,206.04,,*5c
4174,2019113,26.08.2019,050800,3100,-1,-1,-1,-1,-1,-1,-1,7239.351735 N,03454.083746 E,241.56,,,-1,,,10.5,103,,,-1,-1,-1,-1,-1,10.5,206.51,,*5c
4174,2019113,26.08.2019,050900,3100,-1,-1,-1,-1,-1,-1,-1,7239.197600 N,03453.803583 E,240.48,,,-1,5.5,6.8,10.2,96,1015.4,68,-1,-1,-1,-1,-1,10.7,206.20,,*5c
4174,2019113,26.08.2019,051000,3100,-1,-1,-1,-1,-1,-1,-1,7239.044271 N,03453.522475 E,241.65,,,-1,5.6,6.8,10.4,100,1015.4,68,-1,-1,-1,-1,-1,10.5,206.35,,*5c
4174,2019113,26.08.2019,051100,3100,-1,-1,-1,-1,-1,-1,-1,7238.890509 N,03453.240684 E,242.02,,,-1,-999.00,-999.00,11.8,107,-999.00,-999.00,-1,-1,-1,-1,-1,10.6,206.08,,*5c
4174,2019113,26.08.2019,051200,3100,-1,-1,-1,-1,-1,-1,-1,7238.736486 N,03452.959743 E,242.30,,,-1,5.6,6.7,,,1015.4,68,-1,-1,-1,-1,-1,10.5,206.48,,*5c
4174,2019113,26.08.2019,051300,3100,-1,-1,-1,-1,-1,-1,-1,7238.583027 N,03452.680553 E,243.88,,,-1,5.6,6.7,11.4,105,1015.3,68,-1,-1,-1,-1,-1,10.5,206.19,,*5c
4174,2019113,26.08.2019,051400,3100,-1,-1,-1,-1,-1,-1,-1,7238.429208 N,03452.400557 E,247.58,,,-1,5.6,6.7,11.5,102,1015.3,67,-1,-1,-1,-1,-1,10.6,206.56,,*5c
4174,2019113,26.08.2019,051500,3100,-1,-1,-1,-1,-1,-1,-1,7238.275410 N,03452.117834 E,248.23,,,-1,5.6,6.7,9.3,107,1015.3,66,-1,-1,-1,-1,-1,10.5,206.39,,*5c
4174,2019113,26.08.2019,051600,3100,-1,-1,-1,-1,-1,-1,-1,7238.120623 N,03451.836206 E,250.47,,,-1,5.6,6.7,11.4,105,1015.3,68,-1,-1,-1,-1,-1,10.8,206.46,,*5c
4174,2019113,26.08.2019,051700,3100,-1,-1,-1,-1,-1,-1,-1,7237.966488 N,03451.553151 E,253.00,,,-1,5.6,6.7,11.3,106,1015.3,68,-1,-1,-1,-1,-1,10.5,206.13,,*5c
4174,2019113,26.08.2019,051800,3100,-1,-1,-1,-1,-1,-1,-1,7237.813150 N,03451.272201 E,254.82,,,-1,5.6,6.7,11.5,,1015.3,67,-1,-1,-1,-1,-1,10.6,206.10,,*5c
4174,2019113,26.08.2019,051900,3100,-1,-1,-1,-1,-1,-1,-1,7237.661139 N,03450.993702 E,253.87,,,-1,5.6,6.7,10.8,98,1015.4,68,-1,-1,-1,-1,-1,10.3,206.84,,*5c
4174,2019113,26.08.2019,052000,3100,-1,-1,-1,-1,-1,-1,-1,7237.509153 N,03450.712224 E,254.47,,,-1,5.6,6.7,11.7,103,1015.4,67,-1,-1,-1,-1,-1,10.4,206.15,,*5c
4174,2019113,26.08.2019,052100,3100,-1,-1,-1,-1,-1,-1,-1,7237.356565 N,03450.430264 E,254.97,,,-1,5.6,6.7,11.9,108,1015.3,69,-1,-1,-1,-1,-1,10.5,206.32,,*5c
4174,2019113,26.08.2019,052200,3100,-1,-1,-1,-1,-1,-1,-1,7237.203792 N,03450.147661 E,254.78,,,-1,5.6,6.7,10.3,105,1015.4,67,-1,-1,-1,-1,-1,10.3,206.47,,*5c
4174,2019113,26.08.2019,052300,3100,-1,-1,-1,-1,-1,-1,-1,7237.051809 N,03449.865583 E,255.19,,,-1,5.6,6.7,10.7,102,1015.3,67,-1,-1,-1,-1,-1,10.7,206.57,,*5c
4174,2019113,26.08.2019,052400,3100,-1,-1,-1,-1,-1,-1,-1,7236.899038 N,03449.581521 E,258.28,,,-1,5.6,6.7,10.6,97,1015.3,67,-1,-1,-1,-1,-1,10.3,206.23,,*5c
4174,2019113,26.08.2019,052500,3100,-1,-1,-1,-1,-1,-1,-1,7236.746760 N,03449.302018 E,257.22,,,-1,5.6,6.7,,,1015.3,68,-1,-1,-1,-1,-1,10.3,206.09,,*5c
4174,2019113,26.08.2019,052600,3100,-1,-1,-1,-1,-1,-1,-1,7236.595172 N,03449.019872 E,258.90,,,-1,5.6,6.7,10.3,102,1015.3,68,-1,-1,-1,-1,-1,10.4,206.45,,*5c
4174,2019113,26.08.2019,052700,3100,-1,-1,-1,-1,-1,-1,-1,7236.443536 N,03448.742240 E,259.71,,,-1,5.6,6.7,11.3,104,1015.2,67,-1,-1,-1,-1,-1,10.3,206.44,,*5c
4174,2019113,26.08.2019,052800,3100,-1,-1,-1,-1,-1,-1,-1,7236.291949 N,03448.463040 E,260.15,,,-1,5.6,6.7,,,1015.2,68,-1,-1,-1,-1,-1,10.5,206.24,,*5c
4174,2019113,26.08.2019,052900,3100,-1,-1,-1,-1,-1,-1,-1,7236.140505 N,03448.182376 E,261.67,,,-1,5.7,6.7,11.5,97,1015.2,68,-1,-1,-1,-1,-1,10.3,206.33,,*5c
4174,2019113,26.08.2019,053000,3100,-1,-1,-1,-1,-1,-1,-1,7235.990715 N,03447.903447 E,263.11,,,-1,-999.00,-999.00,11.2,94,-999.00,-999.00,-1,-1,-1,-1,-1,10.3,206.42,,*5c
4174,2019113,26.08.2019,053100,3100,-1,-1,-1,-1,-1,-1,-1,7235.841067 N,03447.626662 E,264.12,,,-1,5.7,6.7,10.7,100,1015.2,69,-1,-1,-1,-1,-1,10.4,206.36,,*5c
4174,2019113,26.08.2019,053200,3100,-1,-1,-1,-1,-1,-1,-1,7235.691095 N,03447.348250 E,264.58,,,-1,5.7,6.7,11.2,101,1015.2,70,-1,-1,-1,-1,-1,10.5,206.37,,*5c
4174,2019113,26.08.2019,053300,3100,-1,-1,-1,-1,-1,-1,-1,7235.540609 N,03447.069529 E,264.11,,,-1,-999.00,-999.00,10.2,101,-999.00,-999.00,-1,-1,-1,-1,-1,10.5,206.77,,*5c
4174,2019113,26.08.2019,053400,3100,-1,-1,-1,-1,-1,-1,-1,7235.391049 N,03446.788382 E,265.56,,,-1,5.7,6.7,,,1015.1,69,-1,-1,-1,-1,-1,10.2,206.40,,*5c
4174,2019113,26.08.2019,053500,3100,-1,-1,-1,-1,-1,-1,-1,7235.241912 N,03446.511905 E,266.37,,,-1,5.7,6.7,9.9,97,1015.1,70,-1,-1,-1,-1,-1,10.2,206.30,,*5c
4174,2019113,26.08.2019,053600,3100,-1,-1,-1,-1,-1,-1,-1,7235.091398 N,03446.232230 E,269.85,,,-1,5.7,6.7,10.1,99,1015.1,70,-1,-1,-1,-1,-1,10.6,206.37,,*5c
4174,2019113,26.08.2019,053700,3100,-1,-1,-1,-1,-1,-1,-1,7234.940438 N,03445.952956 E,269.66,,,-1,5.7,6.7,10.7,107,1015.1,71,-1,-1,-1,-1,-1,10.6,206.15,,*5c
4174,2019113,26.08.2019,053800,3100,-1,-1,-1,-1,-1,-1,-1,7234.790811 N,03445.671984 E,274.84,,,-1,-999.00,-999.00,10.9,105,-999.00,-999.00,-1,-1,-1,-1,-1,10.5,206.27,,*5c
4174,2019113,26.08.2019,053900,3100,-1,-1,-1,-1,-1,-1,-1,7234.640212 N,03445.391425 E,275.34,,,-1,5.8,6.7,10.2,109,1015.1,70,-1,-1,-1,-1,-1,10.4,206.01,,*5c
4174,2019113,26.08.2019,054000,3100,-1,-1,-1,-1,-1,-1,-1,7234.489697 N,03445.111565 E,278.95,,,-1,5.8,6.7,10.9,109,1015.1,70,-1,-1,-1,-1,-1,10.5,206.06,,*5c
4174,2019113,26.08.2019,054100,3100,-1,-1,-1,-1,-1,-1,-1,7234.338949 N,03444.835028 E,278.35,,,-1,5.8,6.7,11.1,110,1015.1,69,-1,-1,-1,-1,-1,10.6,206.35,,*5c
4174,2019113,26.08.2019,054200,3100,-1,-1,-1,-1,-1,-1,-1,7234.187945 N,03444.555620 E,282.74,,,-1,5.8,6.7,9.7,110,1015.2,69,-1,-1,-1,-1,-1,10.2,206.49,,*5c
4174,2019113,26.08.2019,054300,3100,-1,-1,-1,-1,-1,-1,-1,7234.038608 N,03444.281325 E,286.88,,,-1,5.8,6.7,10.7,107,1015.2,69,-1,-1,-1,-1,-1,9.8,205.54,,*5c
4174,2019113,26.08.2019,054400,3100,-1,-1,-1,-1,-1,-1,-1,7233.891000 N,03444.015740 E,291.95,,,-1,5.8,6.7,,104,1015.2,70,-1,-1,-1,-1,-1,10.4,206.80,,*5c
4174,2019113,26.08.2019,054500,3100,-1,-1,-1,-1,-1,-1,-1,7233.742155 N,03443.744733 E,287.48,,,-1,5.8,6.7,,,1015.1,70,-1,-1,-1,-1,-1,10.2,206.70,,*5c
4174,2019113,26.08.2019,054600,3100,-1,-1,-1,-1,-1,-1,-1,7233.593282 N,03443.470763 E,290.67,,,-1,-999.00,-999.00,,112,-999.00,-999.00,-1,-1,-1,-1,-1,10.3,205.86,,*5c
4174,2019113,26.08.2019,054700,3100,-1,-1,-1,-1,-1,-1,-1,7233.442565 N,03443.199166 E,286.24,,,-1,5.9,6.7,9.7,111,1015.1,70,-1,-1,-1,-1,-1,10.4,206.47,,*5c
4174,2019113,26.08.2019,054800,3100,-1,-1,-1,-1,-1,-1,-1,7233.291819 N,03442.923571 E,284.40,,,-1,5.9,6.8,9.7,112,101,70,-1,-1,-1,-1,-1,10.3,206.31,,*5c
4174,2019113,26.08.2019,054900,3100,-1,-1,-1,-1,-1,-1,-1,7233.141302 N,03442.653528 E,284.79,,,-1,5.9,6.8,10.7,113,1015.0,69,-1,-1,-1,-1,-1,10.2,206.52,,*5c
4174,2019113,26.08.2019,055000,3100,-1,-1,-1,-1,-1,-1,-1,7232.990952 N,03442.382698 E,286.23,,,-1,5.9,6.9,9.9,108,1015.1,68,-1,-1,-1,-1,-1,10.4,206.14,,*5c
4174,2019113,26.08.2019,055100,3100,-1,-1,-1,-1,-1,-1,-1,7232.839314 N,03442.115827 E,285.79,,,-1,5.9,7.0,10.6,108,1015.0,70,-1,-1,-1,-1,-1,10.2,206.29,,*5c
4174,2019113,26.08.2019,055200,3100,-1,-1,-1,-1,-1,-1,-1,7232.687642 N,03441.848520 E,284.02,,,-1,-999.00,-999.00,10.3,106,-999.00,-999.00,-1,-1,-1,-1,-1,10.1,206.38,,*5c
4174,2019113,26.08.2019,055300,3100,-1,-1,-1,-1,-1,-1,-1,7232.539838 N,03441.590564 E,280.74,,,-1,6.0,7.3,10.9,110,1015.1,69,-1,-1,-1,-1,-1,10.2,206.15,,*5c
4174,2019113,26.08.2019,055400,3100,-1,-1,-1,-1,-1,-1,-1,7232.390991 N,03441.325972 E,280.50,,,-1,-999.00,-999.00,10.6,109,-999.00,-999.00,-1,-1,-1,-1,-1,10.0,206.82,,*5c
4174,2019113,26.08.2019,055500,3100,-1,-1,-1,-1,-1,-1,-1,7232.246205 N,03441.065181 E,282.92,,,-1,6.0,7.4,10.4,111,1015.1,69,-1,-1,-1,-1,-1,9.4,206.14,,*5c
4174,2019113,26.08.2019,055600,3100,-1,-1,-1,-1,-1,-1,05242.349,7232.105862 N,03440.814538 E,282.53,,,-1,6.0,7.5,10.5,104,1015.2,68,-1,-1,-1,-1,-1,9.5,206.49,,*5c
4174,2019113,26.08.2019,055700,3100,-1,-1,-1,-1,-1,-1,05242.507,7231.967962 N,03440.571296 E,280.40,,,-1,-999.00,-999.00,9.3,102,-999.00,-999.00,-1,-1,-1,-1,-1,9.5,206.19,,*5c
4174,2019113,26.08.2019,055800,3100,-1,-1,-1,-1,-1,-1,05242.658,7231.833990 N,03440.331835 E,281.94,,,-1,6.0,7.6,9.5,104,1015.2,68,-1,-1,-1,-1,-1,9.1,206.27,,*5c
4174,2019113,26.08.2019,055900,3100,-1,-1,-1,-1,-1,-1,05242.810,7231.701088 N,03440.099355 E,282.62,,,-1,-999.00,-999.00,9.2,108,-999.00,-999.00,-1,-1,-1,-1,-1,9.0,206.29,,*5c
4174,2019113,26.08.2019,060000,3100,-1,-1,-1,-1,-1,-1,05242.958,7231.569654 N,03439.865567 E,282.49,,,-1,6.0,7.6,11.1,105,1015.2,68,-1,-1,-1,-1,-1,9.0,206.06,,*5c
4174,2019113,26.08.2019,060100,3100,-1,-1,-1,-1,-1,-1,05243.103,7231.441738 N,03439.634590 E,281.15,,,-1,6.0,7.6,10.3,107,1015.2,68,-1,-1,-1,-1,-1,8.9,206.57,,*5c
4174,2019113,26.08.2019,060200,3100,-1,-1,-1,-1,-1,-1,05243.252,7231.312028 N,03439.400063 E,280.52,,,-1,6.0,7.6,9.7,108,1015.3,67,-1,-1,-1,-1,-1,9.0,206.12,,*5c
4174,2019113,26.08.2019,060300,3100,-1,-1,-1,-1,-1,-1,05243.398,7231.181230 N,03439.164339 E,280.36,,,-1,6.0,7.6,10.6,113,1015.3,67,-1,-1,-1,-1,-1,9.0,206.87,,*5c
4174,2019113,26.08.2019,060400,3100,-1,-1,-1,-1,-1,-1,05243.546,7231.052293 N,03438.930377 E,279.25,,,-1,6.0,7.6,10.0,105,1015.3,67,-1,-1,-1,-1,-1,8.8,205.68,,*5c
4174,2019113,26.08.2019,060500,3100,-1,-1,-1,-1,-1,-1,05243.692,7230.924435 N,03438.704852 E,279.09,,,-1,6.0,7.6,9.6,108,1015.3,66,-1,-1,-1,-1,-1,8.6,206.95,,*5c
4174,2019113,26.08.2019,060600,3100,-1,-1,-1,-1,-1,-1,05243.837,7230.795527 N,03438.474923 E,278.38,,,-1,6.1,7.6,9.5,105,1015.2,67,-1,-1,-1,-1,-1,8.7,206.51,,*5c
