4174,2019113,17.08.2019,023250,2500,14,271,-1,-1,-1,-1,03855.554,7114.720192 N,02826.181095 E,380.07,,,-1,11.5,9.3,,,1003.2,87,-1,-1,-1,-1,-1,1.5,101.71,-1,-1,-1,-1,-1,-1,,,*5c
4174,2019113,17.08.2019,030040,2501,14,271,-1,-1,-1,-1,03856.368,7114.749814 N,02828.760548 E,387.17,,,-1,9.9,9.4,2.3,319,1003.3,92,-1,-1,-1,-1,-1,1.8,101.64,-1,-1,-1,-1,-1,-1,-1,,*5c
4174,2019113,17.08.2019,031915,1500,14,219,-1,-1,-1,-1,03857.719,7114.752644 N,02833.027452 E,404.91,,,-1,-999.00,-999.00,4.0,327,-999.00,-999.00,-1,-1,-1,-1,-1,5.3,83.54,1,3513,1602,2524,218,3.00,42.19,,*5c
4174,2019113,17.08.2019,035253,1501,14,219,-1,-1,-1,-1,03859.691,7114.828894 N,02839.182091 E,409.15,0,9003,-1,9.7,9.3,2.2,321,1003.2,94,-1,-1,-1,-1,-1,3.2,83.71,1,3513,1602,2524,218,20.13,47.06,,*5c
4174,2019113,17.08.2019,041806,1100,14,271,-1,-1,-1,-1,03860.797,7114.966643 N,02842.561256 E,410.16,,,-1,10.2,9.2,2.0,310,1003.2,93,1,6,3,0,-1,0.1,124.02,-1,-1,-1,-1,-1,-1,,,*5c
4174,2019113,17.08.2019,043607,1101,14,271,-1,-1,-1,-1,03860.798,7114.967437 N,02842.559823 E,410.09,,,-1,9.9,9.3,,,1003.3,89,1,6,3,0,-1,0.1,101.47,-1,-1,-1,-1,-1,-1,,,*5c
4174,2019113,17.08.2019,043620,1300,14,271,-1,-1,-1,-1,03860.798,7114.967627 N,02842.559468 E,410.37,,,-1,9.9,9.3,2.4,333,1003.3,89,-1,-1,-1,-1,-1,0.1,101.45,-1,-1,-1,-1,-1,-1,,,*5c
4174,2019113,17.08.2019,050247,1301,14,271,-1,-1,-1,-1,03860.956,7115.045801 N,02843.025466 E,410.72,,,-1,-999.00,-999.00,,,-999.00,-999.00,-1,-1,-1,-1,-1,0.3,100.73,-1,-1,-1,-1,-1,-1,,,*5c
4174,2019113,17.08.2019,053307,1600,14,220,-1,-1,-1,-1,03863.678,7114.388621 N,02851.186200 E,409.93,,,-1,9.5,9.1,2.9,13,1003.0,96,-1,-1,-1,-1,-1,3.2,101.88,1,3571,1623,2525,920,-1,27.19,,*5c
4174,2019113,17.08.2019,054808,1601,14,220,-1,-1,-1,-1,03864.549,7114.166048 N,02853.835132 E,409.69,409.55,410.39,-1,9.6,9.1,3.9,37,1002.9,96,-1,-1,-1,-1,-1,3.6,98.47,1,3571,1623,2525,920,4.25,27.19,,*5c
4174,2019113,17.08.2019,061758,900,14,108,-1,-1,-1,-1,03866.735,7115.171277 N,02856.688204 E,408.01,,,-1,10.4,9.1,3.0,51,1002.8,93,-1,-1,-1,-1,-1,9.7,28.03,-1,-1,-1,-1,-1,-1,-1,,*5c
4174,2019113,17.08.2019,090128,1500,15,221,-1,-1,-1,-1,03894.534,7115.998062 N,03023.044686 E,298.96,,,-1,9.9,8.6,4.9,202,1003.3,94,-1,-1,-1,-1,-1,3.7,89.47,1,3513,1602,2526,360,-1,-1,,*5c
4174,2019113,17.08.2019,094039,1501,15,221,-1,-1,-1,-1,03896.498,7116.181659 N,03029.201090 E,292.92,0,9003,-1,9.9,8.9,3.6,247,1003.6,95,-1,-1,-1,-1,-1,2.8,96.39,1,3513,1602,2526,360,13.81,59.5,,*5c
4174,2019113,17.08.2019,100817,1100,15,272,-1,-1,-1,-1,03897.483,7115.957835 N,03031.674873 E,291.84,,,-1,9.5,8.7,,,1003.8,96,2,8,2,0,-1,0.1,280.43,-1,-1,-1,-1,-1,-1,-1,,*5c
4174,2019113,17.08.2019,102053,1101,15,272,-1,-1,-1,-1,03897.500,7115.960926 N,03031.609641 E,291.76,,,-1,9.2,8.7,,,1004.2,98,2,8,2,0,-1,0.3,285.08,-1,-1,-1,-1,-1,-1,-1,,*5c
4174,2019113,17.08.2019,102103,1300,15,272,-1,-1,-1,-1,03897.501,7115.961121 N,03031.607784 E,291.81,,,-1,9.2,8.7,5.6,305,1004.2,98,-1,-1,-1,-1,-1,0.2,285.03,-1,-1,-1,-1,-1,-1,,WP 2,*5c
4174,2019113,17.08.2019,103628,1301,15,272,-1,-1,-1,-1,03897.625,7115.994282 N,03031.185678 E,291.38,,,-1,9.1,8.7,7.6,309,1004.4,98,-1,-1,-1,-1,-1,0.8,286.71,-1,-1,-1,-1,-1,-1,-1,WP 2,*5c
4174,2019113,17.08.2019,104519,0,15,272,-1,-1,-1,-1,03897.831,7116.001030 N,03031.227585 E,292.38,,,-1,9.3,8.7,7.4,301,1004.7,99,-1,-1,-1,-1,-1,2.7,142.05,-1,-1,-1,-1,-1,-1,,Tauet farkost,*5c
4174,2019113,17.08.2019,110013,0,15,272,-1,-1,-1,-1,03898.481,7115.452732 N,03032.363779 E,292.19,,,-1,8.7,8.8,,313,1004.8,98,-1,-1,-1,-1,-1,2.4,141.72,-1,-1,-1,-1,-1,-1,,Tauet farkost,*5c
4174,2019113,17.08.2019,113240,1600,15,222,-1,-1,-1,-1,03901.156,7115.295479 N,03031.169369 E,293.34,,,-1,8.4,8.8,8.0,325,1005.3,99,-1,-1,-1,-1,-1,3.4,201.92,1,3271,1623,2527,694,-1,-1,,*5c
4174,2019113,17.08.2019,114750,1601,15,222,-1,-1,-1,-1,03901.979,7114.524405 N,03030.227496 E,295.23,292.43,296.71,-1,8.3,8.9,9.1,322,1005.6,99,-1,-1,-1,-1,-1,3.2,196.17,1,3271,1623,2527,694,3.4699999999999998,51.56,,*5c
4174,2019113,17.08.2019,121922,900,15,109,-1,-1,-1,-1,03904.652,7115.536547 N,03032.000078 E,292.65,,,-1,8.3,8.7,13.2,313,1006.5,97,-1,-1,-1,-1,-1,8.8,106.95,-1,-1,-1,-1,-1,-1,,,*5c
4174,2019113,17.08.2019,152315,1500,16,223,-1,-1,-1,-1,03935.846,7044.383821 N,03032.818913 E,319.03,,,-1,9.3,8.7,,,1008.5,92,-1,-1,-1,-1,-1,4.9,187.23,1,3513,1602,2528,225,1.19,,,*5c
4174,2019113,17.08.2019,155845,1501,16,223,-1,-1,-1,-1,03937.827,7042.390909 N,03033.072668 E,208.05,0,9003,-1,8.6,8.7,2.6,354,1008.6,93,-1,-1,-1,-1,-1,3.1,187.63,1,3513,1602,2528,225,18.88,47.69,,*5c
4174,2019113,17.08.2019,162127,1100,16,273,-1,-1,-1,-1,03939.379,7040.861089 N,03032.600121 E,111.15,,,-1,9.2,8.3,1.9,24,1008.9,93,2,5,3,0,-1,0.8,208.53,-1,-1,-1,-1,-1,-1,-1,,*5c
4174,2019113,17.08.2019,162854,1101,16,273,-1,-1,-1,-1,03939.463,7040.824108 N,03032.846725 E,110.80,,,-1,10.0,8.3,1.3,27,1008.9,89,2,5,3,0,-1,0.7,208.99,-1,-1,-1,-1,-1,-1,,,*5c
4174,2019113,17.08.2019,162901,1300,16,273,-1,-1,-1,-1,03939.464,7040.823569 N,03032.850230 E,110.91,,,-1,10.0,8.3,1.5,24,1008.9,89,-1,-1,-1,-1,-1,0.8,209.11,-1,-1,-1,-1,-1,-1,,,*5c
4174,2019113,17.08.2019,163931,1301,16,273,-1,-1,-1,-1,03939.576,7040.748790 N,03033.139512 E,109.02,,,-1,8.5,8.3,2.7,1,1008.8,92,-1,-1,-1,-1,-1,0.7,209.24,-1,-1,-1,-1,-1,-1,,,*5c
4174,2019113,17.08.2019,170207,1600,16,224,-1,-1,-1,-1,03941.811,7039.847016 N,03030.819394 E,71.05,,,-1,8.4,8.4,,,1009.1,95,-1,-1,-1,-1,-1,3.7,118.20,1,3270,1623,2529,223,-1,46.38,,*5c
4174,2019113,17.08.2019,172711,1601,16,224,-1,-1,-1,-1,03943.253,7038.907223 N,03034.163920 E,94.52,70.92,94.94,-1,8.3,8.1,2.4,87,1009.3,95,-1,-1,-1,-1,-1,3.1,132.89,1,3270,1623,2529,223,4.13,59.19,,*5c
4174,2019113,17.08.2019,175446,900,16,110,-1,-1,-1,-1,03946.388,7040.861104 N,03032.188068 E,104.50,,,-1,8.2,8.1,2.0,79,1009.3,95,-1,-1,-1,-1,-1,10.3,336.59,-1,-1,-1,-1,-1,-1,,,*5c
4174,2019113,17.08.2019,211048,1500,17,225,-1,-1,-1,-1,03978.681,7041.214808 N,03209.222187 E,272.23,,,-1,-999.00,-999.00,6.5,98,-999.00,-999.00,-1,-1,-1,-1,-1,3.1,91.50,1,3513,1602,2530,305,1.50,-1,,*5c
4174,2019113,17.08.2019,214842,1501,17,225,-1,-1,-1,-1,03980.496,7041.369123 N,03214.754382 E,276.35,0,9003,-1,6.4,8.6,8.4,108,1009.5,100,-1,-1,-1,-1,-1,2.7,96.62,1,3513,1602,2530,305,14.38,58.38,,*5c
4174,2019113,17.08.2019,221529,1100,17,274,-1,-1,-1,-1,03981.712,7041.135619 N,03217.740307 E,278.33,,,-1,6.5,8.6,8.6,99,1009.9,100,4,7,2,0,-1,0.0,121.58,-1,-1,-1,-1,-1,-1,,,*5c
4174,2019113,17.08.2019,222808,1101,17,274,-1,-1,-1,-1,03981.712,7041.135301 N,03217.737582 E,278.33,,,-1,6.5,8.6,7.7,102,1009.6,101,4,7,2,0,-1,0.1,118.53,-1,-1,-1,-1,-1,-1,,,*5c
4174,2019113,17.08.2019,222824,1300,17,274,-1,-1,-1,-1,03981.712,7041.135314 N,03217.737153 E,278.39,,,-1,6.5,8.6,6.9,93,1009.6,101,-1,-1,-1,-1,-1,0.1,118.27,-1,-1,-1,-1,-1,-1,-1,WP 2,*5c
4174,2019113,17.08.2019,224325,1301,17,274,-1,-1,-1,-1,03981.789,7041.165700 N,03217.497815 E,278.20,,,-1,6.6,8.6,7.4,107,1009.5,101,-1,-1,-1,-1,-1,0.4,118.60,-1,-1,-1,-1,-1,-1,,WP 2,*5c
4174,2019113,17.08.2019,231350,1600,17,226,-1,-1,-1,-1,03983.728,7040.659034 N,03217.757742 E,280.89,,,-1,7.0,8.6,8.8,89,1009.6,101,-1,-1,-1,-1,-1,3.2,170.43,1,3271,1623,2531,666,-1,43.31,,*5c
4174,2019113,17.08.2019,232922,1601,17,226,-1,-1,-1,-1,03984.503,7039.873287 N,03217.570619 E,286.09,280.79,286.12,-1,7.2,8.6,9.8,99,1009.6,99,-1,-1,-1,-1,-1,3.0,170.14,1,3271,1623,2531,666,3.38,51.75,,*5c
4174,2019113,17.08.2019,235800,900,17,111,-1,-1,-1,-1,03986.828,7040.868435 N,03218.332926 E,279.93,,,-1,7.3,8.6,11.7,103,1008.7,99,-1,-1,-1,-1,-1,10.9,17.13,-1,-1,-1,-1,-1,-1,-1,,*5c
