4174,2019113,16.08.2019,001017,1501,10,211,-1,-1,-1,-1,03688.925,7100.850835 N,02128.610683 E,176.48,0,9003,-1,6.6,9.5,3.0,329,1006.7,77,-1,-1,-1,-1,-1,2.8,83.79,1,3513,1602,2516,120,18,47.81,,*5c
4174,2019113,16.08.2019,003603,1100,10,267,-1,-1,-1,-1,03690.551,7101.085825 N,02133.380884 E,170.38,,,-1,6.6,9.5,3.3,294,1006.7,76,2,6,2,0,-1,0.5,13.63,-1,-1,-1,-1,-1,-1,,,*5c
4174,2019113,16.08.2019,004540,1101,10,267,-1,-1,-1,-1,03690.552,7101.085324 N,02133.389381 E,170.23,,,-1,6.6,9.5,2.8,299,1006.7,77,2,6,2,0,-1,0.1,19.03,-1,-1,-1,-1,-1,-1,,,*5c
4174,2019113,16.08.2019,004558,1300,10,267,-1,-1,-1,-1,03690.552,7101.085297 N,02133.388127 E,170.28,,,-1,6.6,9.5,3.1,301,1006.7,77,-1,-1,-1,-1,-1,0.3,18.14,-1,-1,-1,-1,-1,-1,,WP 2,*5c
4174,2019113,16.08.2019,005956,1301,10,267,-1,-1,-1,-1,03690.554,7101.084506 N,02133.381685 E,170.29,,,-1,6.5,9.5,2.2,319,1006.7,76,-1,-1,-1,-1,-1,0.1,19.54,-1,-1,-1,-1,-1,-1,-1,WP 2,*5c
4174,2019113,16.08.2019,021209,1600,10,212,-1,-1,-1,-1,03699.301,7100.591506 N,02138.205550 E,164.02,,,-1,-999.00,-999.00,1.3,15,-999.00,-999.00,-1,-1,-1,-1,-1,2.7,258.04,1,3271,1623,2517,430,5.38,37.06,,*5c
4174,2019113,16.08.2019,022714,1601,10,212,-1,-1,-1,-1,03700.072,7100.558052 N,02135.803937 E,160.02,158.24,164.98,-1,6.6,9.5,3.5,292,1006.7,75,-1,-1,-1,-1,-1,3.4,264.10,1,3271,1623,2517,430,3.88,37.5,,*5c
4174,2019113,16.08.2019,024748,900,10,102,-1,-1,-1,-1,03701.391,7101.143615 N,02134.807089 E,159.99,,,-1,6.6,9.5,6.8,18,1006.6,74,-1,-1,-1,-1,-1,9.6,81.89,-1,-1,-1,-1,-1,-1,,,*5c
4174,2019113,16.08.2019,055731,1500,10,213,-1,-1,-1,-1,03733.099,7105.816611 N,02311.358983 E,333.33,,,-1,6.6,9.3,4.8,126,1007.0,75,-1,-1,-1,-1,-1,4.2,82.06,1,3513,1602,2518,250,1.81,40.50,,*5c
4174,2019113,16.08.2019,063423,1501,10,213,-1,-1,-1,-1,03735.073,7106.030648 N,02317.465983 E,234.65,0,9003,-1,6.6,8.9,2.6,153,1007.1,76,-1,-1,-1,-1,-1,3.0,88.36,1,3513,1602,2518,250,17.69,51.44,,*5c
4174,2019113,16.08.2019,065509,1100,10,268,-1,-1,-1,-1,03735.926,7106.245313 N,02319.808159 E,238.97,,,-1,6.8,8.9,2.8,146,1006.8,74,1,4,3,0,-1,0.2,282.00,-1,-1,-1,-1,-1,-1,,,*5c
4174,2019113,16.08.2019,070628,1101,10,268,-1,-1,-1,-1,03735.927,7106.245732 N,02319.806048 E,238.84,,,-1,6.7,8.9,2.1,159,1006.9,77,1,4,3,0,-1,0.4,281.24,-1,-1,-1,-1,-1,-1,,,*5c
4174,2019113,16.08.2019,070645,1300,10,268,-1,-1,-1,-1,03735.927,7106.245799 N,02319.806099 E,238.78,,,-1,6.7,8.9,2.4,157,1006.9,77,-1,-1,-1,-1,-1,0.1,280.34,-1,-1,-1,-1,-1,-1,,wp-2,*5c
4174,2019113,16.08.2019,072429,1301,10,268,-1,-1,-1,-1,03735.927,7106.246259 N,02319.804814 E,238.85,,,-1,6.7,9.0,2.1,158,1006.8,78,-1,-1,-1,-1,-1,0.2,281.34,-1,-1,-1,-1,-1,-1,,wp-2,*5c
4174,2019113,16.08.2019,073221,0,10,268,-1,-1,-1,-1,03735.987,7106.185007 N,02319.727728 E,237.06,,,-1,6.7,8.9,2.7,149,1006.9,78,-1,-1,-1,-1,-1,1.8,202.80,-1,-1,-1,-1,-1,-1,,Mantatrål  bølgehøyde 0,3 meter,*5c
4174,2019113,16.08.2019,074723,0,10,268,-1,-1,-1,-1,03736.619,7105.661910 N,02318.587406 E,244.93,,,-1,6.7,8.9,,,1006.8,78,-1,-1,-1,-1,-1,2.6,222.47,-1,-1,-1,-1,-1,-1,,Mantatrål  bølgehøyde 0,3 meter,*5c
4174,2019113,16.08.2019,081459,1600,10,214,-1,-1,-1,-1,03738.429,7106.261906 N,02320.979940 E,240.85,,,-1,6.7,9.0,3.2,149,1006.7,79,-1,-1,-1,-1,-1,3.1,48.02,1,3271,1623,2519,585,5.69,49.88,,*5c
4174,2019113,16.08.2019,083000,1601,10,214,-1,-1,-1,-1,03739.206,7106.744759 N,02322.901060 E,249.74,237.2,249.82,-1,6.6,9.0,3.7,149,1006.6,81,-1,-1,-1,-1,-1,3.1,45.15,1,3271,1623,2519,585,3.88,48.06,,*5c
4174,2019113,16.08.2019,085556,900,10,103,-1,-1,-1,-1,03741.018,7106.559847 N,02327.810845 E,348.49,,,-1,6.6,9.0,,,1006.4,80,-1,-1,-1,-1,-1,10.6,128.44,-1,-1,-1,-1,-1,-1,,,*5c
4174,2019113,16.08.2019,113518,900,11,104,-1,-1,-1,-1,03768.934,7109.787468 N,02453.423240 E,107.34,,,-1,7.0,8.0,3.6,72,1006.1,84,-1,-1,-1,-1,-1,6.5,49.19,-1,-1,-1,-1,-1,-1,-1,,*5c
4174,2019113,16.08.2019,120740,1500,11,215,-1,-1,-1,-1,03771.987,7109.975461 N,02501.119299 E,160.57,,,-1,-999.00,-999.00,4.6,48,-999.00,-999.00,-1,-1,-1,-1,-1,3.7,78.53,1,3513,1602,2520,120,-1,38.31,,*5c
4174,2019113,16.08.2019,124734,1501,11,215,-1,-1,-1,-1,03774.140,7110.226271 N,02507.794553 E,151.67,0,9003,-1,7.6,8.2,5.9,45,1006.0,89,-1,-1,-1,-1,-1,3.2,91.00,1,3513,1602,2520,120,5.38,45,,*5c
4174,2019113,16.08.2019,131725,1100,11,269,-1,-1,-1,-1,03775.441,7110.206337 N,02507.057349 E,148.46,,,-1,8.0,8.2,4.3,56,1005.7,88,2,6,2,0,-1,0.1,251.01,-1,-1,-1,-1,-1,-1,,,*5c
4174,2019113,16.08.2019,132528,1101,11,269,-1,-1,-1,-1,03775.441,7110.207509 N,02507.056060 E,148.32,,,-1,8.0,8.2,4.5,61,1005.6,90,2,6,2,0,-1,0.4,252.30,-1,-1,-1,-1,-1,-1,,,*5c
4174,2019113,16.08.2019,132555,1300,11,269,-1,-1,-1,-1,03775.441,7110.207328 N,02507.055872 E,148.39,,,-1,8.0,8.3,4.5,61,1005.6,89,-1,-1,-1,-1,-1,0.4,252.29,-1,-1,-1,-1,-1,-1,,WP 2,*5c
4174,2019113,16.08.2019,133849,1301,11,269,-1,-1,-1,-1,03775.499,7110.214229 N,02507.258389 E,150.06,,,-1,8.3,8.3,4.1,70,1005.6,90,-1,-1,-1,-1,-1,1.0,250.46,-1,-1,-1,-1,-1,-1,,WP 2,*5c
4174,2019113,16.08.2019,133919,1300,11,269,-1,-1,-1,-1,03775.507,7110.216862 N,02507.282043 E,150.08,,,-1,8.3,8.3,4.5,70,1005.6,90,-1,-1,-1,-1,-1,0.9,250.69,-1,-1,-1,-1,-1,-1,,Algehåv,*5c
4174,2019113,16.08.2019,135227,1301,11,269,-1,-1,-1,-1,03775.558,7110.234766 N,02507.439407 E,150.04,,,-1,8.1,8.2,,67,1005.5,91,-1,-1,-1,-1,-1,0.5,252.71,-1,-1,-1,-1,-1,-1,-1,Algehåv,*5c
4174,2019113,16.08.2019,162902,1600,11,216,-1,-1,-1,-1,03780.203,7111.651402 N,02503.785953 E,163.52,,,-1,9.3,8.3,3.4,73,1004.1,85,-1,-1,-1,-1,-1,2.6,259.05,1,3271,1623,2521,375,-1,-1,,*5c
4174,2019113,16.08.2019,164407,1601,11,216,-1,-1,-1,-1,03780.935,7111.638457 N,02501.480430 E,163.92,163.52,169.35,-1,9.1,8.4,5.0,74,1004.0,88,-1,-1,-1,-1,-1,2.9,261.79,1,3271,1623,2521,375,4.19,44.94,,*5c
4174,2019113,16.08.2019,171431,900,11,105,-1,-1,-1,-1,03784.066,7110.217040 N,02505.959685 E,152.61,,,-1,-999.00,-999.00,5.8,72,-999.00,-999.00,-1,-1,-1,-1,-1,10.3,91.60,-1,-1,-1,-1,-1,-1,,,*5c
4174,2019113,16.08.2019,183849,900,12,106,-1,-1,-1,-1,03799.400,7111.467781 N,02552.308410 E,302.30,,,-1,-999.00,-999.00,12.9,71,-999.00,-999.00,-1,-1,-1,-1,-1,10.5,68.44,-1,-1,-1,-1,-1,-1,,,*5c
4174,2019113,16.08.2019,202824,1500,13,217,-1,-1,-1,-1,03817.028,7112.958660 N,02646.750842 E,284.81,,,-1,-999.00,-999.00,3.6,142,-999.00,-999.00,-1,-1,-1,-1,-1,3.2,90.08,1,3513,1602,2522,360,1.50,,,*5c
4174,2019113,16.08.2019,211121,1501,13,217,-1,-1,-1,-1,03819.076,7113.155296 N,02653.166760 E,283.28,0,9003,-1,11.8,8.7,5.9,218,1003.1,86,-1,-1,-1,-1,-1,2.9,93.03,1,3513,1602,2522,360,13.81,58.94,,*5c
4174,2019113,16.08.2019,214209,1100,13,270,-1,-1,-1,-1,03819.721,7113.141211 N,02654.799433 E,283.56,,,-1,12.1,8.7,7.3,204,1003.1,86,2,5,3,0,-1,0.2,35.18,-1,-1,-1,-1,-1,-1,,,*5c
4174,2019113,16.08.2019,215745,1101,13,270,-1,-1,-1,-1,03819.747,7113.155383 N,02654.702954 E,283.92,,,-1,12.2,8.7,2.6,228,1003.4,78,2,5,3,0,-1,0.6,26.70,-1,-1,-1,-1,-1,-1,,,*5c
4174,2019113,16.08.2019,215817,1300,13,270,-1,-1,-1,-1,03819.750,7113.156644 N,02654.693873 E,283.98,,,-1,12.3,8.7,1.6,227,1003.4,78,-1,-1,-1,-1,-1,0.9,27.63,-1,-1,-1,-1,-1,-1,,,*5c
4174,2019113,16.08.2019,221326,1301,13,270,-1,-1,-1,-1,03819.846,7113.201098 N,02654.400168 E,283.25,,,-1,12.1,8.7,0.6,198,1003.1,80,-1,-1,-1,-1,-1,0.6,26.59,-1,-1,-1,-1,-1,-1,,,*5c
4174,2019113,16.08.2019,224519,1600,13,218,-1,-1,-1,-1,03821.715,7113.596600 N,02658.616069 E,290.29,,,-1,-999.00,-999.00,4.6,180,-999.00,-999.00,-1,-1,-1,-1,-1,3.5,103.50,1,3271,1623,2523,680,-1,47.25,,*5c
4174,2019113,16.08.2019,230022,1601,13,218,-1,-1,-1,-1,03822.489,7113.460484 N,02701.008365 E,288.35,288.33,290.65,-1,11.7,9.1,6.1,204,1003.3,81,-1,-1,-1,-1,-1,3.0,100.56,1,3271,1623,2523,680,8.190000000000001,48.31,,*5c
4174,2019113,16.08.2019,233800,900,13,107,-1,-1,-1,-1,03826.192,7113.114504 N,02655.146726 E,284.35,,,-1,9.8,8.8,9.8,203,1003.0,90,-1,-1,-1,-1,-1,9.4,100.91,-1,-1,-1,-1,-1,-1,,,*5c
