4174,2019113,14.08.2019,025734,0,1,197,-1,-1,-1,-1,03412.309,7048.410376 N,02040.747082 E,0.00,,,-1,8.4,9.7,9.0,39,1004.0,94,-1,-1,-1,-1,-1,3.2,295.99,1,3271,1623,2502,560,-1,48.25,Sjøtest av trål,*5c
4174,2019113,14.08.2019,031236,0,1,197,-1,-1,-1,-1,03413.158,7048.582475 N,02038.187634 E,0.00,0,0,-1,8.4,9.7,11.6,43,1004.0,93,-1,-1,-1,-1,-1,3.4,291.38,1,3271,1623,2502,560,3.5,48.25,Sjøtest av trål,*5c
4174,2019113,14.08.2019,034605,1600,1,198,-1,-1,-1,-1,03414.931,7048.534478 N,02039.204270 E,0.00,,,-1,8.3,9.5,11.0,39,1004.0,94,-1,-1,-1,-1,-1,2.7,82.80,1,3271,1623,2503,560,-1,37.88,Sjøtest ,*5c
4174,2019113,14.08.2019,040117,1601,1,198,-1,-1,-1,-1,03415.719,7048.391969 N,02041.595994 E,0.00,0,0,-1,-999.00,-999.00,,,-999.00,-999.00,-1,-1,-1,-1,-1,3.0,83.33,1,3271,1623,2503,560,4.06,47.31,Sjøtest ,*5c
4174,2019113,14.08.2019,045519,1600,1,199,-1,-1,-1,-1,03418.790,7048.609988 N,02037.621239 E,0.00,,,-1,-999.00,-999.00,,,-999.00,-999.00,-1,-1,-1,-1,-1,2.7,284.61,1,3271,1617,2504,560,-1,46.50,Sjøtest,*5c
4174,2019113,14.08.2019,050724,1601,1,199,-1,-1,-1,-1,03419.432,7048.659517 N,02035.644943 E,0.00,0,0,-1,-999.00,-999.00,,43,-999.00,-999.00,-1,-1,-1,-1,-1,3.5,296.34,1,3271,1617,2504,560,4.16,46.25,Sjøtest,*5c
4174,2019113,14.08.2019,053910,1600,1,200,-1,-1,-1,-1,03421.248,7048.618819 N,02036.254591 E,0.00,,,-1,8.1,9.5,9.8,,1004.2,95,-1,-1,-1,-1,-1,2.0,88.67,1,3271,1617,2505,560,-1,45.63,Sjøtest,*5c
4174,2019113,14.08.2019,055350,1601,1,200,-1,-1,-1,-1,03421.964,7048.509748 N,02038.443626 E,0.00,0,0,-1,-999.00,-999.00,13.5,50,-999.00,-999.00,-1,-1,-1,-1,-1,3.2,83.81,1,3271,1617,2505,560,4.029999999999999,47.75,Sjøtest,*5c
4174,2019113,14.08.2019,083804,1500,2,201,-1,-1,-1,-1,03446.127,7027.081490 N,02022.585240 E,0.00,,,-1,9.2,9.5,9.5,46,1003.4,89,-1,-1,-1,-1,-1,3.5,217.90,1,3513,1602,2506,340,1.81,,,*5c
4174,2019113,14.08.2019,092214,1501,2,201,-1,-1,-1,-1,03448.387,7025.216745 N,02018.686467 E,0.00,0,9003,-1,9.3,9.0,10.6,47,1003.6,89,-1,-1,-1,-1,-1,3.0,217.38,1,3513,1602,2506,340,13.19,56.81,,*5c
4174,2019113,14.08.2019,095735,1100,2,261,-1,-1,-1,-1,03450.731,7025.979763 N,02019.477546 E,0.00,,,-1,8.7,8.9,10.3,40,1003.4,93,2,4,4,0,-1,0.1,39.55,-1,-1,-1,-1,-1,-1,,,*5c
4174,2019113,14.08.2019,101424,1101,2,261,-1,-1,-1,-1,03450.743,7025.978088 N,02019.472545 E,0.00,,,-1,8.6,8.9,10.9,40,1003.5,93,2,4,4,0,-1,0.3,48.12,-1,-1,-1,-1,-1,-1,,,*5c
4174,2019113,14.08.2019,101553,1300,2,261,-1,-1,-1,-1,03450.744,7025.976115 N,02019.470078 E,0.00,,,-1,8.6,8.9,10.4,45,1003.5,93,-1,-1,-1,-1,-1,0.1,48.29,-1,-1,-1,-1,-1,-1,,wp 2,*5c
4174,2019113,14.08.2019,102927,1301,2,261,-1,-1,-1,-1,03450.858,7025.905078 N,02019.719969 E,0.00,,,-1,8.6,8.9,11.1,48,1003.4,93,-1,-1,-1,-1,-1,1.5,47.17,-1,-1,-1,-1,-1,-1,,wp 2,*5c
4174,2019113,14.08.2019,103820,0,2,261,-1,-1,-1,-1,03451.113,7025.968225 N,02020.143747 E,0.00,,,-1,-999.00,-999.00,11.3,42,-999.00,-999.00,-1,-1,-1,-1,-1,2.7,32.70,-1,-1,-1,-1,-1,-1,,Tauet farkost Mantatrål Bølgehøyde 1,5 m,*5c
4174,2019113,14.08.2019,105320,0,2,261,-1,-1,-1,-1,03451.657,7026.340704 N,02021.353737 E,0.00,,,-1,8.6,8.8,13.0,49,1003.3,93,-1,-1,-1,-1,-1,1.9,38.20,-1,-1,-1,-1,-1,-1,,Tauet farkost Mantatrål Bølgehøyde 1,5 m,*5c
4174,2019113,14.08.2019,112348,1600,2,202,-1,-1,-1,-1,03453.990,7025.714921 N,02021.497200 E,0.00,,,-1,8.7,8.9,9.7,48,1003.6,93,-1,-1,-1,-1,-1,3.6,323.03,1,3271,1623,2507,390,-1,-1,,*5c
4174,2019113,14.08.2019,113850,1601,2,202,-1,-1,-1,-1,03454.819,7026.300157 N,02019.702266 E,0.00,128,133,-1,8.5,8.9,12.0,43,1003.6,92,-1,-1,-1,-1,-1,3.5,323.01,1,3271,1623,2507,390,4,46.31,,*5c
4174,2019113,14.08.2019,120451,900,2,93,-1,-1,-1,-1,03456.422,7025.801941 N,02018.231610 E,0.00,,,-1,8.6,8.8,8.6,40,1003.7,93,-1,-1,-1,-1,-1,9.7,260.08,-1,-1,-1,-1,-1,-1,,,*5c
4174,2019113,14.08.2019,121216,900,2,94,-1,-1,-1,-1,03457.714,7025.461771 N,02014.504818 E,0.00,,,-1,8.5,8.8,12.6,53,1003.7,92,-1,-1,-1,-1,-1,10.8,238.29,-1,-1,-1,-1,-1,-1,,,*5c
4174,2019113,14.08.2019,125455,900,3,95,-1,-1,-1,-1,03465.282,7023.500247 N,01954.585079 E,0.00,,,-1,-999.00,-999.00,9.5,43,-999.00,-999.00,-1,-1,-1,-1,-1,10.9,262.02,-1,-1,-1,-1,-1,-1,,,*5c
4174,2019113,14.08.2019,135457,900,4,96,-1,-1,-1,-1,03476.126,7020.335855 N,01923.727512 E,0.00,,,-1,8.2,8.2,11.1,48,1003.9,94,-1,-1,-1,-1,-1,10.5,265.48,-1,-1,-1,-1,-1,-1,,,*5c
4174,2019113,14.08.2019,144402,900,5,97,-1,-1,-1,-1,03485.192,7017.751350 N,01859.496486 E,0.00,,,-1,8.0,8.2,8.5,54,1004.0,95,-1,-1,-1,-1,-1,11.0,232.47,-1,-1,-1,-1,-1,-1,-1,,*5c
4174,2019113,14.08.2019,154605,1500,6,203,-1,-1,-1,-1,03494.296,7014.869349 N,01833.980956 E,0.00,,,-1,8.1,8.4,12.0,55,1003.6,94,-1,-1,-1,-1,-1,4.4,256.80,1,3513,1602,2508,248,-1,14.50,,*5c
4174,2019113,14.08.2019,161819,1501,6,203,-1,-1,-1,-1,03496.326,7014.271670 N,01828.198741 E,0.00,0,9003,-1,8.0,8.3,13.9,52,1003.4,93,-1,-1,-1,-1,-1,3.5,257.65,1,3513,1602,2508,248,20.535,49.44,,*5c
4174,2019113,14.08.2019,164315,1100,6,262,-1,-1,-1,-1,03497.537,7014.237842 N,01827.024203 E,192.00,,,-1,8.1,8.3,,,1003.1,93,2,8,4,0,-1,0.4,52.68,-1,-1,-1,-1,-1,-1,,,*5c
4174,2019113,14.08.2019,165449,1101,6,262,-1,-1,-1,-1,03497.549,7014.236314 N,01827.034283 E,192.57,,,-1,8.0,8.3,14.3,55,1003.4,93,2,8,4,0,-1,0.0,57.84,-1,-1,-1,-1,-1,-1,,,*5c
4174,2019113,14.08.2019,165458,1300,6,262,-1,-1,-1,-1,03497.549,7014.236517 N,01827.034960 E,192.58,,,-1,8.0,8.3,14.3,53,1003.4,93,-1,-1,-1,-1,-1,0.2,58.23,-1,-1,-1,-1,-1,-1,,,*5c
4174,2019113,14.08.2019,172235,1301,6,262,-1,-1,-1,-1,03497.672,7014.280060 N,01826.758207 E,184.93,,,-1,8.1,8.3,13.4,56,1003.2,92,-1,-1,-1,-1,-1,0.3,57.82,-1,-1,-1,-1,-1,-1,-1,,*5c
4174,2019113,14.08.2019,175616,1600,6,204,-1,-1,-1,-1,03500.642,7013.825043 N,01829.187645 E,221.52,,,-1,7.9,8.5,,,1004.1,93,-1,-1,-1,-1,-1,3.2,197.87,1,3271,1623,2509,520,-1,-1,,*5c
4174,2019113,14.08.2019,181118,1601,6,204,-1,-1,-1,-1,03501.448,7013.121149 N,01827.970114 E,214.85,214.77,221.62,-1,8.0,8.6,13.6,62,1004.0,92,-1,-1,-1,-1,-1,3.1,199.37,1,3271,1623,2509,520,3.81,48.16,,*5c
4174,2019113,14.08.2019,183852,900,6,98,-1,-1,-1,-1,03503.674,7014.051493 N,01826.366800 E,200.34,,,-1,8.0,8.7,16.7,59,1002.5,92,-1,-1,-1,-1,-1,10.1,347.68,-1,-1,-1,-1,-1,-1,,,*5c
4174,2019113,14.08.2019,215540,1500,7,205,-1,-1,-1,-1,03535.733,7007.188186 N,01654.398079 E,0.00,,,-1,8.4,9.8,13.1,45,1003.5,90,-1,-1,-1,-1,-1,3.6,262.40,1,3513,1602,2510,120,-1,-1,,*5c
4174,2019113,14.08.2019,223647,1501,7,205,-1,-1,-1,-1,03537.895,7006.996487 N,01648.001163 E,0.00,0,9003,-1,8.4,9.6,13.2,52,1003.5,89,-1,-1,-1,-1,-1,2.8,262.75,1,3513,1602,2510,120,14.38,54.69,,*5c
4174,2019113,14.08.2019,232955,1100,7,263,-1,-1,-1,-1,03539.732,7006.390617 N,01646.081584 E,1528.60,,,-1,8.3,9.9,13.2,46,1003.3,89,2,8,4,0,-1,0.5,51.44,-1,-1,-1,-1,-1,-1,,,*5c
